{"D:\\ComplianceHub\\COMPLIANCE_HUB_V2\\app\\functions\\application\\analysis\\addComment.js": {"path":"D:\\ComplianceHub\\COMPLIANCE_HUB_V2\\app\\functions\\application\\analysis\\addComment.js","statementMap":{"0":{"start":{"line":5,"column":25},"end":{"line":5,"column":60}},"1":{"start":{"line":7,"column":11},"end":{"line":7,"column":25}},"2":{"start":{"line":38,"column":6},"end":{"line":38,"column":12}},"3":{"start":{"line":40,"column":2},"end":{"line":45,"column":3}},"4":{"start":{"line":41,"column":18},"end":{"line":41,"column":65}},"5":{"start":{"line":42,"column":4},"end":{"line":42,"column":36}},"6":{"start":{"line":43,"column":4},"end":{"line":43,"column":27}},"7":{"start":{"line":44,"column":4},"end":{"line":44,"column":16}},"8":{"start":{"line":47,"column":21},"end":{"line":47,"column":52}},"9":{"start":{"line":48,"column":14},"end":{"line":48,"column":24}},"10":{"start":{"line":50,"column":15},"end":{"line":64,"column":3}},"11":{"start":{"line":66,"column":2},"end":{"line":66,"column":29}},"12":{"start":{"line":69,"column":2},"end":{"line":74,"column":3}},"13":{"start":{"line":70,"column":4},"end":{"line":73,"column":7}},"14":{"start":{"line":76,"column":2},"end":{"line":76,"column":40}},"15":{"start":{"line":79,"column":0},"end":{"line":79,"column":29}}},"fnMap":{"0":{"name":"execute","decl":{"start":{"line":25,"column":15},"end":{"line":25,"column":22}},"loc":{"start":{"line":25,"column":31},"end":{"line":77,"column":1}},"line":25}},"branchMap":{"0":{"loc":{"start":{"line":33,"column":4},"end":{"line":33,"column":20}},"type":"default-arg","locations":[{"start":{"line":33,"column":11},"end":{"line":33,"column":20}}],"line":33},"1":{"loc":{"start":{"line":36,"column":4},"end":{"line":36,"column":22}},"type":"default-arg","locations":[{"start":{"line":36,"column":17},"end":{"line":36,"column":22}}],"line":36},"2":{"loc":{"start":{"line":37,"column":4},"end":{"line":37,"column":24}},"type":"default-arg","locations":[{"start":{"line":37,"column":19},"end":{"line":37,"column":24}}],"line":37},"3":{"loc":{"start":{"line":40,"column":2},"end":{"line":45,"column":3}},"type":"if","locations":[{"start":{"line":40,"column":2},"end":{"line":45,"column":3}},{"start":{},"end":{}}],"line":40},"4":{"loc":{"start":{"line":40,"column":6},"end":{"line":40,"column":39}},"type":"binary-expr","locations":[{"start":{"line":40,"column":6},"end":{"line":40,"column":11}},{"start":{"line":40,"column":15},"end":{"line":40,"column":39}}],"line":40},"5":{"loc":{"start":{"line":58,"column":20},"end":{"line":58,"column":42}},"type":"binary-expr","locations":[{"start":{"line":58,"column":20},"end":{"line":58,"column":34}},{"start":{"line":58,"column":38},"end":{"line":58,"column":42}}],"line":58},"6":{"loc":{"start":{"line":59,"column":16},"end":{"line":59,"column":34}},"type":"binary-expr","locations":[{"start":{"line":59,"column":16},"end":{"line":59,"column":26}},{"start":{"line":59,"column":30},"end":{"line":59,"column":34}}],"line":59},"7":{"loc":{"start":{"line":69,"column":2},"end":{"line":74,"column":3}},"type":"if","locations":[{"start":{"line":69,"column":2},"end":{"line":74,"column":3}},{"start":{},"end":{}}],"line":69}},"s":{"0":0,"1":0,"2":0,"3":0,"4":0,"5":0,"6":0,"7":0,"8":0,"9":0,"10":0,"11":0,"12":0,"13":0,"14":0,"15":0},"f":{"0":0},"b":{"0":[0],"1":[0],"2":[0],"3":[0,0],"4":[0,0],"5":[0,0],"6":[0,0],"7":[0,0]}}
,"D:\\ComplianceHub\\COMPLIANCE_HUB_V2\\app\\functions\\application\\dossier\\buildClientProjection.js": {"path":"D:\\ComplianceHub\\COMPLIANCE_HUB_V2\\app\\functions\\application\\dossier\\buildClientProjection.js","statementMap":{"0":{"start":{"line":6,"column":25},"end":{"line":6,"column":60}},"1":{"start":{"line":7,"column":24},"end":{"line":7,"column":62}},"2":{"start":{"line":8,"column":35},"end":{"line":8,"column":72}},"3":{"start":{"line":10,"column":11},"end":{"line":10,"column":25}},"4":{"start":{"line":18,"column":18},"end":{"line":18,"column":74}},"5":{"start":{"line":19,"column":2},"end":{"line":19,"column":35}},"6":{"start":{"line":19,"column":23},"end":{"line":19,"column":35}},"7":{"start":{"line":21,"column":19},"end":{"line":21,"column":33}},"8":{"start":{"line":22,"column":19},"end":{"line":22,"column":36}},"9":{"start":{"line":25,"column":64},"end":{"line":30,"column":4}},"10":{"start":{"line":32,"column":21},"end":{"line":32,"column":59}},"11":{"start":{"line":32,"column":50},"end":{"line":32,"column":58}},"12":{"start":{"line":33,"column":24},"end":{"line":33,"column":60}},"13":{"start":{"line":33,"column":51},"end":{"line":33,"column":59}},"14":{"start":{"line":34,"column":22},"end":{"line":34,"column":54}},"15":{"start":{"line":34,"column":45},"end":{"line":34,"column":53}},"16":{"start":{"line":35,"column":19},"end":{"line":35,"column":54}},"17":{"start":{"line":35,"column":45},"end":{"line":35,"column":53}},"18":{"start":{"line":38,"column":21},"end":{"line":44,"column":4}},"19":{"start":{"line":47,"column":26},"end":{"line":60,"column":3}},"20":{"start":{"line":63,"column":20},"end":{"line":63,"column":51}},"21":{"start":{"line":64,"column":20},"end":{"line":64,"column":45}},"22":{"start":{"line":66,"column":24},"end":{"line":117,"column":3}},"23":{"start":{"line":85,"column":52},"end":{"line":102,"column":5}},"24":{"start":{"line":93,"column":40},"end":{"line":101,"column":7}},"25":{"start":{"line":109,"column":38},"end":{"line":115,"column":7}},"26":{"start":{"line":120,"column":18},"end":{"line":120,"column":68}},"27":{"start":{"line":121,"column":2},"end":{"line":129,"column":5}},"28":{"start":{"line":131,"column":2},"end":{"line":131,"column":70}},"29":{"start":{"line":139,"column":2},"end":{"line":139,"column":30}},"30":{"start":{"line":139,"column":18},"end":{"line":139,"column":30}},"31":{"start":{"line":140,"column":15},"end":{"line":140,"column":74}},"32":{"start":{"line":141,"column":2},"end":{"line":141,"column":38}},"33":{"start":{"line":145,"column":14},"end":{"line":151,"column":3}},"34":{"start":{"line":152,"column":2},"end":{"line":152,"column":31}},"35":{"start":{"line":156,"column":20},"end":{"line":156,"column":22}},"36":{"start":{"line":157,"column":2},"end":{"line":161,"column":3}},"37":{"start":{"line":158,"column":4},"end":{"line":160,"column":5}},"38":{"start":{"line":159,"column":6},"end":{"line":159,"column":48}},"39":{"start":{"line":162,"column":2},"end":{"line":162,"column":19}},"40":{"start":{"line":166,"column":23},"end":{"line":166,"column":25}},"41":{"start":{"line":167,"column":25},"end":{"line":167,"column":27}},"42":{"start":{"line":168,"column":24},"end":{"line":168,"column":26}},"43":{"start":{"line":169,"column":21},"end":{"line":169,"column":23}},"44":{"start":{"line":170,"column":23},"end":{"line":170,"column":25}},"45":{"start":{"line":172,"column":2},"end":{"line":178,"column":3}},"46":{"start":{"line":173,"column":4},"end":{"line":173,"column":63}},"47":{"start":{"line":174,"column":4},"end":{"line":174,"column":65}},"48":{"start":{"line":175,"column":4},"end":{"line":175,"column":67}},"49":{"start":{"line":176,"column":4},"end":{"line":176,"column":65}},"50":{"start":{"line":177,"column":4},"end":{"line":177,"column":69}},"51":{"start":{"line":180,"column":2},"end":{"line":193,"column":4}},"52":{"start":{"line":182,"column":43},"end":{"line":182,"column":70}},"53":{"start":{"line":183,"column":41},"end":{"line":183,"column":66}},"54":{"start":{"line":184,"column":47},"end":{"line":184,"column":78}},"55":{"start":{"line":185,"column":45},"end":{"line":185,"column":55}},"56":{"start":{"line":188,"column":80},"end":{"line":188,"column":100}},"57":{"start":{"line":189,"column":78},"end":{"line":189,"column":98}},"58":{"start":{"line":190,"column":72},"end":{"line":190,"column":92}},"59":{"start":{"line":191,"column":76},"end":{"line":191,"column":96}},"60":{"start":{"line":196,"column":0},"end":{"line":196,"column":29}}},"fnMap":{"0":{"name":"execute","decl":{"start":{"line":17,"column":15},"end":{"line":17,"column":22}},"loc":{"start":{"line":17,"column":31},"end":{"line":132,"column":1}},"line":17},"1":{"name":"(anonymous_1)","decl":{"start":{"line":32,"column":45},"end":{"line":32,"column":46}},"loc":{"start":{"line":32,"column":50},"end":{"line":32,"column":58}},"line":32},"2":{"name":"(anonymous_2)","decl":{"start":{"line":33,"column":46},"end":{"line":33,"column":47}},"loc":{"start":{"line":33,"column":51},"end":{"line":33,"column":59}},"line":33},"3":{"name":"(anonymous_3)","decl":{"start":{"line":34,"column":40},"end":{"line":34,"column":41}},"loc":{"start":{"line":34,"column":45},"end":{"line":34,"column":53}},"line":34},"4":{"name":"(anonymous_4)","decl":{"start":{"line":35,"column":40},"end":{"line":35,"column":41}},"loc":{"start":{"line":35,"column":45},"end":{"line":35,"column":53}},"line":35},"5":{"name":"(anonymous_5)","decl":{"start":{"line":85,"column":43},"end":{"line":85,"column":44}},"loc":{"start":{"line":85,"column":52},"end":{"line":102,"column":5}},"line":85},"6":{"name":"(anonymous_6)","decl":{"start":{"line":93,"column":34},"end":{"line":93,"column":35}},"loc":{"start":{"line":93,"column":40},"end":{"line":101,"column":7}},"line":93},"7":{"name":"(anonymous_7)","decl":{"start":{"line":109,"column":32},"end":{"line":109,"column":33}},"loc":{"start":{"line":109,"column":38},"end":{"line":115,"column":7}},"line":109},"8":{"name":"formatDate","decl":{"start":{"line":138,"column":9},"end":{"line":138,"column":19}},"loc":{"start":{"line":138,"column":31},"end":{"line":142,"column":1}},"line":138},"9":{"name":"mapStatusToLabel","decl":{"start":{"line":144,"column":9},"end":{"line":144,"column":25}},"loc":{"start":{"line":144,"column":34},"end":{"line":153,"column":1}},"line":144},"10":{"name":"extractProcesses","decl":{"start":{"line":155,"column":9},"end":{"line":155,"column":25}},"loc":{"start":{"line":155,"column":41},"end":{"line":163,"column":1}},"line":155},"11":{"name":"buildAnalytics","decl":{"start":{"line":165,"column":9},"end":{"line":165,"column":23}},"loc":{"start":{"line":165,"column":35},"end":{"line":194,"column":1}},"line":165},"12":{"name":"(anonymous_12)","decl":{"start":{"line":182,"column":38},"end":{"line":182,"column":39}},"loc":{"start":{"line":182,"column":43},"end":{"line":182,"column":70}},"line":182},"13":{"name":"(anonymous_13)","decl":{"start":{"line":183,"column":36},"end":{"line":183,"column":37}},"loc":{"start":{"line":183,"column":41},"end":{"line":183,"column":66}},"line":183},"14":{"name":"(anonymous_14)","decl":{"start":{"line":184,"column":42},"end":{"line":184,"column":43}},"loc":{"start":{"line":184,"column":47},"end":{"line":184,"column":78}},"line":184},"15":{"name":"(anonymous_15)","decl":{"start":{"line":185,"column":40},"end":{"line":185,"column":41}},"loc":{"start":{"line":185,"column":45},"end":{"line":185,"column":55}},"line":185},"16":{"name":"(anonymous_16)","decl":{"start":{"line":188,"column":55},"end":{"line":188,"column":56}},"loc":{"start":{"line":188,"column":80},"end":{"line":188,"column":100}},"line":188},"17":{"name":"(anonymous_17)","decl":{"start":{"line":189,"column":53},"end":{"line":189,"column":54}},"loc":{"start":{"line":189,"column":78},"end":{"line":189,"column":98}},"line":189},"18":{"name":"(anonymous_18)","decl":{"start":{"line":190,"column":47},"end":{"line":190,"column":48}},"loc":{"start":{"line":190,"column":72},"end":{"line":190,"column":92}},"line":190},"19":{"name":"(anonymous_19)","decl":{"start":{"line":191,"column":51},"end":{"line":191,"column":52}},"loc":{"start":{"line":191,"column":76},"end":{"line":191,"column":96}},"line":191}},"branchMap":{"0":{"loc":{"start":{"line":19,"column":2},"end":{"line":19,"column":35}},"type":"if","locations":[{"start":{"line":19,"column":2},"end":{"line":19,"column":35}},{"start":{},"end":{}}],"line":19},"1":{"loc":{"start":{"line":51,"column":9},"end":{"line":51,"column":29}},"type":"binary-expr","locations":[{"start":{"line":51,"column":9},"end":{"line":51,"column":21}},{"start":{"line":51,"column":25},"end":{"line":51,"column":29}}],"line":51},"2":{"loc":{"start":{"line":52,"column":14},"end":{"line":52,"column":57}},"type":"binary-expr","locations":[{"start":{"line":52,"column":14},"end":{"line":52,"column":27}},{"start":{"line":52,"column":31},"end":{"line":52,"column":57}}],"line":52},"3":{"loc":{"start":{"line":53,"column":15},"end":{"line":53,"column":37}},"type":"binary-expr","locations":[{"start":{"line":53,"column":15},"end":{"line":53,"column":32}},{"start":{"line":53,"column":36},"end":{"line":53,"column":37}}],"line":53},"4":{"loc":{"start":{"line":55,"column":15},"end":{"line":55,"column":49}},"type":"binary-expr","locations":[{"start":{"line":55,"column":15},"end":{"line":55,"column":40}},{"start":{"line":55,"column":44},"end":{"line":55,"column":49}}],"line":55},"5":{"loc":{"start":{"line":56,"column":14},"end":{"line":56,"column":47}},"type":"binary-expr","locations":[{"start":{"line":56,"column":14},"end":{"line":56,"column":38}},{"start":{"line":56,"column":42},"end":{"line":56,"column":47}}],"line":56},"6":{"loc":{"start":{"line":57,"column":11},"end":{"line":57,"column":42}},"type":"binary-expr","locations":[{"start":{"line":57,"column":11},"end":{"line":57,"column":34}},{"start":{"line":57,"column":38},"end":{"line":57,"column":42}}],"line":57},"7":{"loc":{"start":{"line":78,"column":29},"end":{"line":78,"column":72}},"type":"binary-expr","locations":[{"start":{"line":78,"column":29},"end":{"line":78,"column":67}},{"start":{"line":78,"column":71},"end":{"line":78,"column":72}}],"line":78},"8":{"loc":{"start":{"line":79,"column":30},"end":{"line":79,"column":67}},"type":"binary-expr","locations":[{"start":{"line":79,"column":30},"end":{"line":79,"column":62}},{"start":{"line":79,"column":66},"end":{"line":79,"column":67}}],"line":79},"9":{"loc":{"start":{"line":79,"column":72},"end":{"line":79,"column":115}},"type":"binary-expr","locations":[{"start":{"line":79,"column":72},"end":{"line":79,"column":110}},{"start":{"line":79,"column":114},"end":{"line":79,"column":115}}],"line":79},"10":{"loc":{"start":{"line":105,"column":11},"end":{"line":105,"column":33}},"type":"binary-expr","locations":[{"start":{"line":105,"column":11},"end":{"line":105,"column":25}},{"start":{"line":105,"column":29},"end":{"line":105,"column":33}}],"line":105},"11":{"loc":{"start":{"line":107,"column":18},"end":{"line":107,"column":55}},"type":"binary-expr","locations":[{"start":{"line":107,"column":18},"end":{"line":107,"column":47}},{"start":{"line":107,"column":51},"end":{"line":107,"column":55}}],"line":107},"12":{"loc":{"start":{"line":108,"column":24},"end":{"line":108,"column":63}},"type":"binary-expr","locations":[{"start":{"line":108,"column":24},"end":{"line":108,"column":49}},{"start":{"line":108,"column":53},"end":{"line":108,"column":63}}],"line":108},"13":{"loc":{"start":{"line":110,"column":12},"end":{"line":110,"column":22}},"type":"binary-expr","locations":[{"start":{"line":110,"column":12},"end":{"line":110,"column":16}},{"start":{"line":110,"column":20},"end":{"line":110,"column":22}}],"line":110},"14":{"loc":{"start":{"line":139,"column":2},"end":{"line":139,"column":30}},"type":"if","locations":[{"start":{"line":139,"column":2},"end":{"line":139,"column":30}},{"start":{},"end":{}}],"line":139},"15":{"loc":{"start":{"line":140,"column":15},"end":{"line":140,"column":74}},"type":"cond-expr","locations":[{"start":{"line":140,"column":34},"end":{"line":140,"column":52}},{"start":{"line":140,"column":55},"end":{"line":140,"column":74}}],"line":140},"16":{"loc":{"start":{"line":152,"column":9},"end":{"line":152,"column":30}},"type":"binary-expr","locations":[{"start":{"line":152,"column":9},"end":{"line":152,"column":20}},{"start":{"line":152,"column":24},"end":{"line":152,"column":30}}],"line":152},"17":{"loc":{"start":{"line":158,"column":4},"end":{"line":160,"column":5}},"type":"if","locations":[{"start":{"line":158,"column":4},"end":{"line":160,"column":5}},{"start":{},"end":{}}],"line":158},"18":{"loc":{"start":{"line":158,"column":8},"end":{"line":158,"column":71}},"type":"binary-expr","locations":[{"start":{"line":158,"column":8},"end":{"line":158,"column":44}},{"start":{"line":158,"column":48},"end":{"line":158,"column":71}}],"line":158},"19":{"loc":{"start":{"line":173,"column":30},"end":{"line":173,"column":57}},"type":"binary-expr","locations":[{"start":{"line":173,"column":30},"end":{"line":173,"column":52}},{"start":{"line":173,"column":56},"end":{"line":173,"column":57}}],"line":173},"20":{"loc":{"start":{"line":174,"column":31},"end":{"line":174,"column":59}},"type":"binary-expr","locations":[{"start":{"line":174,"column":31},"end":{"line":174,"column":54}},{"start":{"line":174,"column":58},"end":{"line":174,"column":59}}],"line":174},"21":{"loc":{"start":{"line":175,"column":32},"end":{"line":175,"column":61}},"type":"binary-expr","locations":[{"start":{"line":175,"column":32},"end":{"line":175,"column":56}},{"start":{"line":175,"column":60},"end":{"line":175,"column":61}}],"line":175},"22":{"loc":{"start":{"line":176,"column":31},"end":{"line":176,"column":59}},"type":"binary-expr","locations":[{"start":{"line":176,"column":31},"end":{"line":176,"column":54}},{"start":{"line":176,"column":58},"end":{"line":176,"column":59}}],"line":176},"23":{"loc":{"start":{"line":177,"column":33},"end":{"line":177,"column":63}},"type":"binary-expr","locations":[{"start":{"line":177,"column":33},"end":{"line":177,"column":58}},{"start":{"line":177,"column":62},"end":{"line":177,"column":63}}],"line":177}},"s":{"0":0,"1":0,"2":0,"3":0,"4":0,"5":0,"6":0,"7":0,"8":0,"9":0,"10":0,"11":0,"12":0,"13":0,"14":0,"15":0,"16":0,"17":0,"18":0,"19":0,"20":0,"21":0,"22":0,"23":0,"24":0,"25":0,"26":0,"27":0,"28":0,"29":0,"30":0,"31":0,"32":0,"33":0,"34":0,"35":0,"36":0,"37":0,"38":0,"39":0,"40":0,"41":0,"42":0,"43":0,"44":0,"45":0,"46":0,"47":0,"48":0,"49":0,"50":0,"51":0,"52":0,"53":0,"54":0,"55":0,"56":0,"57":0,"58":0,"59":0,"60":0},"f":{"0":0,"1":0,"2":0,"3":0,"4":0,"5":0,"6":0,"7":0,"8":0,"9":0,"10":0,"11":0,"12":0,"13":0,"14":0,"15":0,"16":0,"17":0,"18":0,"19":0},"b":{"0":[0,0],"1":[0,0],"2":[0,0],"3":[0,0],"4":[0,0],"5":[0,0],"6":[0,0],"7":[0,0],"8":[0,0],"9":[0,0],"10":[0,0],"11":[0,0],"12":[0,0],"13":[0,0],"14":[0,0],"15":[0,0],"16":[0,0],"17":[0,0],"18":[0,0],"19":[0,0],"20":[0,0],"21":[0,0],"22":[0,0],"23":[0,0]}}
,"D:\\ComplianceHub\\COMPLIANCE_HUB_V2\\app\\functions\\application\\dossier\\createDossier.js": {"path":"D:\\ComplianceHub\\COMPLIANCE_HUB_V2\\app\\functions\\application\\dossier\\createDossier.js","statementMap":{"0":{"start":{"line":7,"column":25},"end":{"line":7,"column":60}},"1":{"start":{"line":8,"column":24},"end":{"line":8,"column":62}},"2":{"start":{"line":9,"column":57},"end":{"line":9,"column":94}},"3":{"start":{"line":10,"column":45},"end":{"line":10,"column":77}},"4":{"start":{"line":11,"column":20},"end":{"line":11,"column":49}},"5":{"start":{"line":12,"column":77},"end":{"line":12,"column":122}},"6":{"start":{"line":14,"column":11},"end":{"line":14,"column":25}},"7":{"start":{"line":43,"column":6},"end":{"line":43,"column":12}},"8":{"start":{"line":46,"column":24},"end":{"line":46,"column":50}},"9":{"start":{"line":47,"column":2},"end":{"line":52,"column":3}},"10":{"start":{"line":48,"column":18},"end":{"line":48,"column":52}},"11":{"start":{"line":49,"column":4},"end":{"line":49,"column":36}},"12":{"start":{"line":50,"column":4},"end":{"line":50,"column":27}},"13":{"start":{"line":51,"column":4},"end":{"line":51,"column":16}},"14":{"start":{"line":55,"column":21},"end":{"line":55,"column":93}},"15":{"start":{"line":56,"column":23},"end":{"line":56,"column":92}},"16":{"start":{"line":58,"column":2},"end":{"line":63,"column":3}},"17":{"start":{"line":59,"column":18},"end":{"line":59,"column":83}},"18":{"start":{"line":60,"column":4},"end":{"line":60,"column":32}},"19":{"start":{"line":61,"column":4},"end":{"line":61,"column":27}},"20":{"start":{"line":62,"column":4},"end":{"line":62,"column":16}},"21":{"start":{"line":66,"column":2},"end":{"line":79,"column":3}},"22":{"start":{"line":67,"column":25},"end":{"line":67,"column":35}},"23":{"start":{"line":68,"column":4},"end":{"line":68,"column":28}},"24":{"start":{"line":68,"column":29},"end":{"line":68,"column":63}},"25":{"start":{"line":69,"column":25},"end":{"line":72,"column":20}},"26":{"start":{"line":73,"column":4},"end":{"line":78,"column":5}},"27":{"start":{"line":74,"column":20},"end":{"line":74,"column":67}},"28":{"start":{"line":75,"column":6},"end":{"line":75,"column":36}},"29":{"start":{"line":76,"column":6},"end":{"line":76,"column":29}},"30":{"start":{"line":77,"column":6},"end":{"line":77,"column":18}},"31":{"start":{"line":82,"column":26},"end":{"line":82,"column":60}},"32":{"start":{"line":83,"column":2},"end":{"line":88,"column":3}},"33":{"start":{"line":84,"column":18},"end":{"line":84,"column":80}},"34":{"start":{"line":85,"column":4},"end":{"line":85,"column":39}},"35":{"start":{"line":86,"column":4},"end":{"line":86,"column":27}},"36":{"start":{"line":87,"column":4},"end":{"line":87,"column":16}},"37":{"start":{"line":90,"column":23},"end":{"line":90,"column":61}},"38":{"start":{"line":91,"column":19},"end":{"line":91,"column":46}},"39":{"start":{"line":92,"column":23},"end":{"line":92,"column":47}},"40":{"start":{"line":95,"column":17},"end":{"line":101,"column":4}},"41":{"start":{"line":104,"column":25},"end":{"line":104,"column":58}},"42":{"start":{"line":105,"column":2},"end":{"line":108,"column":3}},"43":{"start":{"line":106,"column":4},"end":{"line":106,"column":106}},"44":{"start":{"line":106,"column":77},"end":{"line":106,"column":104}},"45":{"start":{"line":107,"column":4},"end":{"line":107,"column":110}},"46":{"start":{"line":107,"column":81},"end":{"line":107,"column":108}},"47":{"start":{"line":110,"column":2},"end":{"line":115,"column":3}},"48":{"start":{"line":111,"column":18},"end":{"line":111,"column":63}},"49":{"start":{"line":112,"column":4},"end":{"line":112,"column":36}},"50":{"start":{"line":113,"column":4},"end":{"line":113,"column":27}},"51":{"start":{"line":114,"column":4},"end":{"line":114,"column":16}},"52":{"start":{"line":118,"column":24},"end":{"line":118,"column":61}},"53":{"start":{"line":121,"column":21},"end":{"line":121,"column":86}},"54":{"start":{"line":124,"column":18},"end":{"line":124,"column":56}},"55":{"start":{"line":125,"column":14},"end":{"line":125,"column":24}},"56":{"start":{"line":127,"column":19},"end":{"line":171,"column":3}},"57":{"start":{"line":173,"column":2},"end":{"line":173,"column":30}},"58":{"start":{"line":176,"column":21},"end":{"line":176,"column":73}},"59":{"start":{"line":177,"column":2},"end":{"line":177,"column":52}},"60":{"start":{"line":177,"column":46},"end":{"line":177,"column":50}},"61":{"start":{"line":178,"column":2},"end":{"line":178,"column":59}},"62":{"start":{"line":179,"column":2},"end":{"line":179,"column":54}},"63":{"start":{"line":181,"column":2},"end":{"line":184,"column":5}},"64":{"start":{"line":186,"column":2},"end":{"line":193,"column":4}},"65":{"start":{"line":201,"column":21},"end":{"line":201,"column":73}},"66":{"start":{"line":203,"column":2},"end":{"line":213,"column":5}},"67":{"start":{"line":204,"column":23},"end":{"line":204,"column":56}},"68":{"start":{"line":205,"column":21},"end":{"line":205,"column":22}},"69":{"start":{"line":207,"column":4},"end":{"line":209,"column":5}},"70":{"start":{"line":208,"column":6},"end":{"line":208,"column":54}},"71":{"start":{"line":211,"column":4},"end":{"line":211,"column":78}},"72":{"start":{"line":212,"column":4},"end":{"line":212,"column":82}},"73":{"start":{"line":217,"column":22},"end":{"line":217,"column":57}},"74":{"start":{"line":218,"column":19},"end":{"line":222,"column":10}},"75":{"start":{"line":224,"column":2},"end":{"line":226,"column":3}},"76":{"start":{"line":225,"column":4},"end":{"line":225,"column":32}},"77":{"start":{"line":228,"column":21},"end":{"line":228,"column":38}},"78":{"start":{"line":229,"column":2},"end":{"line":243,"column":5}},"79":{"start":{"line":245,"column":2},"end":{"line":245,"column":20}},"80":{"start":{"line":249,"column":15},"end":{"line":249,"column":17}},"81":{"start":{"line":250,"column":19},"end":{"line":250,"column":63}},"82":{"start":{"line":252,"column":2},"end":{"line":273,"column":3}},"83":{"start":{"line":253,"column":4},"end":{"line":272,"column":5}},"84":{"start":{"line":254,"column":21},"end":{"line":254,"column":65}},"85":{"start":{"line":255,"column":22},"end":{"line":269,"column":7}},"86":{"start":{"line":270,"column":6},"end":{"line":270,"column":32}},"87":{"start":{"line":271,"column":6},"end":{"line":271,"column":47}},"88":{"start":{"line":275,"column":2},"end":{"line":275,"column":14}},"89":{"start":{"line":278,"column":0},"end":{"line":278,"column":29}}},"fnMap":{"0":{"name":"execute","decl":{"start":{"line":31,"column":15},"end":{"line":31,"column":22}},"loc":{"start":{"line":31,"column":31},"end":{"line":194,"column":1}},"line":31},"1":{"name":"(anonymous_1)","decl":{"start":{"line":106,"column":69},"end":{"line":106,"column":70}},"loc":{"start":{"line":106,"column":77},"end":{"line":106,"column":104}},"line":106},"2":{"name":"(anonymous_2)","decl":{"start":{"line":107,"column":73},"end":{"line":107,"column":74}},"loc":{"start":{"line":107,"column":81},"end":{"line":107,"column":108}},"line":107},"3":{"name":"(anonymous_3)","decl":{"start":{"line":177,"column":41},"end":{"line":177,"column":42}},"loc":{"start":{"line":177,"column":46},"end":{"line":177,"column":50}},"line":177},"4":{"name":"generateDossierNumber","decl":{"start":{"line":200,"column":15},"end":{"line":200,"column":36}},"loc":{"start":{"line":200,"column":47},"end":{"line":214,"column":1}},"line":200},"5":{"name":"(anonymous_5)","decl":{"start":{"line":203,"column":27},"end":{"line":203,"column":28}},"loc":{"start":{"line":203,"column":50},"end":{"line":213,"column":3}},"line":203},"6":{"name":"findOrCreateSubject","decl":{"start":{"line":216,"column":15},"end":{"line":216,"column":34}},"loc":{"start":{"line":216,"column":67},"end":{"line":246,"column":1}},"line":216},"7":{"name":"createModuleRuns","decl":{"start":{"line":248,"column":15},"end":{"line":248,"column":31}},"loc":{"start":{"line":248,"column":58},"end":{"line":276,"column":1}},"line":248}},"branchMap":{"0":{"loc":{"start":{"line":39,"column":4},"end":{"line":39,"column":28}},"type":"default-arg","locations":[{"start":{"line":39,"column":16},"end":{"line":39,"column":28}}],"line":39},"1":{"loc":{"start":{"line":41,"column":4},"end":{"line":41,"column":22}},"type":"default-arg","locations":[{"start":{"line":41,"column":18},"end":{"line":41,"column":22}}],"line":41},"2":{"loc":{"start":{"line":42,"column":4},"end":{"line":42,"column":19}},"type":"default-arg","locations":[{"start":{"line":42,"column":17},"end":{"line":42,"column":19}}],"line":42},"3":{"loc":{"start":{"line":47,"column":2},"end":{"line":52,"column":3}},"type":"if","locations":[{"start":{"line":47,"column":2},"end":{"line":52,"column":3}},{"start":{},"end":{}}],"line":47},"4":{"loc":{"start":{"line":56,"column":49},"end":{"line":56,"column":91}},"type":"cond-expr","locations":[{"start":{"line":56,"column":69},"end":{"line":56,"column":86}},{"start":{"line":56,"column":89},"end":{"line":56,"column":91}}],"line":56},"5":{"loc":{"start":{"line":58,"column":2},"end":{"line":63,"column":3}},"type":"if","locations":[{"start":{"line":58,"column":2},"end":{"line":63,"column":3}},{"start":{},"end":{}}],"line":58},"6":{"loc":{"start":{"line":66,"column":2},"end":{"line":79,"column":3}},"type":"if","locations":[{"start":{"line":66,"column":2},"end":{"line":79,"column":3}},{"start":{},"end":{}}],"line":66},"7":{"loc":{"start":{"line":73,"column":4},"end":{"line":78,"column":5}},"type":"if","locations":[{"start":{"line":73,"column":4},"end":{"line":78,"column":5}},{"start":{},"end":{}}],"line":73},"8":{"loc":{"start":{"line":82,"column":26},"end":{"line":82,"column":60}},"type":"binary-expr","locations":[{"start":{"line":82,"column":26},"end":{"line":82,"column":54}},{"start":{"line":82,"column":58},"end":{"line":82,"column":60}}],"line":82},"9":{"loc":{"start":{"line":83,"column":2},"end":{"line":88,"column":3}},"type":"if","locations":[{"start":{"line":83,"column":2},"end":{"line":88,"column":3}},{"start":{},"end":{}}],"line":83},"10":{"loc":{"start":{"line":83,"column":6},"end":{"line":83,"column":72}},"type":"binary-expr","locations":[{"start":{"line":83,"column":6},"end":{"line":83,"column":32}},{"start":{"line":83,"column":36},"end":{"line":83,"column":72}}],"line":83},"11":{"loc":{"start":{"line":90,"column":23},"end":{"line":90,"column":61}},"type":"binary-expr","locations":[{"start":{"line":90,"column":23},"end":{"line":90,"column":39}},{"start":{"line":90,"column":43},"end":{"line":90,"column":61}}],"line":90},"12":{"loc":{"start":{"line":104,"column":25},"end":{"line":104,"column":58}},"type":"binary-expr","locations":[{"start":{"line":104,"column":25},"end":{"line":104,"column":52}},{"start":{"line":104,"column":56},"end":{"line":104,"column":58}}],"line":104},"13":{"loc":{"start":{"line":105,"column":2},"end":{"line":108,"column":3}},"type":"if","locations":[{"start":{"line":105,"column":2},"end":{"line":108,"column":3}},{"start":{},"end":{}}],"line":105},"14":{"loc":{"start":{"line":110,"column":2},"end":{"line":115,"column":3}},"type":"if","locations":[{"start":{"line":110,"column":2},"end":{"line":115,"column":3}},{"start":{},"end":{}}],"line":110},"15":{"loc":{"start":{"line":133,"column":10},"end":{"line":133,"column":20}},"type":"binary-expr","locations":[{"start":{"line":133,"column":10},"end":{"line":133,"column":14}},{"start":{"line":133,"column":18},"end":{"line":133,"column":20}}],"line":133},"16":{"loc":{"start":{"line":134,"column":15},"end":{"line":134,"column":51}},"type":"binary-expr","locations":[{"start":{"line":134,"column":15},"end":{"line":134,"column":38}},{"start":{"line":134,"column":42},"end":{"line":134,"column":51}}],"line":134},"17":{"loc":{"start":{"line":139,"column":9},"end":{"line":139,"column":27}},"type":"binary-expr","locations":[{"start":{"line":139,"column":9},"end":{"line":139,"column":19}},{"start":{"line":139,"column":23},"end":{"line":139,"column":27}}],"line":139},"18":{"loc":{"start":{"line":141,"column":12},"end":{"line":141,"column":50}},"type":"cond-expr","locations":[{"start":{"line":141,"column":26},"end":{"line":141,"column":37}},{"start":{"line":141,"column":40},"end":{"line":141,"column":50}}],"line":141},"19":{"loc":{"start":{"line":152,"column":15},"end":{"line":152,"column":39}},"type":"cond-expr","locations":[{"start":{"line":152,"column":29},"end":{"line":152,"column":32}},{"start":{"line":152,"column":35},"end":{"line":152,"column":39}}],"line":152},"20":{"loc":{"start":{"line":162,"column":19},"end":{"line":162,"column":37}},"type":"binary-expr","locations":[{"start":{"line":162,"column":19},"end":{"line":162,"column":31}},{"start":{"line":162,"column":35},"end":{"line":162,"column":37}}],"line":162},"21":{"loc":{"start":{"line":207,"column":4},"end":{"line":209,"column":5}},"type":"if","locations":[{"start":{"line":207,"column":4},"end":{"line":209,"column":5}},{"start":{},"end":{}}],"line":207},"22":{"loc":{"start":{"line":208,"column":20},"end":{"line":208,"column":48}},"type":"binary-expr","locations":[{"start":{"line":208,"column":20},"end":{"line":208,"column":43}},{"start":{"line":208,"column":47},"end":{"line":208,"column":48}}],"line":208},"23":{"loc":{"start":{"line":224,"column":2},"end":{"line":226,"column":3}},"type":"if","locations":[{"start":{"line":224,"column":2},"end":{"line":226,"column":3}},{"start":{},"end":{}}],"line":224},"24":{"loc":{"start":{"line":234,"column":10},"end":{"line":234,"column":20}},"type":"binary-expr","locations":[{"start":{"line":234,"column":10},"end":{"line":234,"column":14}},{"start":{"line":234,"column":18},"end":{"line":234,"column":20}}],"line":234},"25":{"loc":{"start":{"line":253,"column":29},"end":{"line":253,"column":53}},"type":"binary-expr","locations":[{"start":{"line":253,"column":29},"end":{"line":253,"column":47}},{"start":{"line":253,"column":51},"end":{"line":253,"column":53}}],"line":253}},"s":{"0":0,"1":0,"2":0,"3":0,"4":0,"5":0,"6":0,"7":0,"8":0,"9":0,"10":0,"11":0,"12":0,"13":0,"14":0,"15":0,"16":0,"17":0,"18":0,"19":0,"20":0,"21":0,"22":0,"23":0,"24":0,"25":0,"26":0,"27":0,"28":0,"29":0,"30":0,"31":0,"32":0,"33":0,"34":0,"35":0,"36":0,"37":0,"38":0,"39":0,"40":0,"41":0,"42":0,"43":0,"44":0,"45":0,"46":0,"47":0,"48":0,"49":0,"50":0,"51":0,"52":0,"53":0,"54":0,"55":0,"56":0,"57":0,"58":0,"59":0,"60":0,"61":0,"62":0,"63":0,"64":0,"65":0,"66":0,"67":0,"68":0,"69":0,"70":0,"71":0,"72":0,"73":0,"74":0,"75":0,"76":0,"77":0,"78":0,"79":0,"80":0,"81":0,"82":0,"83":0,"84":0,"85":0,"86":0,"87":0,"88":0,"89":0},"f":{"0":0,"1":0,"2":0,"3":0,"4":0,"5":0,"6":0,"7":0},"b":{"0":[0],"1":[0],"2":[0],"3":[0,0],"4":[0,0],"5":[0,0],"6":[0,0],"7":[0,0],"8":[0,0],"9":[0,0],"10":[0,0],"11":[0,0],"12":[0,0],"13":[0,0],"14":[0,0],"15":[0,0],"16":[0,0],"17":[0,0],"18":[0,0],"19":[0,0],"20":[0,0],"21":[0,0],"22":[0,0],"23":[0,0],"24":[0,0],"25":[0,0]}}
,"D:\\ComplianceHub\\COMPLIANCE_HUB_V2\\app\\functions\\application\\dossier\\getDossierDetail.js": {"path":"D:\\ComplianceHub\\COMPLIANCE_HUB_V2\\app\\functions\\application\\dossier\\getDossierDetail.js","statementMap":{"0":{"start":{"line":6,"column":25},"end":{"line":6,"column":60}},"1":{"start":{"line":7,"column":24},"end":{"line":7,"column":62}},"2":{"start":{"line":8,"column":35},"end":{"line":8,"column":72}},"3":{"start":{"line":10,"column":11},"end":{"line":10,"column":25}},"4":{"start":{"line":21,"column":51},"end":{"line":21,"column":57}},"5":{"start":{"line":23,"column":18},"end":{"line":23,"column":74}},"6":{"start":{"line":24,"column":2},"end":{"line":29,"column":3}},"7":{"start":{"line":25,"column":18},"end":{"line":25,"column":53}},"8":{"start":{"line":26,"column":4},"end":{"line":26,"column":37}},"9":{"start":{"line":27,"column":4},"end":{"line":27,"column":27}},"10":{"start":{"line":28,"column":4},"end":{"line":28,"column":16}},"11":{"start":{"line":31,"column":19},"end":{"line":31,"column":33}},"12":{"start":{"line":34,"column":77},"end":{"line":40,"column":4}},"13":{"start":{"line":42,"column":18},"end":{"line":42,"column":64}},"14":{"start":{"line":43,"column":21},"end":{"line":43,"column":59}},"15":{"start":{"line":43,"column":50},"end":{"line":43,"column":58}},"16":{"start":{"line":44,"column":24},"end":{"line":44,"column":60}},"17":{"start":{"line":44,"column":51},"end":{"line":44,"column":59}},"18":{"start":{"line":45,"column":22},"end":{"line":45,"column":54}},"19":{"start":{"line":45,"column":45},"end":{"line":45,"column":53}},"20":{"start":{"line":46,"column":19},"end":{"line":46,"column":54}},"21":{"start":{"line":46,"column":45},"end":{"line":46,"column":53}},"22":{"start":{"line":49,"column":21},"end":{"line":55,"column":4}},"23":{"start":{"line":58,"column":20},"end":{"line":58,"column":79}},"24":{"start":{"line":60,"column":2},"end":{"line":113,"column":4}},"25":{"start":{"line":81,"column":52},"end":{"line":98,"column":5}},"26":{"start":{"line":89,"column":40},"end":{"line":97,"column":7}},"27":{"start":{"line":105,"column":38},"end":{"line":111,"column":7}},"28":{"start":{"line":121,"column":2},"end":{"line":121,"column":30}},"29":{"start":{"line":121,"column":18},"end":{"line":121,"column":30}},"30":{"start":{"line":122,"column":15},"end":{"line":122,"column":74}},"31":{"start":{"line":123,"column":2},"end":{"line":123,"column":38}},"32":{"start":{"line":127,"column":20},"end":{"line":127,"column":51}},"33":{"start":{"line":129,"column":23},"end":{"line":129,"column":25}},"34":{"start":{"line":130,"column":25},"end":{"line":130,"column":27}},"35":{"start":{"line":131,"column":24},"end":{"line":131,"column":26}},"36":{"start":{"line":132,"column":21},"end":{"line":132,"column":23}},"37":{"start":{"line":133,"column":23},"end":{"line":133,"column":25}},"38":{"start":{"line":135,"column":2},"end":{"line":141,"column":3}},"39":{"start":{"line":136,"column":4},"end":{"line":136,"column":63}},"40":{"start":{"line":137,"column":4},"end":{"line":137,"column":65}},"41":{"start":{"line":138,"column":4},"end":{"line":138,"column":67}},"42":{"start":{"line":139,"column":4},"end":{"line":139,"column":65}},"43":{"start":{"line":140,"column":4},"end":{"line":140,"column":69}},"44":{"start":{"line":143,"column":2},"end":{"line":156,"column":4}},"45":{"start":{"line":145,"column":43},"end":{"line":145,"column":70}},"46":{"start":{"line":146,"column":41},"end":{"line":146,"column":66}},"47":{"start":{"line":147,"column":47},"end":{"line":147,"column":78}},"48":{"start":{"line":148,"column":45},"end":{"line":148,"column":55}},"49":{"start":{"line":151,"column":80},"end":{"line":151,"column":100}},"50":{"start":{"line":152,"column":78},"end":{"line":152,"column":98}},"51":{"start":{"line":153,"column":72},"end":{"line":153,"column":92}},"52":{"start":{"line":154,"column":76},"end":{"line":154,"column":96}},"53":{"start":{"line":160,"column":20},"end":{"line":160,"column":22}},"54":{"start":{"line":161,"column":2},"end":{"line":165,"column":3}},"55":{"start":{"line":162,"column":4},"end":{"line":164,"column":5}},"56":{"start":{"line":163,"column":6},"end":{"line":163,"column":48}},"57":{"start":{"line":166,"column":2},"end":{"line":166,"column":19}},"58":{"start":{"line":169,"column":0},"end":{"line":169,"column":29}}},"fnMap":{"0":{"name":"execute","decl":{"start":{"line":20,"column":15},"end":{"line":20,"column":22}},"loc":{"start":{"line":20,"column":31},"end":{"line":114,"column":1}},"line":20},"1":{"name":"(anonymous_1)","decl":{"start":{"line":43,"column":45},"end":{"line":43,"column":46}},"loc":{"start":{"line":43,"column":50},"end":{"line":43,"column":58}},"line":43},"2":{"name":"(anonymous_2)","decl":{"start":{"line":44,"column":46},"end":{"line":44,"column":47}},"loc":{"start":{"line":44,"column":51},"end":{"line":44,"column":59}},"line":44},"3":{"name":"(anonymous_3)","decl":{"start":{"line":45,"column":40},"end":{"line":45,"column":41}},"loc":{"start":{"line":45,"column":45},"end":{"line":45,"column":53}},"line":45},"4":{"name":"(anonymous_4)","decl":{"start":{"line":46,"column":40},"end":{"line":46,"column":41}},"loc":{"start":{"line":46,"column":45},"end":{"line":46,"column":53}},"line":46},"5":{"name":"(anonymous_5)","decl":{"start":{"line":81,"column":43},"end":{"line":81,"column":44}},"loc":{"start":{"line":81,"column":52},"end":{"line":98,"column":5}},"line":81},"6":{"name":"(anonymous_6)","decl":{"start":{"line":89,"column":34},"end":{"line":89,"column":35}},"loc":{"start":{"line":89,"column":40},"end":{"line":97,"column":7}},"line":89},"7":{"name":"(anonymous_7)","decl":{"start":{"line":105,"column":32},"end":{"line":105,"column":33}},"loc":{"start":{"line":105,"column":38},"end":{"line":111,"column":7}},"line":105},"8":{"name":"formatDate","decl":{"start":{"line":120,"column":9},"end":{"line":120,"column":19}},"loc":{"start":{"line":120,"column":31},"end":{"line":124,"column":1}},"line":120},"9":{"name":"buildAnalytics","decl":{"start":{"line":126,"column":9},"end":{"line":126,"column":23}},"loc":{"start":{"line":126,"column":39},"end":{"line":157,"column":1}},"line":126},"10":{"name":"(anonymous_10)","decl":{"start":{"line":145,"column":38},"end":{"line":145,"column":39}},"loc":{"start":{"line":145,"column":43},"end":{"line":145,"column":70}},"line":145},"11":{"name":"(anonymous_11)","decl":{"start":{"line":146,"column":36},"end":{"line":146,"column":37}},"loc":{"start":{"line":146,"column":41},"end":{"line":146,"column":66}},"line":146},"12":{"name":"(anonymous_12)","decl":{"start":{"line":147,"column":42},"end":{"line":147,"column":43}},"loc":{"start":{"line":147,"column":47},"end":{"line":147,"column":78}},"line":147},"13":{"name":"(anonymous_13)","decl":{"start":{"line":148,"column":40},"end":{"line":148,"column":41}},"loc":{"start":{"line":148,"column":45},"end":{"line":148,"column":55}},"line":148},"14":{"name":"(anonymous_14)","decl":{"start":{"line":151,"column":55},"end":{"line":151,"column":56}},"loc":{"start":{"line":151,"column":80},"end":{"line":151,"column":100}},"line":151},"15":{"name":"(anonymous_15)","decl":{"start":{"line":152,"column":53},"end":{"line":152,"column":54}},"loc":{"start":{"line":152,"column":78},"end":{"line":152,"column":98}},"line":152},"16":{"name":"(anonymous_16)","decl":{"start":{"line":153,"column":47},"end":{"line":153,"column":48}},"loc":{"start":{"line":153,"column":72},"end":{"line":153,"column":92}},"line":153},"17":{"name":"(anonymous_17)","decl":{"start":{"line":154,"column":51},"end":{"line":154,"column":52}},"loc":{"start":{"line":154,"column":76},"end":{"line":154,"column":96}},"line":154},"18":{"name":"extractProcesses","decl":{"start":{"line":159,"column":9},"end":{"line":159,"column":25}},"loc":{"start":{"line":159,"column":41},"end":{"line":167,"column":1}},"line":159}},"branchMap":{"0":{"loc":{"start":{"line":21,"column":28},"end":{"line":21,"column":46}},"type":"default-arg","locations":[{"start":{"line":21,"column":35},"end":{"line":21,"column":46}}],"line":21},"1":{"loc":{"start":{"line":24,"column":2},"end":{"line":29,"column":3}},"type":"if","locations":[{"start":{"line":24,"column":2},"end":{"line":29,"column":3}},{"start":{},"end":{}}],"line":24},"2":{"loc":{"start":{"line":24,"column":6},"end":{"line":24,"column":61}},"type":"binary-expr","locations":[{"start":{"line":24,"column":6},"end":{"line":24,"column":21}},{"start":{"line":24,"column":25},"end":{"line":24,"column":61}}],"line":24},"3":{"loc":{"start":{"line":42,"column":18},"end":{"line":42,"column":64}},"type":"cond-expr","locations":[{"start":{"line":42,"column":39},"end":{"line":42,"column":57}},{"start":{"line":42,"column":60},"end":{"line":42,"column":64}}],"line":42},"4":{"loc":{"start":{"line":58,"column":20},"end":{"line":58,"column":79}},"type":"cond-expr","locations":[{"start":{"line":58,"column":43},"end":{"line":58,"column":72}},{"start":{"line":58,"column":75},"end":{"line":58,"column":79}}],"line":58},"5":{"loc":{"start":{"line":68,"column":13},"end":{"line":68,"column":44}},"type":"binary-expr","locations":[{"start":{"line":68,"column":13},"end":{"line":68,"column":36}},{"start":{"line":68,"column":40},"end":{"line":68,"column":44}}],"line":68},"6":{"loc":{"start":{"line":69,"column":23},"end":{"line":69,"column":60}},"type":"binary-expr","locations":[{"start":{"line":69,"column":23},"end":{"line":69,"column":52}},{"start":{"line":69,"column":56},"end":{"line":69,"column":60}}],"line":69},"7":{"loc":{"start":{"line":74,"column":29},"end":{"line":74,"column":72}},"type":"binary-expr","locations":[{"start":{"line":74,"column":29},"end":{"line":74,"column":67}},{"start":{"line":74,"column":71},"end":{"line":74,"column":72}}],"line":74},"8":{"loc":{"start":{"line":75,"column":30},"end":{"line":75,"column":67}},"type":"binary-expr","locations":[{"start":{"line":75,"column":30},"end":{"line":75,"column":62}},{"start":{"line":75,"column":66},"end":{"line":75,"column":67}}],"line":75},"9":{"loc":{"start":{"line":75,"column":72},"end":{"line":75,"column":115}},"type":"binary-expr","locations":[{"start":{"line":75,"column":72},"end":{"line":75,"column":110}},{"start":{"line":75,"column":114},"end":{"line":75,"column":115}}],"line":75},"10":{"loc":{"start":{"line":101,"column":11},"end":{"line":101,"column":33}},"type":"binary-expr","locations":[{"start":{"line":101,"column":11},"end":{"line":101,"column":25}},{"start":{"line":101,"column":29},"end":{"line":101,"column":33}}],"line":101},"11":{"loc":{"start":{"line":103,"column":18},"end":{"line":103,"column":55}},"type":"binary-expr","locations":[{"start":{"line":103,"column":18},"end":{"line":103,"column":47}},{"start":{"line":103,"column":51},"end":{"line":103,"column":55}}],"line":103},"12":{"loc":{"start":{"line":104,"column":24},"end":{"line":104,"column":63}},"type":"binary-expr","locations":[{"start":{"line":104,"column":24},"end":{"line":104,"column":49}},{"start":{"line":104,"column":53},"end":{"line":104,"column":63}}],"line":104},"13":{"loc":{"start":{"line":106,"column":12},"end":{"line":106,"column":22}},"type":"binary-expr","locations":[{"start":{"line":106,"column":12},"end":{"line":106,"column":16}},{"start":{"line":106,"column":20},"end":{"line":106,"column":22}}],"line":106},"14":{"loc":{"start":{"line":121,"column":2},"end":{"line":121,"column":30}},"type":"if","locations":[{"start":{"line":121,"column":2},"end":{"line":121,"column":30}},{"start":{},"end":{}}],"line":121},"15":{"loc":{"start":{"line":122,"column":15},"end":{"line":122,"column":74}},"type":"cond-expr","locations":[{"start":{"line":122,"column":34},"end":{"line":122,"column":52}},{"start":{"line":122,"column":55},"end":{"line":122,"column":74}}],"line":122},"16":{"loc":{"start":{"line":136,"column":30},"end":{"line":136,"column":57}},"type":"binary-expr","locations":[{"start":{"line":136,"column":30},"end":{"line":136,"column":52}},{"start":{"line":136,"column":56},"end":{"line":136,"column":57}}],"line":136},"17":{"loc":{"start":{"line":137,"column":31},"end":{"line":137,"column":59}},"type":"binary-expr","locations":[{"start":{"line":137,"column":31},"end":{"line":137,"column":54}},{"start":{"line":137,"column":58},"end":{"line":137,"column":59}}],"line":137},"18":{"loc":{"start":{"line":138,"column":32},"end":{"line":138,"column":61}},"type":"binary-expr","locations":[{"start":{"line":138,"column":32},"end":{"line":138,"column":56}},{"start":{"line":138,"column":60},"end":{"line":138,"column":61}}],"line":138},"19":{"loc":{"start":{"line":139,"column":31},"end":{"line":139,"column":59}},"type":"binary-expr","locations":[{"start":{"line":139,"column":31},"end":{"line":139,"column":54}},{"start":{"line":139,"column":58},"end":{"line":139,"column":59}}],"line":139},"20":{"loc":{"start":{"line":140,"column":33},"end":{"line":140,"column":63}},"type":"binary-expr","locations":[{"start":{"line":140,"column":33},"end":{"line":140,"column":58}},{"start":{"line":140,"column":62},"end":{"line":140,"column":63}}],"line":140},"21":{"loc":{"start":{"line":162,"column":4},"end":{"line":164,"column":5}},"type":"if","locations":[{"start":{"line":162,"column":4},"end":{"line":164,"column":5}},{"start":{},"end":{}}],"line":162},"22":{"loc":{"start":{"line":162,"column":8},"end":{"line":162,"column":71}},"type":"binary-expr","locations":[{"start":{"line":162,"column":8},"end":{"line":162,"column":44}},{"start":{"line":162,"column":48},"end":{"line":162,"column":71}}],"line":162}},"s":{"0":0,"1":0,"2":0,"3":0,"4":0,"5":0,"6":0,"7":0,"8":0,"9":0,"10":0,"11":0,"12":0,"13":0,"14":0,"15":0,"16":0,"17":0,"18":0,"19":0,"20":0,"21":0,"22":0,"23":0,"24":0,"25":0,"26":0,"27":0,"28":0,"29":0,"30":0,"31":0,"32":0,"33":0,"34":0,"35":0,"36":0,"37":0,"38":0,"39":0,"40":0,"41":0,"42":0,"43":0,"44":0,"45":0,"46":0,"47":0,"48":0,"49":0,"50":0,"51":0,"52":0,"53":0,"54":0,"55":0,"56":0,"57":0,"58":0},"f":{"0":0,"1":0,"2":0,"3":0,"4":0,"5":0,"6":0,"7":0,"8":0,"9":0,"10":0,"11":0,"12":0,"13":0,"14":0,"15":0,"16":0,"17":0,"18":0},"b":{"0":[0],"1":[0,0],"2":[0,0],"3":[0,0],"4":[0,0],"5":[0,0],"6":[0,0],"7":[0,0],"8":[0,0],"9":[0,0],"10":[0,0],"11":[0,0],"12":[0,0],"13":[0,0],"14":[0,0],"15":[0,0],"16":[0,0],"17":[0,0],"18":[0,0],"19":[0,0],"20":[0,0],"21":[0,0],"22":[0,0]}}
,"D:\\ComplianceHub\\COMPLIANCE_HUB_V2\\app\\functions\\application\\dossier\\processDossier.js": {"path":"D:\\ComplianceHub\\COMPLIANCE_HUB_V2\\app\\functions\\application\\dossier\\processDossier.js","statementMap":{"0":{"start":{"line":7,"column":25},"end":{"line":7,"column":60}},"1":{"start":{"line":8,"column":24},"end":{"line":8,"column":62}},"2":{"start":{"line":9,"column":49},"end":{"line":9,"column":85}},"3":{"start":{"line":11,"column":11},"end":{"line":11,"column":25}},"4":{"start":{"line":22,"column":44},"end":{"line":22,"column":50}},"5":{"start":{"line":24,"column":18},"end":{"line":24,"column":62}},"6":{"start":{"line":25,"column":18},"end":{"line":25,"column":37}},"7":{"start":{"line":27,"column":2},"end":{"line":32,"column":3}},"8":{"start":{"line":28,"column":18},"end":{"line":28,"column":53}},"9":{"start":{"line":29,"column":4},"end":{"line":29,"column":37}},"10":{"start":{"line":30,"column":4},"end":{"line":30,"column":27}},"11":{"start":{"line":31,"column":4},"end":{"line":31,"column":16}},"12":{"start":{"line":34,"column":19},"end":{"line":34,"column":33}},"13":{"start":{"line":35,"column":2},"end":{"line":40,"column":3}},"14":{"start":{"line":36,"column":18},"end":{"line":36,"column":61}},"15":{"start":{"line":37,"column":4},"end":{"line":37,"column":38}},"16":{"start":{"line":38,"column":4},"end":{"line":38,"column":27}},"17":{"start":{"line":39,"column":4},"end":{"line":39,"column":16}},"18":{"start":{"line":43,"column":21},"end":{"line":43,"column":84}},"19":{"start":{"line":44,"column":2},"end":{"line":49,"column":3}},"20":{"start":{"line":45,"column":18},"end":{"line":45,"column":80}},"21":{"start":{"line":46,"column":4},"end":{"line":46,"column":39}},"22":{"start":{"line":47,"column":4},"end":{"line":47,"column":27}},"23":{"start":{"line":48,"column":4},"end":{"line":48,"column":16}},"24":{"start":{"line":52,"column":22},"end":{"line":55,"column":10}},"25":{"start":{"line":57,"column":16},"end":{"line":57,"column":26}},"26":{"start":{"line":58,"column":2},"end":{"line":65,"column":3}},"27":{"start":{"line":59,"column":4},"end":{"line":64,"column":7}},"28":{"start":{"line":66,"column":2},"end":{"line":66,"column":23}},"29":{"start":{"line":69,"column":2},"end":{"line":74,"column":5}},"30":{"start":{"line":76,"column":2},"end":{"line":81,"column":4}},"31":{"start":{"line":84,"column":0},"end":{"line":84,"column":29}}},"fnMap":{"0":{"name":"execute","decl":{"start":{"line":21,"column":15},"end":{"line":21,"column":22}},"loc":{"start":{"line":21,"column":31},"end":{"line":82,"column":1}},"line":21}},"branchMap":{"0":{"loc":{"start":{"line":27,"column":2},"end":{"line":32,"column":3}},"type":"if","locations":[{"start":{"line":27,"column":2},"end":{"line":32,"column":3}},{"start":{},"end":{}}],"line":27},"1":{"loc":{"start":{"line":35,"column":2},"end":{"line":40,"column":3}},"type":"if","locations":[{"start":{"line":35,"column":2},"end":{"line":40,"column":3}},{"start":{},"end":{}}],"line":35},"2":{"loc":{"start":{"line":44,"column":2},"end":{"line":49,"column":3}},"type":"if","locations":[{"start":{"line":44,"column":2},"end":{"line":49,"column":3}},{"start":{},"end":{}}],"line":44},"3":{"loc":{"start":{"line":45,"column":28},"end":{"line":45,"column":79}},"type":"binary-expr","locations":[{"start":{"line":45,"column":28},"end":{"line":45,"column":44}},{"start":{"line":45,"column":48},"end":{"line":45,"column":79}}],"line":45},"4":{"loc":{"start":{"line":73,"column":21},"end":{"line":73,"column":40}},"type":"binary-expr","locations":[{"start":{"line":73,"column":21},"end":{"line":73,"column":32}},{"start":{"line":73,"column":36},"end":{"line":73,"column":40}}],"line":73}},"s":{"0":0,"1":0,"2":0,"3":0,"4":0,"5":0,"6":0,"7":0,"8":0,"9":0,"10":0,"11":0,"12":0,"13":0,"14":0,"15":0,"16":0,"17":0,"18":0,"19":0,"20":0,"21":0,"22":0,"23":0,"24":0,"25":0,"26":0,"27":0,"28":0,"29":0,"30":0,"31":0},"f":{"0":0},"b":{"0":[0,0],"1":[0,0],"2":[0,0],"3":[0,0],"4":[0,0]}}
,"D:\\ComplianceHub\\COMPLIANCE_HUB_V2\\app\\functions\\application\\profile\\createCustomProfile.js": {"path":"D:\\ComplianceHub\\COMPLIANCE_HUB_V2\\app\\functions\\application\\profile\\createCustomProfile.js","statementMap":{"0":{"start":{"line":5,"column":25},"end":{"line":5,"column":60}},"1":{"start":{"line":6,"column":24},"end":{"line":6,"column":62}},"2":{"start":{"line":7,"column":57},"end":{"line":7,"column":94}},"3":{"start":{"line":9,"column":11},"end":{"line":9,"column":25}},"4":{"start":{"line":23,"column":78},"end":{"line":23,"column":84}},"5":{"start":{"line":25,"column":2},"end":{"line":30,"column":3}},"6":{"start":{"line":26,"column":18},"end":{"line":26,"column":79}},"7":{"start":{"line":27,"column":4},"end":{"line":27,"column":36}},"8":{"start":{"line":28,"column":4},"end":{"line":28,"column":27}},"9":{"start":{"line":29,"column":4},"end":{"line":29,"column":16}},"10":{"start":{"line":32,"column":2},"end":{"line":37,"column":3}},"11":{"start":{"line":33,"column":18},"end":{"line":33,"column":62}},"12":{"start":{"line":34,"column":4},"end":{"line":34,"column":36}},"13":{"start":{"line":35,"column":4},"end":{"line":35,"column":27}},"14":{"start":{"line":36,"column":4},"end":{"line":36,"column":16}},"15":{"start":{"line":40,"column":31},"end":{"line":40,"column":68}},"16":{"start":{"line":41,"column":22},"end":{"line":41,"column":24}},"17":{"start":{"line":42,"column":2},"end":{"line":46,"column":3}},"18":{"start":{"line":43,"column":4},"end":{"line":45,"column":5}},"19":{"start":{"line":43,"column":39},"end":{"line":43,"column":62}},"20":{"start":{"line":44,"column":6},"end":{"line":44,"column":35}},"21":{"start":{"line":48,"column":24},"end":{"line":48,"column":64}},"22":{"start":{"line":50,"column":21},"end":{"line":50,"column":58}},"23":{"start":{"line":51,"column":14},"end":{"line":51,"column":24}},"24":{"start":{"line":53,"column":15},"end":{"line":68,"column":3}},"25":{"start":{"line":63,"column":20},"end":{"line":63,"column":49}},"26":{"start":{"line":64,"column":17},"end":{"line":64,"column":47}},"27":{"start":{"line":70,"column":2},"end":{"line":70,"column":29}},"28":{"start":{"line":72,"column":2},"end":{"line":72,"column":40}},"29":{"start":{"line":75,"column":0},"end":{"line":75,"column":29}}},"fnMap":{"0":{"name":"execute","decl":{"start":{"line":22,"column":15},"end":{"line":22,"column":22}},"loc":{"start":{"line":22,"column":31},"end":{"line":73,"column":1}},"line":22},"1":{"name":"(anonymous_1)","decl":{"start":{"line":43,"column":33},"end":{"line":43,"column":34}},"loc":{"start":{"line":43,"column":39},"end":{"line":43,"column":62}},"line":43},"2":{"name":"(anonymous_2)","decl":{"start":{"line":63,"column":14},"end":{"line":63,"column":15}},"loc":{"start":{"line":63,"column":20},"end":{"line":63,"column":49}},"line":63},"3":{"name":"(anonymous_3)","decl":{"start":{"line":64,"column":11},"end":{"line":64,"column":12}},"loc":{"start":{"line":64,"column":17},"end":{"line":64,"column":47}},"line":64}},"branchMap":{"0":{"loc":{"start":{"line":25,"column":2},"end":{"line":30,"column":3}},"type":"if","locations":[{"start":{"line":25,"column":2},"end":{"line":30,"column":3}},{"start":{},"end":{}}],"line":25},"1":{"loc":{"start":{"line":25,"column":6},"end":{"line":25,"column":30}},"type":"binary-expr","locations":[{"start":{"line":25,"column":6},"end":{"line":25,"column":11}},{"start":{"line":25,"column":15},"end":{"line":25,"column":30}}],"line":25},"2":{"loc":{"start":{"line":32,"column":2},"end":{"line":37,"column":3}},"type":"if","locations":[{"start":{"line":32,"column":2},"end":{"line":37,"column":3}},{"start":{},"end":{}}],"line":32},"3":{"loc":{"start":{"line":32,"column":6},"end":{"line":32,"column":44}},"type":"binary-expr","locations":[{"start":{"line":32,"column":6},"end":{"line":32,"column":17}},{"start":{"line":32,"column":21},"end":{"line":32,"column":44}}],"line":32},"4":{"loc":{"start":{"line":43,"column":4},"end":{"line":45,"column":5}},"type":"if","locations":[{"start":{"line":43,"column":4},"end":{"line":45,"column":5}},{"start":{},"end":{}}],"line":43},"5":{"loc":{"start":{"line":57,"column":17},"end":{"line":57,"column":34}},"type":"binary-expr","locations":[{"start":{"line":57,"column":17},"end":{"line":57,"column":28}},{"start":{"line":57,"column":32},"end":{"line":57,"column":34}}],"line":57}},"s":{"0":0,"1":0,"2":0,"3":0,"4":0,"5":0,"6":0,"7":0,"8":0,"9":0,"10":0,"11":0,"12":0,"13":0,"14":0,"15":0,"16":0,"17":0,"18":0,"19":0,"20":0,"21":0,"22":0,"23":0,"24":0,"25":0,"26":0,"27":0,"28":0,"29":0},"f":{"0":0,"1":0,"2":0,"3":0},"b":{"0":[0,0],"1":[0,0],"2":[0,0],"3":[0,0],"4":[0,0],"5":[0,0]}}
,"D:\\ComplianceHub\\COMPLIANCE_HUB_V2\\app\\functions\\application\\report\\buildReportSnapshot.js": {"path":"D:\\ComplianceHub\\COMPLIANCE_HUB_V2\\app\\functions\\application\\report\\buildReportSnapshot.js","statementMap":{"0":{"start":{"line":6,"column":25},"end":{"line":6,"column":60}},"1":{"start":{"line":7,"column":24},"end":{"line":7,"column":62}},"2":{"start":{"line":8,"column":35},"end":{"line":8,"column":72}},"3":{"start":{"line":10,"column":11},"end":{"line":10,"column":25}},"4":{"start":{"line":20,"column":31},"end":{"line":20,"column":37}},"5":{"start":{"line":22,"column":18},"end":{"line":22,"column":74}},"6":{"start":{"line":23,"column":2},"end":{"line":28,"column":3}},"7":{"start":{"line":24,"column":18},"end":{"line":24,"column":53}},"8":{"start":{"line":25,"column":4},"end":{"line":25,"column":37}},"9":{"start":{"line":26,"column":4},"end":{"line":26,"column":27}},"10":{"start":{"line":27,"column":4},"end":{"line":27,"column":16}},"11":{"start":{"line":30,"column":19},"end":{"line":30,"column":33}},"12":{"start":{"line":33,"column":77},"end":{"line":39,"column":4}},"13":{"start":{"line":41,"column":18},"end":{"line":41,"column":64}},"14":{"start":{"line":42,"column":21},"end":{"line":42,"column":59}},"15":{"start":{"line":42,"column":50},"end":{"line":42,"column":58}},"16":{"start":{"line":43,"column":24},"end":{"line":43,"column":60}},"17":{"start":{"line":43,"column":51},"end":{"line":43,"column":59}},"18":{"start":{"line":44,"column":22},"end":{"line":44,"column":54}},"19":{"start":{"line":44,"column":45},"end":{"line":44,"column":53}},"20":{"start":{"line":45,"column":19},"end":{"line":45,"column":54}},"21":{"start":{"line":45,"column":45},"end":{"line":45,"column":53}},"22":{"start":{"line":48,"column":21},"end":{"line":54,"column":4}},"23":{"start":{"line":57,"column":19},"end":{"line":97,"column":3}},"24":{"start":{"line":70,"column":43},"end":{"line":79,"column":5}},"25":{"start":{"line":80,"column":39},"end":{"line":86,"column":5}},"26":{"start":{"line":91,"column":35},"end":{"line":95,"column":7}},"27":{"start":{"line":100,"column":18},"end":{"line":100,"column":67}},"28":{"start":{"line":101,"column":2},"end":{"line":101,"column":30}},"29":{"start":{"line":104,"column":2},"end":{"line":107,"column":5}},"30":{"start":{"line":109,"column":2},"end":{"line":109,"column":46}},"31":{"start":{"line":117,"column":2},"end":{"line":117,"column":22}},"32":{"start":{"line":117,"column":12},"end":{"line":117,"column":22}},"33":{"start":{"line":118,"column":2},"end":{"line":120,"column":3}},"34":{"start":{"line":119,"column":4},"end":{"line":119,"column":72}},"35":{"start":{"line":121,"column":2},"end":{"line":123,"column":3}},"36":{"start":{"line":122,"column":4},"end":{"line":122,"column":82}},"37":{"start":{"line":124,"column":2},"end":{"line":124,"column":13}},"38":{"start":{"line":128,"column":2},"end":{"line":128,"column":31}},"39":{"start":{"line":128,"column":16},"end":{"line":128,"column":31}},"40":{"start":{"line":130,"column":34},"end":{"line":130,"column":41}},"41":{"start":{"line":131,"column":2},"end":{"line":131,"column":14}},"42":{"start":{"line":134,"column":0},"end":{"line":134,"column":29}}},"fnMap":{"0":{"name":"execute","decl":{"start":{"line":19,"column":15},"end":{"line":19,"column":22}},"loc":{"start":{"line":19,"column":31},"end":{"line":110,"column":1}},"line":19},"1":{"name":"(anonymous_1)","decl":{"start":{"line":42,"column":45},"end":{"line":42,"column":46}},"loc":{"start":{"line":42,"column":50},"end":{"line":42,"column":58}},"line":42},"2":{"name":"(anonymous_2)","decl":{"start":{"line":43,"column":46},"end":{"line":43,"column":47}},"loc":{"start":{"line":43,"column":51},"end":{"line":43,"column":59}},"line":43},"3":{"name":"(anonymous_3)","decl":{"start":{"line":44,"column":40},"end":{"line":44,"column":41}},"loc":{"start":{"line":44,"column":45},"end":{"line":44,"column":53}},"line":44},"4":{"name":"(anonymous_4)","decl":{"start":{"line":45,"column":40},"end":{"line":45,"column":41}},"loc":{"start":{"line":45,"column":45},"end":{"line":45,"column":53}},"line":45},"5":{"name":"(anonymous_5)","decl":{"start":{"line":70,"column":37},"end":{"line":70,"column":38}},"loc":{"start":{"line":70,"column":43},"end":{"line":79,"column":5}},"line":70},"6":{"name":"(anonymous_6)","decl":{"start":{"line":80,"column":33},"end":{"line":80,"column":34}},"loc":{"start":{"line":80,"column":39},"end":{"line":86,"column":5}},"line":80},"7":{"name":"(anonymous_7)","decl":{"start":{"line":91,"column":29},"end":{"line":91,"column":30}},"loc":{"start":{"line":91,"column":35},"end":{"line":95,"column":7}},"line":91},"8":{"name":"maskDocument","decl":{"start":{"line":116,"column":9},"end":{"line":116,"column":21}},"loc":{"start":{"line":116,"column":27},"end":{"line":125,"column":1}},"line":116},"9":{"name":"sanitizeEvidenceContent","decl":{"start":{"line":127,"column":9},"end":{"line":127,"column":32}},"loc":{"start":{"line":127,"column":42},"end":{"line":132,"column":1}},"line":127}},"branchMap":{"0":{"loc":{"start":{"line":23,"column":2},"end":{"line":28,"column":3}},"type":"if","locations":[{"start":{"line":23,"column":2},"end":{"line":28,"column":3}},{"start":{},"end":{}}],"line":23},"1":{"loc":{"start":{"line":23,"column":6},"end":{"line":23,"column":61}},"type":"binary-expr","locations":[{"start":{"line":23,"column":6},"end":{"line":23,"column":21}},{"start":{"line":23,"column":25},"end":{"line":23,"column":61}}],"line":23},"2":{"loc":{"start":{"line":41,"column":18},"end":{"line":41,"column":64}},"type":"cond-expr","locations":[{"start":{"line":41,"column":39},"end":{"line":41,"column":57}},{"start":{"line":41,"column":60},"end":{"line":41,"column":64}}],"line":41},"3":{"loc":{"start":{"line":66,"column":17},"end":{"line":66,"column":41}},"type":"binary-expr","locations":[{"start":{"line":66,"column":17},"end":{"line":66,"column":35}},{"start":{"line":66,"column":39},"end":{"line":66,"column":41}}],"line":66},"4":{"loc":{"start":{"line":87,"column":11},"end":{"line":87,"column":33}},"type":"binary-expr","locations":[{"start":{"line":87,"column":11},"end":{"line":87,"column":25}},{"start":{"line":87,"column":29},"end":{"line":87,"column":33}}],"line":87},"5":{"loc":{"start":{"line":89,"column":18},"end":{"line":89,"column":53}},"type":"binary-expr","locations":[{"start":{"line":89,"column":18},"end":{"line":89,"column":47}},{"start":{"line":89,"column":51},"end":{"line":89,"column":53}}],"line":89},"6":{"loc":{"start":{"line":90,"column":14},"end":{"line":90,"column":52}},"type":"binary-expr","locations":[{"start":{"line":90,"column":14},"end":{"line":90,"column":39}},{"start":{"line":90,"column":43},"end":{"line":90,"column":52}}],"line":90},"7":{"loc":{"start":{"line":117,"column":2},"end":{"line":117,"column":22}},"type":"if","locations":[{"start":{"line":117,"column":2},"end":{"line":117,"column":22}},{"start":{},"end":{}}],"line":117},"8":{"loc":{"start":{"line":118,"column":2},"end":{"line":120,"column":3}},"type":"if","locations":[{"start":{"line":118,"column":2},"end":{"line":120,"column":3}},{"start":{},"end":{}}],"line":118},"9":{"loc":{"start":{"line":121,"column":2},"end":{"line":123,"column":3}},"type":"if","locations":[{"start":{"line":121,"column":2},"end":{"line":123,"column":3}},{"start":{},"end":{}}],"line":121},"10":{"loc":{"start":{"line":128,"column":2},"end":{"line":128,"column":31}},"type":"if","locations":[{"start":{"line":128,"column":2},"end":{"line":128,"column":31}},{"start":{},"end":{}}],"line":128}},"s":{"0":0,"1":0,"2":0,"3":0,"4":0,"5":0,"6":0,"7":0,"8":0,"9":0,"10":0,"11":0,"12":0,"13":0,"14":0,"15":0,"16":0,"17":0,"18":0,"19":0,"20":0,"21":0,"22":0,"23":0,"24":0,"25":0,"26":0,"27":0,"28":0,"29":0,"30":0,"31":0,"32":0,"33":0,"34":0,"35":0,"36":0,"37":0,"38":0,"39":0,"40":0,"41":0,"42":0},"f":{"0":0,"1":0,"2":0,"3":0,"4":0,"5":0,"6":0,"7":0,"8":0,"9":0},"b":{"0":[0,0],"1":[0,0],"2":[0,0],"3":[0,0],"4":[0,0],"5":[0,0],"6":[0,0],"7":[0,0],"8":[0,0],"9":[0,0],"10":[0,0]}}
,"D:\\ComplianceHub\\COMPLIANCE_HUB_V2\\app\\functions\\application\\report\\exportReport.js": {"path":"D:\\ComplianceHub\\COMPLIANCE_HUB_V2\\app\\functions\\application\\report\\exportReport.js","statementMap":{"0":{"start":{"line":14,"column":41},"end":{"line":14,"column":47}},"1":{"start":{"line":19,"column":2},"end":{"line":25,"column":4}},"2":{"start":{"line":28,"column":0},"end":{"line":28,"column":29}}},"fnMap":{"0":{"name":"execute","decl":{"start":{"line":13,"column":15},"end":{"line":13,"column":22}},"loc":{"start":{"line":13,"column":31},"end":{"line":26,"column":1}},"line":13}},"branchMap":{"0":{"loc":{"start":{"line":14,"column":22},"end":{"line":14,"column":36}},"type":"default-arg","locations":[{"start":{"line":14,"column":31},"end":{"line":14,"column":36}}],"line":14}},"s":{"0":0,"1":0,"2":0},"f":{"0":0},"b":{"0":[0]}}
,"D:\\ComplianceHub\\COMPLIANCE_HUB_V2\\app\\functions\\domain\\dossierSchema.js": {"path":"D:\\ComplianceHub\\COMPLIANCE_HUB_V2\\app\\functions\\domain\\dossierSchema.js","statementMap":{"0":{"start":{"line":7,"column":31},"end":{"line":7,"column":61}},"1":{"start":{"line":13,"column":20},"end":{"line":91,"column":1}},"2":{"start":{"line":93,"column":32},"end":{"line":190,"column":1}},"3":{"start":{"line":193,"column":2},"end":{"line":193,"column":24}},"4":{"start":{"line":193,"column":14},"end":{"line":193,"column":24}},"5":{"start":{"line":194,"column":2},"end":{"line":194,"column":48}},"6":{"start":{"line":198,"column":2},"end":{"line":202,"column":5}},"7":{"start":{"line":200,"column":22},"end":{"line":200,"column":48}},"8":{"start":{"line":206,"column":2},"end":{"line":206,"column":77}},"9":{"start":{"line":206,"column":67},"end":{"line":206,"column":77}},"10":{"start":{"line":207,"column":2},"end":{"line":207,"column":15}},"11":{"start":{"line":211,"column":2},"end":{"line":211,"column":24}},"12":{"start":{"line":211,"column":14},"end":{"line":211,"column":24}},"13":{"start":{"line":212,"column":2},"end":{"line":212,"column":56}},"14":{"start":{"line":212,"column":28},"end":{"line":212,"column":56}},"15":{"start":{"line":213,"column":2},"end":{"line":213,"column":43}},"16":{"start":{"line":213,"column":33},"end":{"line":213,"column":43}},"17":{"start":{"line":214,"column":2},"end":{"line":214,"column":82}},"18":{"start":{"line":218,"column":2},"end":{"line":218,"column":26}},"19":{"start":{"line":218,"column":14},"end":{"line":218,"column":26}},"20":{"start":{"line":219,"column":2},"end":{"line":219,"column":46}},"21":{"start":{"line":219,"column":33},"end":{"line":219,"column":46}},"22":{"start":{"line":220,"column":2},"end":{"line":220,"column":45}},"23":{"start":{"line":220,"column":33},"end":{"line":220,"column":45}},"24":{"start":{"line":221,"column":2},"end":{"line":221,"column":69}},"25":{"start":{"line":225,"column":27},"end":{"line":225,"column":64}},"26":{"start":{"line":226,"column":2},"end":{"line":230,"column":4}},"27":{"start":{"line":228,"column":27},"end":{"line":228,"column":66}},"28":{"start":{"line":229,"column":24},"end":{"line":229,"column":42}},"29":{"start":{"line":234,"column":2},"end":{"line":238,"column":4}},"30":{"start":{"line":236,"column":27},"end":{"line":236,"column":66}},"31":{"start":{"line":245,"column":25},"end":{"line":406,"column":1}},"32":{"start":{"line":412,"column":32},"end":{"line":493,"column":1}},"33":{"start":{"line":499,"column":29},"end":{"line":509,"column":1}},"34":{"start":{"line":521,"column":2},"end":{"line":521,"column":52}},"35":{"start":{"line":530,"column":18},"end":{"line":542,"column":3}},"36":{"start":{"line":543,"column":20},"end":{"line":543,"column":39}},"37":{"start":{"line":544,"column":2},"end":{"line":544,"column":53}},"38":{"start":{"line":548,"column":14},"end":{"line":548,"column":58}},"39":{"start":{"line":549,"column":2},"end":{"line":549,"column":46}},"40":{"start":{"line":558,"column":25},"end":{"line":558,"column":77}},"41":{"start":{"line":559,"column":2},"end":{"line":559,"column":54}},"42":{"start":{"line":559,"column":22},"end":{"line":559,"column":54}},"43":{"start":{"line":561,"column":17},"end":{"line":561,"column":48}},"44":{"start":{"line":562,"column":26},"end":{"line":562,"column":97}},"45":{"start":{"line":563,"column":2},"end":{"line":565,"column":3}},"46":{"start":{"line":564,"column":4},"end":{"line":564,"column":27}},"47":{"start":{"line":567,"column":24},"end":{"line":567,"column":59}},"48":{"start":{"line":568,"column":2},"end":{"line":568,"column":46}},"49":{"start":{"line":572,"column":22},"end":{"line":572,"column":85}},"50":{"start":{"line":573,"column":17},"end":{"line":573,"column":55}},"51":{"start":{"line":574,"column":27},"end":{"line":579,"column":4}},"52":{"start":{"line":580,"column":17},"end":{"line":580,"column":82}},"53":{"start":{"line":582,"column":38},"end":{"line":582,"column":79}},"54":{"start":{"line":583,"column":29},"end":{"line":583,"column":71}},"55":{"start":{"line":584,"column":2},"end":{"line":589,"column":3}},"56":{"start":{"line":585,"column":27},"end":{"line":585,"column":99}},"57":{"start":{"line":586,"column":4},"end":{"line":588,"column":39}},"58":{"start":{"line":591,"column":31},"end":{"line":591,"column":75}},"59":{"start":{"line":592,"column":2},"end":{"line":597,"column":3}},"60":{"start":{"line":593,"column":29},"end":{"line":593,"column":69}},"61":{"start":{"line":594,"column":4},"end":{"line":596,"column":58}},"62":{"start":{"line":598,"column":2},"end":{"line":600,"column":3}},"63":{"start":{"line":599,"column":4},"end":{"line":599,"column":83}},"64":{"start":{"line":601,"column":2},"end":{"line":603,"column":3}},"65":{"start":{"line":602,"column":4},"end":{"line":602,"column":79}},"66":{"start":{"line":605,"column":30},"end":{"line":608,"column":4}},"67":{"start":{"line":607,"column":51},"end":{"line":607,"column":88}},"68":{"start":{"line":609,"column":30},"end":{"line":609,"column":71}},"69":{"start":{"line":610,"column":15},"end":{"line":610,"column":41}},"70":{"start":{"line":611,"column":14},"end":{"line":611,"column":64}},"71":{"start":{"line":612,"column":21},"end":{"line":612,"column":60}},"72":{"start":{"line":613,"column":30},"end":{"line":619,"column":10}},"73":{"start":{"line":620,"column":21},"end":{"line":623,"column":4}},"74":{"start":{"line":625,"column":2},"end":{"line":646,"column":4}},"75":{"start":{"line":655,"column":17},"end":{"line":655,"column":36}},"76":{"start":{"line":656,"column":2},"end":{"line":662,"column":7}},"77":{"start":{"line":657,"column":19},"end":{"line":657,"column":43}},"78":{"start":{"line":659,"column":21},"end":{"line":659,"column":65}},"79":{"start":{"line":660,"column":21},"end":{"line":660,"column":65}},"80":{"start":{"line":661,"column":6},"end":{"line":661,"column":63}},"81":{"start":{"line":671,"column":19},"end":{"line":671,"column":46}},"82":{"start":{"line":672,"column":18},"end":{"line":672,"column":20}},"83":{"start":{"line":674,"column":2},"end":{"line":688,"column":3}},"84":{"start":{"line":675,"column":20},"end":{"line":675,"column":37}},"85":{"start":{"line":676,"column":4},"end":{"line":686,"column":5}},"86":{"start":{"line":677,"column":22},"end":{"line":677,"column":42}},"87":{"start":{"line":678,"column":6},"end":{"line":685,"column":8}},"88":{"start":{"line":687,"column":4},"end":{"line":687,"column":44}},"89":{"start":{"line":690,"column":2},"end":{"line":690,"column":66}},"90":{"start":{"line":690,"column":47},"end":{"line":690,"column":64}},"91":{"start":{"line":705,"column":6},"end":{"line":705,"column":12}},"92":{"start":{"line":706,"column":17},"end":{"line":706,"column":60}},"93":{"start":{"line":707,"column":22},"end":{"line":707,"column":108}},"94":{"start":{"line":708,"column":31},"end":{"line":712,"column":4}},"95":{"start":{"line":713,"column":21},"end":{"line":713,"column":107}},"96":{"start":{"line":714,"column":26},"end":{"line":718,"column":4}},"97":{"start":{"line":721,"column":17},"end":{"line":721,"column":26}},"98":{"start":{"line":722,"column":2},"end":{"line":724,"column":3}},"99":{"start":{"line":723,"column":4},"end":{"line":723,"column":54}},"100":{"start":{"line":723,"column":23},"end":{"line":723,"column":54}},"101":{"start":{"line":726,"column":2},"end":{"line":741,"column":3}},"102":{"start":{"line":727,"column":4},"end":{"line":734,"column":5}},"103":{"start":{"line":728,"column":18},"end":{"line":728,"column":48}},"104":{"start":{"line":729,"column":6},"end":{"line":729,"column":57}},"105":{"start":{"line":730,"column":6},"end":{"line":730,"column":81}},"106":{"start":{"line":731,"column":6},"end":{"line":731,"column":86}},"107":{"start":{"line":732,"column":6},"end":{"line":732,"column":70}},"108":{"start":{"line":733,"column":6},"end":{"line":733,"column":50}},"109":{"start":{"line":736,"column":4},"end":{"line":736,"column":45}},"110":{"start":{"line":737,"column":4},"end":{"line":737,"column":80}},"111":{"start":{"line":737,"column":58},"end":{"line":737,"column":71}},"112":{"start":{"line":738,"column":4},"end":{"line":740,"column":13}},"113":{"start":{"line":739,"column":6},"end":{"line":739,"column":70}},"114":{"start":{"line":743,"column":2},"end":{"line":757,"column":5}},"115":{"start":{"line":744,"column":4},"end":{"line":744,"column":68}},"116":{"start":{"line":744,"column":34},"end":{"line":744,"column":58}},"117":{"start":{"line":744,"column":61},"end":{"line":744,"column":68}},"118":{"start":{"line":745,"column":20},"end":{"line":745,"column":40}},"119":{"start":{"line":746,"column":4},"end":{"line":756,"column":7}},"120":{"start":{"line":759,"column":2},"end":{"line":759,"column":77}},"121":{"start":{"line":759,"column":35},"end":{"line":759,"column":75}},"122":{"start":{"line":761,"column":2},"end":{"line":773,"column":4}},"123":{"start":{"line":769,"column":50},"end":{"line":769,"column":70}},"124":{"start":{"line":770,"column":56},"end":{"line":770,"column":82}},"125":{"start":{"line":771,"column":56},"end":{"line":771,"column":82}},"126":{"start":{"line":782,"column":17},"end":{"line":782,"column":19}},"127":{"start":{"line":783,"column":45},"end":{"line":783,"column":51}},"128":{"start":{"line":785,"column":2},"end":{"line":789,"column":3}},"129":{"start":{"line":786,"column":4},"end":{"line":788,"column":5}},"130":{"start":{"line":787,"column":6},"end":{"line":787,"column":53}},"131":{"start":{"line":791,"column":2},"end":{"line":795,"column":3}},"132":{"start":{"line":792,"column":4},"end":{"line":794,"column":5}},"133":{"start":{"line":793,"column":6},"end":{"line":793,"column":51}},"134":{"start":{"line":798,"column":2},"end":{"line":803,"column":3}},"135":{"start":{"line":799,"column":20},"end":{"line":799,"column":48}},"136":{"start":{"line":800,"column":4},"end":{"line":802,"column":5}},"137":{"start":{"line":801,"column":6},"end":{"line":801,"column":104}},"138":{"start":{"line":805,"column":2},"end":{"line":805,"column":48}},"139":{"start":{"line":812,"column":0},"end":{"line":829,"column":2}}},"fnMap":{"0":{"name":"asArray","decl":{"start":{"line":192,"column":9},"end":{"line":192,"column":16}},"loc":{"start":{"line":192,"column":24},"end":{"line":195,"column":1}},"line":192},"1":{"name":"uniqueStrings","decl":{"start":{"line":197,"column":9},"end":{"line":197,"column":22}},"loc":{"start":{"line":197,"column":36},"end":{"line":203,"column":1}},"line":197},"2":{"name":"(anonymous_2)","decl":{"start":{"line":200,"column":11},"end":{"line":200,"column":12}},"loc":{"start":{"line":200,"column":22},"end":{"line":200,"column":48}},"line":200},"3":{"name":"normalizePlainObject","decl":{"start":{"line":205,"column":9},"end":{"line":205,"column":29}},"loc":{"start":{"line":205,"column":37},"end":{"line":208,"column":1}},"line":205},"4":{"name":"pickSubjectScopedValue","decl":{"start":{"line":210,"column":9},"end":{"line":210,"column":31}},"loc":{"start":{"line":210,"column":59},"end":{"line":215,"column":1}},"line":210},"5":{"name":"pickSubjectScopedSchemaKey","decl":{"start":{"line":217,"column":9},"end":{"line":217,"column":35}},"loc":{"start":{"line":217,"column":63},"end":{"line":222,"column":1}},"line":217},"6":{"name":"expandSectionKeysFromMacroAreas","decl":{"start":{"line":224,"column":9},"end":{"line":224,"column":40}},"loc":{"start":{"line":224,"column":61},"end":{"line":231,"column":1}},"line":224},"7":{"name":"(anonymous_7)","decl":{"start":{"line":228,"column":14},"end":{"line":228,"column":15}},"loc":{"start":{"line":228,"column":27},"end":{"line":228,"column":66}},"line":228},"8":{"name":"(anonymous_8)","decl":{"start":{"line":229,"column":11},"end":{"line":229,"column":12}},"loc":{"start":{"line":229,"column":24},"end":{"line":229,"column":42}},"line":229},"9":{"name":"inferMacroAreasFromSections","decl":{"start":{"line":233,"column":9},"end":{"line":233,"column":36}},"loc":{"start":{"line":233,"column":55},"end":{"line":239,"column":1}},"line":233},"10":{"name":"(anonymous_10)","decl":{"start":{"line":236,"column":11},"end":{"line":236,"column":12}},"loc":{"start":{"line":236,"column":27},"end":{"line":236,"column":66}},"line":236},"11":{"name":"resolveSchema","decl":{"start":{"line":520,"column":9},"end":{"line":520,"column":22}},"loc":{"start":{"line":520,"column":34},"end":{"line":522,"column":1}},"line":520},"12":{"name":"resolveSchemaForProduct","decl":{"start":{"line":529,"column":9},"end":{"line":529,"column":32}},"loc":{"start":{"line":529,"column":45},"end":{"line":545,"column":1}},"line":529},"13":{"name":"resolvePreset","decl":{"start":{"line":547,"column":9},"end":{"line":547,"column":22}},"loc":{"start":{"line":547,"column":34},"end":{"line":550,"column":1}},"line":547},"14":{"name":"resolveSchemaKeyForContext","decl":{"start":{"line":552,"column":9},"end":{"line":552,"column":35}},"loc":{"start":{"line":557,"column":8},"end":{"line":569,"column":1}},"line":557},"15":{"name":"resolveDossierConfiguration","decl":{"start":{"line":571,"column":9},"end":{"line":571,"column":36}},"loc":{"start":{"line":571,"column":50},"end":{"line":647,"column":1}},"line":571},"16":{"name":"(anonymous_16)","decl":{"start":{"line":607,"column":35},"end":{"line":607,"column":36}},"loc":{"start":{"line":607,"column":51},"end":{"line":607,"column":88}},"line":607},"17":{"name":"resolveSections","decl":{"start":{"line":654,"column":9},"end":{"line":654,"column":24}},"loc":{"start":{"line":654,"column":42},"end":{"line":663,"column":1}},"line":654},"18":{"name":"(anonymous_18)","decl":{"start":{"line":657,"column":12},"end":{"line":657,"column":13}},"loc":{"start":{"line":657,"column":19},"end":{"line":657,"column":43}},"line":657},"19":{"name":"(anonymous_19)","decl":{"start":{"line":658,"column":10},"end":{"line":658,"column":11}},"loc":{"start":{"line":658,"column":20},"end":{"line":662,"column":5}},"line":658},"20":{"name":"resolveMacroAreas","decl":{"start":{"line":670,"column":9},"end":{"line":670,"column":26}},"loc":{"start":{"line":670,"column":44},"end":{"line":691,"column":1}},"line":670},"21":{"name":"(anonymous_21)","decl":{"start":{"line":690,"column":37},"end":{"line":690,"column":38}},"loc":{"start":{"line":690,"column":47},"end":{"line":690,"column":64}},"line":690},"22":{"name":"buildDossierProjection","decl":{"start":{"line":698,"column":9},"end":{"line":698,"column":31}},"loc":{"start":{"line":698,"column":45},"end":{"line":774,"column":1}},"line":698},"23":{"name":"(anonymous_23)","decl":{"start":{"line":737,"column":51},"end":{"line":737,"column":52}},"loc":{"start":{"line":737,"column":58},"end":{"line":737,"column":71}},"line":737},"24":{"name":"(anonymous_24)","decl":{"start":{"line":738,"column":51},"end":{"line":738,"column":52}},"loc":{"start":{"line":739,"column":6},"end":{"line":739,"column":70}},"line":739},"25":{"name":"(anonymous_25)","decl":{"start":{"line":743,"column":26},"end":{"line":743,"column":27}},"loc":{"start":{"line":743,"column":39},"end":{"line":757,"column":3}},"line":743},"26":{"name":"(anonymous_26)","decl":{"start":{"line":744,"column":24},"end":{"line":744,"column":25}},"loc":{"start":{"line":744,"column":34},"end":{"line":744,"column":58}},"line":744},"27":{"name":"(anonymous_27)","decl":{"start":{"line":759,"column":18},"end":{"line":759,"column":19}},"loc":{"start":{"line":759,"column":35},"end":{"line":759,"col
[...]
,"D:\\ComplianceHub\\COMPLIANCE_HUB_V2\\app\\functions\\helpers\\hash.js": {"path":"D:\\ComplianceHub\\COMPLIANCE_HUB_V2\\app\\functions\\helpers\\hash.js","statementMap":{"0":{"start":{"line":6,"column":15},"end":{"line":6,"column":32}},"1":{"start":{"line":14,"column":2},"end":{"line":14,"column":81}},"2":{"start":{"line":24,"column":2},"end":{"line":24,"column":41}},"3":{"start":{"line":38,"column":2},"end":{"line":38,"column":77}},"4":{"start":{"line":41,"column":0},"end":{"line":41,"column":55}}},"fnMap":{"0":{"name":"sha256","decl":{"start":{"line":13,"column":9},"end":{"line":13,"column":15}},"loc":{"start":{"line":13,"column":23},"end":{"line":15,"column":1}},"line":13},"1":{"name":"docHash","decl":{"start":{"line":23,"column":9},"end":{"line":23,"column":16}},"loc":{"start":{"line":23,"column":27},"end":{"line":25,"column":1}},"line":23},"2":{"name":"providerCacheKey","decl":{"start":{"line":37,"column":9},"end":{"line":37,"column":25}},"loc":{"start":{"line":37,"column":78},"end":{"line":39,"column":1}},"line":37}},"branchMap":{},"s":{"0":0,"1":0,"2":0,"3":0,"4":0},"f":{"0":0,"1":0,"2":0},"b":{}}
,"D:\\ComplianceHub\\COMPLIANCE_HUB_V2\\app\\functions\\helpers\\logger.js": {"path":"D:\\ComplianceHub\\COMPLIANCE_HUB_V2\\app\\functions\\helpers\\logger.js","statementMap":{"0":{"start":{"line":9,"column":15},"end":{"line":15,"column":1}},"1":{"start":{"line":18,"column":16},"end":{"line":23,"column":3}},"2":{"start":{"line":26,"column":2},"end":{"line":32,"column":3}},"3":{"start":{"line":27,"column":4},"end":{"line":27,"column":41}},"4":{"start":{"line":28,"column":9},"end":{"line":32,"column":3}},"5":{"start":{"line":29,"column":4},"end":{"line":29,"column":40}},"6":{"start":{"line":31,"column":4},"end":{"line":31,"column":39}},"7":{"start":{"line":35,"column":32},"end":{"line":35,"column":65}},"8":{"start":{"line":36,"column":31},"end":{"line":36,"column":63}},"9":{"start":{"line":37,"column":31},"end":{"line":37,"column":66}},"10":{"start":{"line":38,"column":32},"end":{"line":38,"column":65}},"11":{"start":{"line":39,"column":35},"end":{"line":39,"column":71}},"12":{"start":{"line":41,"column":0},"end":{"line":41,"column":69}}},"fnMap":{"0":{"name":"log","decl":{"start":{"line":17,"column":9},"end":{"line":17,"column":12}},"loc":{"start":{"line":17,"column":40},"end":{"line":33,"column":1}},"line":17},"1":{"name":"debug","decl":{"start":{"line":35,"column":9},"end":{"line":35,"column":14}},"loc":{"start":{"line":35,"column":30},"end":{"line":35,"column":67}},"line":35},"2":{"name":"info","decl":{"start":{"line":36,"column":9},"end":{"line":36,"column":13}},"loc":{"start":{"line":36,"column":29},"end":{"line":36,"column":65}},"line":36},"3":{"name":"warn","decl":{"start":{"line":37,"column":9},"end":{"line":37,"column":13}},"loc":{"start":{"line":37,"column":29},"end":{"line":37,"column":68}},"line":37},"4":{"name":"error","decl":{"start":{"line":38,"column":9},"end":{"line":38,"column":14}},"loc":{"start":{"line":38,"column":30},"end":{"line":38,"column":67}},"line":38},"5":{"name":"critical","decl":{"start":{"line":39,"column":9},"end":{"line":39,"column":17}},"loc":{"start":{"line":39,"column":33},"end":{"line":39,"column":73}},"line":39}},"branchMap":{"0":{"loc":{"start":{"line":17,"column":29},"end":{"line":17,"column":38}},"type":"default-arg","locations":[{"start":{"line":17,"column":36},"end":{"line":17,"column":38}}],"line":17},"1":{"loc":{"start":{"line":26,"column":2},"end":{"line":32,"column":3}},"type":"if","locations":[{"start":{"line":26,"column":2},"end":{"line":32,"column":3}},{"start":{"line":28,"column":9},"end":{"line":32,"column":3}}],"line":26},"2":{"loc":{"start":{"line":26,"column":6},"end":{"line":26,"column":57}},"type":"binary-expr","locations":[{"start":{"line":26,"column":6},"end":{"line":26,"column":28}},{"start":{"line":26,"column":32},"end":{"line":26,"column":57}}],"line":26},"3":{"loc":{"start":{"line":28,"column":9},"end":{"line":32,"column":3}},"type":"if","locations":[{"start":{"line":28,"column":9},"end":{"line":32,"column":3}},{"start":{"line":30,"column":9},"end":{"line":32,"column":3}}],"line":28}},"s":{"0":0,"1":0,"2":0,"3":0,"4":0,"5":0,"6":0,"7":0,"8":0,"9":0,"10":0,"11":0,"12":0},"f":{"0":0,"1":0,"2":0,"3":0,"4":0,"5":0},"b":{"0":[0],"1":[0,0],"2":[0,0],"3":[0,0]}}
,"D:\\ComplianceHub\\COMPLIANCE_HUB_V2\\app\\functions\\helpers\\pagination.js": {"path":"D:\\ComplianceHub\\COMPLIANCE_HUB_V2\\app\\functions\\helpers\\pagination.js","statementMap":{"0":{"start":{"line":12,"column":2},"end":{"line":12,"column":39}},"1":{"start":{"line":12,"column":27},"end":{"line":12,"column":39}},"2":{"start":{"line":13,"column":15},"end":{"line":13,"column":25}},"3":{"start":{"line":14,"column":17},"end":{"line":17,"column":3}},"4":{"start":{"line":18,"column":2},"end":{"line":18,"column":64}},"5":{"start":{"line":27,"column":2},"end":{"line":27,"column":27}},"6":{"start":{"line":27,"column":15},"end":{"line":27,"column":27}},"7":{"start":{"line":28,"column":2},"end":{"line":32,"column":3}},"8":{"start":{"line":29,"column":4},"end":{"line":29,"column":70}},"9":{"start":{"line":31,"column":4},"end":{"line":31,"column":16}},"10":{"start":{"line":46,"column":16},"end":{"line":46,"column":63}},"11":{"start":{"line":47,"column":21},"end":{"line":47,"column":54}},"12":{"start":{"line":48,"column":25},"end":{"line":48,"column":57}},"13":{"start":{"line":50,"column":23},"end":{"line":50,"column":81}},"14":{"start":{"line":52,"column":17},"end":{"line":52,"column":45}},"15":{"start":{"line":53,"column":2},"end":{"line":56,"column":3}},"16":{"start":{"line":54,"column":28},"end":{"line":54,"column":44}},"17":{"start":{"line":55,"column":4},"end":{"line":55,"column":64}},"18":{"start":{"line":58,"column":2},"end":{"line":58,"column":42}},"19":{"start":{"line":69,"column":15},"end":{"line":69,"column":28}},"20":{"start":{"line":70,"column":18},"end":{"line":70,"column":37}},"21":{"start":{"line":71,"column":16},"end":{"line":71,"column":47}},"22":{"start":{"line":73,"column":19},"end":{"line":73,"column":23}},"23":{"start":{"line":74,"column":2},"end":{"line":77,"column":3}},"24":{"start":{"line":75,"column":20},"end":{"line":75,"column":35}},"25":{"start":{"line":76,"column":4},"end":{"line":76,"column":39}},"26":{"start":{"line":79,"column":2},"end":{"line":87,"column":4}},"27":{"start":{"line":90,"column":0},"end":{"line":90,"column":89}}},"fnMap":{"0":{"name":"encodeCursor","decl":{"start":{"line":11,"column":9},"end":{"line":11,"column":21}},"loc":{"start":{"line":11,"column":27},"end":{"line":19,"column":1}},"line":11},"1":{"name":"decodeCursor","decl":{"start":{"line":26,"column":9},"end":{"line":26,"column":21}},"loc":{"start":{"line":26,"column":30},"end":{"line":33,"column":1}},"line":26},"2":{"name":"applyPagination","decl":{"start":{"line":45,"column":9},"end":{"line":45,"column":24}},"loc":{"start":{"line":45,"column":46},"end":{"line":59,"column":1}},"line":45},"3":{"name":"buildPaginatedResponse","decl":{"start":{"line":68,"column":9},"end":{"line":68,"column":31}},"loc":{"start":{"line":68,"column":56},"end":{"line":88,"column":1}},"line":68}},"branchMap":{"0":{"loc":{"start":{"line":12,"column":2},"end":{"line":12,"column":39}},"type":"if","locations":[{"start":{"line":12,"column":2},"end":{"line":12,"column":39}},{"start":{},"end":{}}],"line":12},"1":{"loc":{"start":{"line":12,"column":6},"end":{"line":12,"column":25}},"type":"binary-expr","locations":[{"start":{"line":12,"column":6},"end":{"line":12,"column":10}},{"start":{"line":12,"column":14},"end":{"line":12,"column":25}}],"line":12},"2":{"loc":{"start":{"line":16,"column":15},"end":{"line":16,"column":69}},"type":"binary-expr","locations":[{"start":{"line":16,"column":15},"end":{"line":16,"column":43}},{"start":{"line":16,"column":47},"end":{"line":16,"column":61}},{"start":{"line":16,"column":65},"end":{"line":16,"column":69}}],"line":16},"3":{"loc":{"start":{"line":27,"column":2},"end":{"line":27,"column":27}},"type":"if","locations":[{"start":{"line":27,"column":2},"end":{"line":27,"column":27}},{"start":{},"end":{}}],"line":27},"4":{"loc":{"start":{"line":45,"column":32},"end":{"line":45,"column":44}},"type":"default-arg","locations":[{"start":{"line":45,"column":42},"end":{"line":45,"column":44}}],"line":45},"5":{"loc":{"start":{"line":46,"column":34},"end":{"line":46,"column":53}},"type":"binary-expr","locations":[{"start":{"line":46,"column":34},"end":{"line":46,"column":47}},{"start":{"line":46,"column":51},"end":{"line":46,"column":53}}],"line":46},"6":{"loc":{"start":{"line":47,"column":21},"end":{"line":47,"column":54}},"type":"binary-expr","locations":[{"start":{"line":47,"column":21},"end":{"line":47,"column":39}},{"start":{"line":47,"column":43},"end":{"line":47,"column":54}}],"line":47},"7":{"loc":{"start":{"line":48,"column":25},"end":{"line":48,"column":57}},"type":"binary-expr","locations":[{"start":{"line":48,"column":25},"end":{"line":48,"column":47}},{"start":{"line":48,"column":51},"end":{"line":48,"column":57}}],"line":48},"8":{"loc":{"start":{"line":53,"column":2},"end":{"line":56,"column":3}},"type":"if","locations":[{"start":{"line":53,"column":2},"end":{"line":56,"column":3}},{"start":{},"end":{}}],"line":53},"9":{"loc":{"start":{"line":53,"column":6},"end":{"line":53,"column":32}},"type":"binary-expr","locations":[{"start":{"line":53,"column":6},"end":{"line":53,"column":12}},{"start":{"line":53,"column":16},"end":{"line":53,"column":32}}],"line":53},"10":{"loc":{"start":{"line":74,"column":2},"end":{"line":77,"column":3}},"type":"if","locations":[{"start":{"line":74,"column":2},"end":{"line":77,"column":3}},{"start":{},"end":{}}],"line":74},"11":{"loc":{"start":{"line":74,"column":6},"end":{"line":74,"column":32}},"type":"binary-expr","locations":[{"start":{"line":74,"column":6},"end":{"line":74,"column":13}},{"start":{"line":74,"column":17},"end":{"line":74,"column":32}}],"line":74}},"s":{"0":0,"1":0,"2":0,"3":0,"4":0,"5":0,"6":0,"7":0,"8":0,"9":0,"10":0,"11":0,"12":0,"13":0,"14":0,"15":0,"16":0,"17":0,"18":0,"19":0,"20":0,"21":0,"22":0,"23":0,"24":0,"25":0,"26":0,"27":0},"f":{"0":0,"1":0,"2":0,"3":0},"b":{"0":[0,0],"1":[0,0],"2":[0,0,0],"3":[0,0],"4":[0],"5":[0,0],"6":[0,0],"7":[0,0],"8":[0,0],"9":[0,0],"10":[0,0],"11":[0,0]}}
,"D:\\ComplianceHub\\COMPLIANCE_HUB_V2\\app\\functions\\helpers\\textNormalize.js": {"path":"D:\\ComplianceHub\\COMPLIANCE_HUB_V2\\app\\functions\\helpers\\textNormalize.js","statementMap":{"0":{"start":{"line":7,"column":17},"end":{"line":11,"column":15}},"1":{"start":{"line":13,"column":4},"end":{"line":13,"column":54}},"2":{"start":{"line":13,"column":28},"end":{"line":13,"column":54}},"3":{"start":{"line":14,"column":4},"end":{"line":14,"column":54}},"4":{"start":{"line":14,"column":28},"end":{"line":14,"column":54}},"5":{"start":{"line":15,"column":4},"end":{"line":15,"column":16}},"6":{"start":{"line":18,"column":0},"end":{"line":18,"column":35}}},"fnMap":{"0":{"name":"normalizeText","decl":{"start":{"line":6,"column":9},"end":{"line":6,"column":22}},"loc":{"start":{"line":6,"column":57},"end":{"line":16,"column":1}},"line":6}},"branchMap":{"0":{"loc":{"start":{"line":6,"column":30},"end":{"line":6,"column":55}},"type":"default-arg","locations":[{"start":{"line":6,"column":53},"end":{"line":6,"column":55}}],"line":6},"1":{"loc":{"start":{"line":6,"column":32},"end":{"line":6,"column":48}},"type":"default-arg","locations":[{"start":{"line":6,"column":41},"end":{"line":6,"column":48}}],"line":6},"2":{"loc":{"start":{"line":7,"column":24},"end":{"line":7,"column":35}},"type":"binary-expr","locations":[{"start":{"line":7,"column":24},"end":{"line":7,"column":29}},{"start":{"line":7,"column":33},"end":{"line":7,"column":35}}],"line":7},"3":{"loc":{"start":{"line":13,"column":4},"end":{"line":13,"column":54}},"type":"if","locations":[{"start":{"line":13,"column":4},"end":{"line":13,"column":54}},{"start":{},"end":{}}],"line":13},"4":{"loc":{"start":{"line":14,"column":4},"end":{"line":14,"column":54}},"type":"if","locations":[{"start":{"line":14,"column":4},"end":{"line":14,"column":54}},{"start":{},"end":{}}],"line":14}},"s":{"0":0,"1":0,"2":0,"3":0,"4":0,"5":0,"6":0},"f":{"0":0},"b":{"0":[0],"1":[0],"2":[0,0],"3":[0,0],"4":[0,0]}}
,"D:\\ComplianceHub\\COMPLIANCE_HUB_V2\\app\\functions\\helpers\\tribunalMap.js": {"path":"D:\\ComplianceHub\\COMPLIANCE_HUB_V2\\app\\functions\\helpers\\tribunalMap.js","statementMap":{"0":{"start":{"line":11,"column":28},"end":{"line":39,"column":1}},"1":{"start":{"line":41,"column":24},"end":{"line":69,"column":1}},"2":{"start":{"line":77,"column":16},"end":{"line":77,"column":48}},"3":{"start":{"line":78,"column":16},"end":{"line":78,"column":25}},"4":{"start":{"line":79,"column":4},"end":{"line":82,"column":5}},"5":{"start":{"line":80,"column":22},"end":{"line":80,"column":60}},"6":{"start":{"line":81,"column":8},"end":{"line":81,"column":52}},"7":{"start":{"line":81,"column":19},"end":{"line":81,"column":52}},"8":{"start":{"line":81,"column":40},"end":{"line":81,"column":50}},"9":{"start":{"line":83,"column":4},"end":{"line":83,"column":20}},"10":{"start":{"line":92,"column":16},"end":{"line":92,"column":48}},"11":{"start":{"line":93,"column":16},"end":{"line":93,"column":25}},"12":{"start":{"line":94,"column":4},"end":{"line":97,"column":5}},"13":{"start":{"line":95,"column":22},"end":{"line":95,"column":56}},"14":{"start":{"line":96,"column":8},"end":{"line":96,"column":52}},"15":{"start":{"line":96,"column":19},"end":{"line":96,"column":52}},"16":{"start":{"line":96,"column":40},"end":{"line":96,"column":50}},"17":{"start":{"line":98,"column":4},"end":{"line":98,"column":20}},"18":{"start":{"line":106,"column":29},"end":{"line":129,"column":1}},"19":{"start":{"line":138,"column":4},"end":{"line":138,"column":82}},"20":{"start":{"line":138,"column":70},"end":{"line":138,"column":82}},"21":{"start":{"line":140,"column":18},"end":{"line":140,"column":45}},"22":{"start":{"line":141,"column":4},"end":{"line":141,"column":54}},"23":{"start":{"line":141,"column":42},"end":{"line":141,"column":54}},"24":{"start":{"line":143,"column":24},"end":{"line":143,"column":51}},"25":{"start":{"line":144,"column":4},"end":{"line":144,"column":42}},"26":{"start":{"line":144,"column":30},"end":{"line":144,"column":42}},"27":{"start":{"line":146,"column":25},"end":{"line":146,"column":74}},"28":{"start":{"line":146,"column":57},"end":{"line":146,"column":72}},"29":{"start":{"line":147,"column":4},"end":{"line":147,"column":58}},"30":{"start":{"line":147,"column":36},"end":{"line":147,"column":56}},"31":{"start":{"line":150,"column":0},"end":{"line":157,"column":2}}},"fnMap":{"0":{"name":"getEscavadorTribunais","decl":{"start":{"line":76,"column":9},"end":{"line":76,"column":30}},"loc":{"start":{"line":76,"column":36},"end":{"line":84,"column":1}},"line":76},"1":{"name":"(anonymous_1)","decl":{"start":{"line":81,"column":33},"end":{"line":81,"column":34}},"loc":{"start":{"line":81,"column":40},"end":{"line":81,"column":50}},"line":81},"2":{"name":"getJuditTribunais","decl":{"start":{"line":91,"column":9},"end":{"line":91,"column":26}},"loc":{"start":{"line":91,"column":32},"end":{"line":99,"column":1}},"line":91},"3":{"name":"(anonymous_3)","decl":{"start":{"line":96,"column":33},"end":{"line":96,"column":34}},"loc":{"start":{"line":96,"column":40},"end":{"line":96,"column":50}},"line":96},"4":{"name":"getDjenGeoMatch","decl":{"start":{"line":137,"column":9},"end":{"line":137,"column":24}},"loc":{"start":{"line":137,"column":54},"end":{"line":148,"column":1}},"line":137},"5":{"name":"(anonymous_5)","decl":{"start":{"line":146,"column":50},"end":{"line":146,"column":51}},"loc":{"start":{"line":146,"column":57},"end":{"line":146,"column":72}},"line":146},"6":{"name":"(anonymous_6)","decl":{"start":{"line":147,"column":28},"end":{"line":147,"column":29}},"loc":{"start":{"line":147,"column":36},"end":{"line":147,"column":56}},"line":147}},"branchMap":{"0":{"loc":{"start":{"line":77,"column":16},"end":{"line":77,"column":48}},"type":"cond-expr","locations":[{"start":{"line":77,"column":37},"end":{"line":77,"column":40}},{"start":{"line":77,"column":43},"end":{"line":77,"column":48}}],"line":77},"1":{"loc":{"start":{"line":81,"column":8},"end":{"line":81,"column":52}},"type":"if","locations":[{"start":{"line":81,"column":8},"end":{"line":81,"column":52}},{"start":{},"end":{}}],"line":81},"2":{"loc":{"start":{"line":92,"column":16},"end":{"line":92,"column":48}},"type":"cond-expr","locations":[{"start":{"line":92,"column":37},"end":{"line":92,"column":40}},{"start":{"line":92,"column":43},"end":{"line":92,"column":48}}],"line":92},"3":{"loc":{"start":{"line":96,"column":8},"end":{"line":96,"column":52}},"type":"if","locations":[{"start":{"line":96,"column":8},"end":{"line":96,"column":52}},{"start":{},"end":{}}],"line":96},"4":{"loc":{"start":{"line":138,"column":4},"end":{"line":138,"column":82}},"type":"if","locations":[{"start":{"line":138,"column":4},"end":{"line":138,"column":82}},{"start":{},"end":{}}],"line":138},"5":{"loc":{"start":{"line":138,"column":8},"end":{"line":138,"column":68}},"type":"binary-expr","locations":[{"start":{"line":138,"column":8},"end":{"line":138,"column":22}},{"start":{"line":138,"column":26},"end":{"line":138,"column":39}},{"start":{"line":138,"column":43},"end":{"line":138,"column":68}}],"line":138},"6":{"loc":{"start":{"line":141,"column":4},"end":{"line":141,"column":54}},"type":"if","locations":[{"start":{"line":141,"column":4},"end":{"line":141,"column":54}},{"start":{},"end":{}}],"line":141},"7":{"loc":{"start":{"line":144,"column":4},"end":{"line":144,"column":42}},"type":"if","locations":[{"start":{"line":144,"column":4},"end":{"line":144,"column":42}},{"start":{},"end":{}}],"line":144}},"s":{"0":0,"1":0,"2":0,"3":0,"4":0,"5":0,"6":0,"7":0,"8":0,"9":0,"10":0,"11":0,"12":0,"13":0,"14":0,"15":0,"16":0,"17":0,"18":0,"19":0,"20":0,"21":0,"22":0,"23":0,"24":0,"25":0,"26":0,"27":0,"28":0,"29":0,"30":0,"31":0},"f":{"0":0,"1":0,"2":0,"3":0,"4":0,"5":0,"6":0},"b":{"0":[0,0],"1":[0,0],"2":[0,0],"3":[0,0],"4":[0,0],"5":[0,0,0],"6":[0,0],"7":[0,0]}}
}
