TN:
SF:application\analysis\addComment.js
FN:25,execute
FNF:1
FNH:0
FNDA:0,execute
DA:5,0
DA:7,0
DA:38,0
DA:40,0
DA:41,0
DA:42,0
DA:43,0
DA:44,0
DA:47,0
DA:48,0
DA:50,0
DA:66,0
DA:69,0
DA:70,0
DA:76,0
DA:79,0
LF:16
LH:0
BRDA:33,0,0,0
BRDA:36,1,0,0
BRDA:37,2,0,0
BRDA:40,3,0,0
BRDA:40,3,1,0
BRDA:40,4,0,0
BRDA:40,4,1,0
BRDA:58,5,0,0
BRDA:58,5,1,0
BRDA:59,6,0,0
BRDA:59,6,1,0
BRDA:69,7,0,0
BRDA:69,7,1,0
BRF:13
BRH:0
end_of_record
TN:
SF:application\dossier\buildClientProjection.js
FN:17,execute
FN:32,(anonymous_1)
FN:33,(anonymous_2)
FN:34,(anonymous_3)
FN:35,(anonymous_4)
FN:85,(anonymous_5)
FN:93,(anonymous_6)
FN:109,(anonymous_7)
FN:138,formatDate
FN:144,mapStatusToLabel
FN:155,extractProcesses
FN:165,buildAnalytics
FN:182,(anonymous_12)
FN:183,(anonymous_13)
FN:184,(anonymous_14)
FN:185,(anonymous_15)
FN:188,(anonymous_16)
FN:189,(anonymous_17)
FN:190,(anonymous_18)
FN:191,(anonymous_19)
FNF:20
FNH:0
FNDA:0,execute
FNDA:0,(anonymous_1)
FNDA:0,(anonymous_2)
FNDA:0,(anonymous_3)
FNDA:0,(anonymous_4)
FNDA:0,(anonymous_5)
FNDA:0,(anonymous_6)
FNDA:0,(anonymous_7)
FNDA:0,formatDate
FNDA:0,mapStatusToLabel
FNDA:0,extractProcesses
FNDA:0,buildAnalytics
FNDA:0,(anonymous_12)
FNDA:0,(anonymous_13)
FNDA:0,(anonymous_14)
FNDA:0,(anonymous_15)
FNDA:0,(anonymous_16)
FNDA:0,(anonymous_17)
FNDA:0,(anonymous_18)
FNDA:0,(anonymous_19)
DA:6,0
DA:7,0
DA:8,0
DA:10,0
DA:18,0
DA:19,0
DA:21,0
DA:22,0
DA:25,0
DA:32,0
DA:33,0
DA:34,0
DA:35,0
DA:38,0
DA:47,0
DA:63,0
DA:64,0
DA:66,0
DA:85,0
DA:93,0
DA:109,0
DA:120,0
DA:121,0
DA:131,0
DA:139,0
DA:140,0
DA:141,0
DA:145,0
DA:152,0
DA:156,0
DA:157,0
DA:158,0
DA:159,0
DA:162,0
DA:166,0
DA:167,0
DA:168,0
DA:169,0
DA:170,0
DA:172,0
DA:173,0
DA:174,0
DA:175,0
DA:176,0
DA:177,0
DA:180,0
DA:182,0
DA:183,0
DA:184,0
DA:185,0
DA:188,0
DA:189,0
DA:190,0
DA:191,0
DA:196,0
LF:55
LH:0
BRDA:19,0,0,0
BRDA:19,0,1,0
BRDA:51,1,0,0
BRDA:51,1,1,0
BRDA:52,2,0,0
BRDA:52,2,1,0
BRDA:53,3,0,0
BRDA:53,3,1,0
BRDA:55,4,0,0
BRDA:55,4,1,0
BRDA:56,5,0,0
BRDA:56,5,1,0
BRDA:57,6,0,0
BRDA:57,6,1,0
BRDA:78,7,0,0
BRDA:78,7,1,0
BRDA:79,8,0,0
BRDA:79,8,1,0
BRDA:79,9,0,0
BRDA:79,9,1,0
BRDA:105,10,0,0
BRDA:105,10,1,0
BRDA:107,11,0,0
BRDA:107,11,1,0
BRDA:108,12,0,0
BRDA:108,12,1,0
BRDA:110,13,0,0
BRDA:110,13,1,0
BRDA:139,14,0,0
BRDA:139,14,1,0
BRDA:140,15,0,0
BRDA:140,15,1,0
BRDA:152,16,0,0
BRDA:152,16,1,0
BRDA:158,17,0,0
BRDA:158,17,1,0
BRDA:158,18,0,0
BRDA:158,18,1,0
BRDA:173,19,0,0
BRDA:173,19,1,0
BRDA:174,20,0,0
BRDA:174,20,1,0
BRDA:175,21,0,0
BRDA:175,21,1,0
BRDA:176,22,0,0
BRDA:176,22,1,0
BRDA:177,23,0,0
BRDA:177,23,1,0
BRF:48
BRH:0
end_of_record
TN:
SF:application\dossier\createDossier.js
FN:31,execute
FN:106,(anonymous_1)
FN:107,(anonymous_2)
FN:177,(anonymous_3)
FN:200,generateDossierNumber
FN:203,(anonymous_5)
FN:216,findOrCreateSubject
FN:248,createModuleRuns
FNF:8
FNH:0
FNDA:0,execute
FNDA:0,(anonymous_1)
FNDA:0,(anonymous_2)
FNDA:0,(anonymous_3)
FNDA:0,generateDossierNumber
FNDA:0,(anonymous_5)
FNDA:0,findOrCreateSubject
FNDA:0,createModuleRuns
DA:7,0
DA:8,0
DA:9,0
DA:10,0
DA:11,0
DA:12,0
DA:14,0
DA:43,0
DA:46,0
DA:47,0
DA:48,0
DA:49,0
DA:50,0
DA:51,0
DA:55,0
DA:56,0
DA:58,0
DA:59,0
DA:60,0
DA:61,0
DA:62,0
DA:66,0
DA:67,0
DA:68,0
DA:69,0
DA:73,0
DA:74,0
DA:75,0
DA:76,0
DA:77,0
DA:82,0
DA:83,0
DA:84,0
DA:85,0
DA:86,0
DA:87,0
DA:90,0
DA:91,0
DA:92,0
DA:95,0
DA:104,0
DA:105,0
DA:106,0
DA:107,0
DA:110,0
DA:111,0
DA:112,0
DA:113,0
DA:114,0
DA:118,0
DA:121,0
DA:124,0
DA:125,0
DA:127,0
DA:173,0
DA:176,0
DA:177,0
DA:178,0
DA:179,0
DA:181,0
DA:186,0
DA:201,0
DA:203,0
DA:204,0
DA:205,0
DA:207,0
DA:208,0
DA:211,0
DA:212,0
DA:217,0
DA:218,0
DA:224,0
DA:225,0
DA:228,0
DA:229,0
DA:245,0
DA:249,0
DA:250,0
DA:252,0
DA:253,0
DA:254,0
DA:255,0
DA:270,0
DA:271,0
DA:275,0
DA:278,0
LF:86
LH:0
BRDA:39,0,0,0
BRDA:41,1,0,0
BRDA:42,2,0,0
BRDA:47,3,0,0
BRDA:47,3,1,0
BRDA:56,4,0,0
BRDA:56,4,1,0
BRDA:58,5,0,0
BRDA:58,5,1,0
BRDA:66,6,0,0
BRDA:66,6,1,0
BRDA:73,7,0,0
BRDA:73,7,1,0
BRDA:82,8,0,0
BRDA:82,8,1,0
BRDA:83,9,0,0
BRDA:83,9,1,0
BRDA:83,10,0,0
BRDA:83,10,1,0
BRDA:90,11,0,0
BRDA:90,11,1,0
BRDA:104,12,0,0
BRDA:104,12,1,0
BRDA:105,13,0,0
BRDA:105,13,1,0
BRDA:110,14,0,0
BRDA:110,14,1,0
BRDA:133,15,0,0
BRDA:133,15,1,0
BRDA:134,16,0,0
BRDA:134,16,1,0
BRDA:139,17,0,0
BRDA:139,17,1,0
BRDA:141,18,0,0
BRDA:141,18,1,0
BRDA:152,19,0,0
BRDA:152,19,1,0
BRDA:162,20,0,0
BRDA:162,20,1,0
BRDA:207,21,0,0
BRDA:207,21,1,0
BRDA:208,22,0,0
BRDA:208,22,1,0
BRDA:224,23,0,0
BRDA:224,23,1,0
BRDA:234,24,0,0
BRDA:234,24,1,0
BRDA:253,25,0,0
BRDA:253,25,1,0
BRF:49
BRH:0
end_of_record
TN:
SF:application\dossier\getDossierDetail.js
FN:20,execute
FN:43,(anonymous_1)
FN:44,(anonymous_2)
FN:45,(anonymous_3)
FN:46,(anonymous_4)
FN:81,(anonymous_5)
FN:89,(anonymous_6)
FN:105,(anonymous_7)
FN:120,formatDate
FN:126,buildAnalytics
FN:145,(anonymous_10)
FN:146,(anonymous_11)
FN:147,(anonymous_12)
FN:148,(anonymous_13)
FN:151,(anonymous_14)
FN:152,(anonymous_15)
FN:153,(anonymous_16)
FN:154,(anonymous_17)
FN:159,extractProcesses
FNF:19
FNH:0
FNDA:0,execute
FNDA:0,(anonymous_1)
FNDA:0,(anonymous_2)
FNDA:0,(anonymous_3)
FNDA:0,(anonymous_4)
FNDA:0,(anonymous_5)
FNDA:0,(anonymous_6)
FNDA:0,(anonymous_7)
FNDA:0,formatDate
FNDA:0,buildAnalytics
FNDA:0,(anonymous_10)
FNDA:0,(anonymous_11)
FNDA:0,(anonymous_12)
FNDA:0,(anonymous_13)
FNDA:0,(anonymous_14)
FNDA:0,(anonymous_15)
FNDA:0,(anonymous_16)
FNDA:0,(anonymous_17)
FNDA:0,extractProcesses
DA:6,0
DA:7,0
DA:8,0
DA:10,0
DA:21,0
DA:23,0
DA:24,0
DA:25,0
DA:26,0
DA:27,0
DA:28,0
DA:31,0
DA:34,0
DA:42,0
DA:43,0
DA:44,0
DA:45,0
DA:46,0
DA:49,0
DA:58,0
DA:60,0
DA:81,0
DA:89,0
DA:105,0
DA:121,0
DA:122,0
DA:123,0
DA:127,0
DA:129,0
DA:130,0
DA:131,0
DA:132,0
DA:133,0
DA:135,0
DA:136,0
DA:137,0
DA:138,0
DA:139,0
DA:140,0
DA:143,0
DA:145,0
DA:146,0
DA:147,0
DA:148,0
DA:151,0
DA:152,0
DA:153,0
DA:154,0
DA:160,0
DA:161,0
DA:162,0
DA:163,0
DA:166,0
DA:169,0
LF:54
LH:0
BRDA:21,0,0,0
BRDA:24,1,0,0
BRDA:24,1,1,0
BRDA:24,2,0,0
BRDA:24,2,1,0
BRDA:42,3,0,0
BRDA:42,3,1,0
BRDA:58,4,0,0
BRDA:58,4,1,0
BRDA:68,5,0,0
BRDA:68,5,1,0
BRDA:69,6,0,0
BRDA:69,6,1,0
BRDA:74,7,0,0
BRDA:74,7,1,0
BRDA:75,8,0,0
BRDA:75,8,1,0
BRDA:75,9,0,0
BRDA:75,9,1,0
BRDA:101,10,0,0
BRDA:101,10,1,0
BRDA:103,11,0,0
BRDA:103,11,1,0
BRDA:104,12,0,0
BRDA:104,12,1,0
BRDA:106,13,0,0
BRDA:106,13,1,0
BRDA:121,14,0,0
BRDA:121,14,1,0
BRDA:122,15,0,0
BRDA:122,15,1,0
BRDA:136,16,0,0
BRDA:136,16,1,0
BRDA:137,17,0,0
BRDA:137,17,1,0
BRDA:138,18,0,0
BRDA:138,18,1,0
BRDA:139,19,0,0
BRDA:139,19,1,0
BRDA:140,20,0,0
BRDA:140,20,1,0
BRDA:162,21,0,0
BRDA:162,21,1,0
BRDA:162,22,0,0
BRDA:162,22,1,0
BRF:45
BRH:0
end_of_record
TN:
SF:application\dossier\processDossier.js
FN:21,execute
FNF:1
FNH:0
FNDA:0,execute
DA:7,0
DA:8,0
DA:9,0
DA:11,0
DA:22,0
DA:24,0
DA:25,0
DA:27,0
DA:28,0
DA:29,0
DA:30,0
DA:31,0
DA:34,0
DA:35,0
DA:36,0
DA:37,0
DA:38,0
DA:39,0
DA:43,0
DA:44,0
DA:45,0
DA:46,0
DA:47,0
DA:48,0
DA:52,0
DA:57,0
DA:58,0
DA:59,0
DA:66,0
DA:69,0
DA:76,0
DA:84,0
LF:32
LH:0
BRDA:27,0,0,0
BRDA:27,0,1,0
BRDA:35,1,0,0
BRDA:35,1,1,0
BRDA:44,2,0,0
BRDA:44,2,1,0
BRDA:45,3,0,0
BRDA:45,3,1,0
BRDA:73,4,0,0
BRDA:73,4,1,0
BRF:10
BRH:0
end_of_record
TN:
SF:application\profile\createCustomProfile.js
FN:22,execute
FN:43,(anonymous_1)
FN:63,(anonymous_2)
FN:64,(anonymous_3)
FNF:4
FNH:0
FNDA:0,execute
FNDA:0,(anonymous_1)
FNDA:0,(anonymous_2)
FNDA:0,(anonymous_3)
DA:5,0
DA:6,0
DA:7,0
DA:9,0
DA:23,0
DA:25,0
DA:26,0
DA:27,0
DA:28,0
DA:29,0
DA:32,0
DA:33,0
DA:34,0
DA:35,0
DA:36,0
DA:40,0
DA:41,0
DA:42,0
DA:43,0
DA:44,0
DA:48,0
DA:50,0
DA:51,0
DA:53,0
DA:63,0
DA:64,0
DA:70,0
DA:72,0
DA:75,0
LF:29
LH:0
BRDA:25,0,0,0
BRDA:25,0,1,0
BRDA:25,1,0,0
BRDA:25,1,1,0
BRDA:32,2,0,0
BRDA:32,2,1,0
BRDA:32,3,0,0
BRDA:32,3,1,0
BRDA:43,4,0,0
BRDA:43,4,1,0
BRDA:57,5,0,0
BRDA:57,5,1,0
BRF:12
BRH:0
end_of_record
TN:
SF:application\report\buildReportSnapshot.js
FN:19,execute
FN:42,(anonymous_1)
FN:43,(anonymous_2)
FN:44,(anonymous_3)
FN:45,(anonymous_4)
FN:70,(anonymous_5)
FN:80,(anonymous_6)
FN:91,(anonymous_7)
FN:116,maskDocument
FN:127,sanitizeEvidenceContent
FNF:10
FNH:0
FNDA:0,execute
FNDA:0,(anonymous_1)
FNDA:0,(anonymous_2)
FNDA:0,(anonymous_3)
FNDA:0,(anonymous_4)
FNDA:0,(anonymous_5)
FNDA:0,(anonymous_6)
FNDA:0,(anonymous_7)
FNDA:0,maskDocument
FNDA:0,sanitizeEvidenceContent
DA:6,0
DA:7,0
DA:8,0
DA:10,0
DA:20,0
DA:22,0
DA:23,0
DA:24,0
DA:25,0
DA:26,0
DA:27,0
DA:30,0
DA:33,0
DA:41,0
DA:42,0
DA:43,0
DA:44,0
DA:45,0
DA:48,0
DA:57,0
DA:70,0
DA:80,0
DA:91,0
DA:100,0
DA:101,0
DA:104,0
DA:109,0
DA:117,0
DA:118,0
DA:119,0
DA:121,0
DA:122,0
DA:124,0
DA:128,0
DA:130,0
DA:131,0
DA:134,0
LF:37
LH:0
BRDA:23,0,0,0
BRDA:23,0,1,0
BRDA:23,1,0,0
BRDA:23,1,1,0
BRDA:41,2,0,0
BRDA:41,2,1,0
BRDA:66,3,0,0
BRDA:66,3,1,0
BRDA:87,4,0,0
BRDA:87,4,1,0
BRDA:89,5,0,0
BRDA:89,5,1,0
BRDA:90,6,0,0
BRDA:90,6,1,0
BRDA:117,7,0,0
BRDA:117,7,1,0
BRDA:118,8,0,0
BRDA:118,8,1,0
BRDA:121,9,0,0
BRDA:121,9,1,0
BRDA:128,10,0,0
BRDA:128,10,1,0
BRF:22
BRH:0
end_of_record
TN:
SF:application\report\exportReport.js
FN:13,execute
FNF:1
FNH:0
FNDA:0,execute
DA:14,0
DA:19,0
DA:28,0
LF:3
LH:0
BRDA:14,0,0,0
BRF:1
BRH:0
end_of_record
TN:
SF:domain\dossierSchema.js
FN:192,asArray
FN:197,uniqueStrings
FN:200,(anonymous_2)
FN:205,normalizePlainObject
FN:210,pickSubjectScopedValue
FN:217,pickSubjectScopedSchemaKey
FN:224,expandSectionKeysFromMacroAreas
FN:228,(anonymous_7)
FN:229,(anonymous_8)
FN:233,inferMacroAreasFromSections
FN:236,(anonymous_10)
FN:520,resolveSchema
FN:529,resolveSchemaForProduct
FN:547,resolvePreset
FN:552,resolveSchemaKeyForContext
FN:571,resolveDossierConfiguration
FN:607,(anonymous_16)
FN:654,resolveSections
FN:657,(anonymous_18)
FN:658,(anonymous_19)
FN:670,resolveMacroAreas
FN:690,(anonymous_21)
FN:698,buildDossierProjection
FN:737,(anonymous_23)
FN:738,(anonymous_24)
FN:743,(anonymous_25)
FN:744,(anonymous_26)
FN:759,(anonymous_27)
FN:769,(anonymous_28)
FN:770,(anonymous_29)
FN:771,(anonymous_30)
FN:781,validateCustomSchema
FNF:32
FNH:0
FNDA:0,asArray
FNDA:0,uniqueStrings
FNDA:0,(anonymous_2)
FNDA:0,normalizePlainObject
FNDA:0,pickSubjectScopedValue
FNDA:0,pickSubjectScopedSchemaKey
FNDA:0,expandSectionKeysFromMacroAreas
FNDA:0,(anonymous_7)
FNDA:0,(anonymous_8)
FNDA:0,inferMacroAreasFromSections
FNDA:0,(anonymous_10)
FNDA:0,resolveSchema
FNDA:0,resolveSchemaForProduct
FNDA:0,resolvePreset
FNDA:0,resolveSchemaKeyForContext
FNDA:0,resolveDossierConfiguration
FNDA:0,(anonymous_16)
FNDA:0,resolveSections
FNDA:0,(anonymous_18)
FNDA:0,(anonymous_19)
FNDA:0,resolveMacroAreas
FNDA:0,(anonymous_21)
FNDA:0,buildDossierProjection
FNDA:0,(anonymous_23)
FNDA:0,(anonymous_24)
FNDA:0,(anonymous_25)
FNDA:0,(anonymous_26)
FNDA:0,(anonymous_27)
FNDA:0,(anonymous_28)
FNDA:0,(anonymous_29)
FNDA:0,(anonymous_30)
FNDA:0,validateCustomSchema
DA:7,0
DA:13,0
DA:93,0
DA:193,0
DA:194,0
DA:198,0
DA:200,0
DA:206,0
DA:207,0
DA:211,0
DA:212,0
DA:213,0
DA:214,0
DA:218,0
DA:219,0
DA:220,0
DA:221,0
DA:225,0
DA:226,0
DA:228,0
DA:229,0
DA:234,0
DA:236,0
DA:245,0
DA:412,0
DA:499,0
DA:521,0
DA:530,0
DA:543,0
DA:544,0
DA:548,0
DA:549,0
DA:558,0
DA:559,0
DA:561,0
DA:562,0
DA:563,0
DA:564,0
DA:567,0
DA:568,0
DA:572,0
DA:573,0
DA:574,0
DA:580,0
DA:582,0
DA:583,0
DA:584,0
DA:585,0
DA:586,0
DA:591,0
DA:592,0
DA:593,0
DA:594,0
DA:598,0
DA:599,0
DA:601,0
DA:602,0
DA:605,0
DA:607,0
DA:609,0
DA:610,0
DA:611,0
DA:612,0
DA:613,0
DA:620,0
DA:625,0
DA:655,0
DA:656,0
DA:657,0
DA:659,0
DA:660,0
DA:661,0
DA:671,0
DA:672,0
DA:674,0
DA:675,0
DA:676,0
DA:677,0
DA:678,0
DA:687,0
DA:690,0
DA:705,0
DA:706,0
DA:707,0
DA:708,0
DA:713,0
DA:714,0
DA:721,0
DA:722,0
DA:723,0
DA:726,0
DA:727,0
DA:728,0
DA:729,0
DA:730,0
DA:731,0
DA:732,0
DA:733,0
DA:736,0
DA:737,0
DA:738,0
DA:739,0
DA:743,0
DA:744,0
DA:745,0
DA:746,0
DA:759,0
DA:761,0
DA:769,0
DA:770,0
DA:771,0
DA:782,0
DA:783,0
DA:785,0
DA:786,0
DA:787,0
DA:791,0
DA:792,0
DA:793,0
DA:798,0
DA:799,0
DA:800,0
DA:801,0
DA:805,0
DA:812,0
LF:125
LH:0
BRDA:193,0,0,0
BRDA:193,0,1,0
BRDA:194,1,0,0
BRDA:194,1,1,0
BRDA:197,2,0,0
BRDA:200,3,0,0
BRDA:200,3,1,0
BRDA:206,4,0,0
BRDA:206,4,1,0
BRDA:206,5,0,0
BRDA:206,5,1,0
BRDA:206,5,2,0
BRDA:210,6,0,0
BRDA:211,7,0,0
BRDA:211,7,1,0
BRDA:212,8,0,0
BRDA:212,8,1,0
BRDA:213,9,0,0
BRDA:213,9,1,0
BRDA:214,10,0,0
BRDA:214,10,1,0
BRDA:214,10,2,0
BRDA:214,10,3,0
BRDA:217,11,0,0
BRDA:218,12,0,0
BRDA:218,12,1,0
BRDA:219,13,0,0
BRDA:219,13,1,0
BRDA:220,14,0,0
BRDA:220,14,1,0
BRDA:221,15,0,0
BRDA:221,15,1,0
BRDA:221,15,2,0
BRDA:221,15,3,0
BRDA:224,16,0,0
BRDA:233,17,0,0
BRDA:521,18,0,0
BRDA:521,18,1,0
BRDA:544,19,0,0
BRDA:544,19,1,0
BRDA:548,20,0,0
BRDA:548,20,1,0
BRDA:549,21,0,0
BRDA:549,21,1,0
BRDA:552,22,0,0
BRDA:553,23,0,0
BRDA:554,24,0,0
BRDA:555,25,0,0
BRDA:556,26,0,0
BRDA:558,27,0,0
BRDA:558,27,1,0
BRDA:559,28,0,0
BRDA:559,28,1,0
BRDA:563,29,0,0
BRDA:563,29,1,0
BRDA:563,30,0,0
BRDA:563,30,1,0
BRDA:568,31,0,0
BRDA:568,31,1,0
BRDA:571,32,0,0
BRDA:572,33,0,0
BRDA:572,33,1,0
BRDA:572,34,0,0
BRDA:572,34,1,0
BRDA:580,35,0,0
BRDA:580,35,1,0
BRDA:584,36,0,0
BRDA:584,36,1,0
BRDA:586,37,0,0
BRDA:586,37,1,0
BRDA:592,38,0,0
BRDA:592,38,1,0
BRDA:594,39,0,0
BRDA:594,39,1,0
BRDA:598,40,0,0
BRDA:598,40,1,0
BRDA:598,41,0,0
BRDA:598,41,1,0
BRDA:601,42,0,0
BRDA:601,42,1,0
BRDA:601,43,0,0
BRDA:601,43,1,0
BRDA:611,44,0,0
BRDA:611,44,1,0
BRDA:611,45,0,0
BRDA:611,45,1,0
BRDA:611,45,2,0
BRDA:614,46,0,0
BRDA:614,46,1,0
BRDA:614,46,2,0
BRDA:614,46,3,0
BRDA:614,46,4,0
BRDA:615,47,0,0
BRDA:615,47,1,0
BRDA:616,48,0,0
BRDA:616,48,1,0
BRDA:617,49,0,0
BRDA:617,49,1,0
BRDA:629,50,0,0
BRDA:629,50,1,0
BRDA:630,51,0,0
BRDA:630,51,1,0
BRDA:631,52,0,0
BRDA:631,52,1,0
BRDA:632,53,0,0
BRDA:632,53,1,0
BRDA:641,54,0,0
BRDA:641,54,1,0
BRDA:641,55,0,0
BRDA:641,55,1,0
BRDA:642,56,0,0
BRDA:642,56,1,0
BRDA:642,57,0,0
BRDA:642,57,1,0
BRDA:654,58,0,0
BRDA:659,59,0,0
BRDA:659,59,1,0
BRDA:660,60,0,0
BRDA:660,60,1,0
BRDA:661,61,0,0
BRDA:661,61,1,0
BRDA:670,62,0,0
BRDA:676,63,0,0
BRDA:676,63,1,0
BRDA:680,64,0,0
BRDA:680,64,1,0
BRDA:681,65,0,0
BRDA:681,65,1,0
BRDA:682,66,0,0
BRDA:682,66,1,0
BRDA:683,67,0,0
BRDA:683,67,1,0
BRDA:698,68,0,0
BRDA:701,69,0,0
BRDA:702,70,0,0
BRDA:703,71,0,0
BRDA:704,72,0,0
BRDA:706,73,0,0
BRDA:706,73,1,0
BRDA:707,74,0,0
BRDA:707,74,1,0
BRDA:707,75,0,0
BRDA:707,75,1,0
BRDA:707,75,2,0
BRDA:713,76,0,0
BRDA:713,76,1,0
BRDA:723,77,0,0
BRDA:723,77,1,0
BRDA:729,78,0,0
BRDA:729,78,1,0
BRDA:730,79,0,0
BRDA:730,79,1,0
BRDA:731,80,0,0
BRDA:731,80,1,0
BRDA:733,81,0,0
BRDA:733,81,1,0
BRDA:744,82,0,0
BRDA:744,82,1,0
BRDA:748,83,0,0
BRDA:748,83,1,0
BRDA:749,84,0,0
BRDA:749,84,1,0
BRDA:750,85,0,0
BRDA:750,85,1,0
BRDA:751,86,0,0
BRDA:751,86,1,0
BRDA:759,87,0,0
BRDA:759,87,1,0
BRDA:759,88,0,0
BRDA:759,88,1,0
BRDA:763,89,0,0
BRDA:763,89,1,0
BRDA:764,90,0,0
BRDA:764,90,1,0
BRDA:781,91,0,0
BRDA:783,92,0,0
BRDA:783,93,0,0
BRDA:786,94,0,0
BRDA:786,94,1,0
BRDA:792,95,0,0
BRDA:792,95,1,0
BRDA:800,96,0,0
BRDA:800,96,1,0
BRDA:800,97,0,0
BRDA:800,97,1,0
BRF:185
BRH:0
end_of_record
TN:
SF:domain\v2BillingDrilldown.js
FN:7,asArray
FN:12,roundMoney
FN:16,getQuantity
FN:21,getInternalCost
FN:30,addGroup
FN:50,buildBillingDrilldown
FN:61,(anonymous_6)
FN:116,escapeCsv
FN:123,buildBillingDrilldownExport
FN:143,(anonymous_9)
FN:143,(anonymous_10)
FNF:11
FNH:0
FNDA:0,asArray
FNDA:0,roundMoney
FNDA:0,getQuantity
FNDA:0,getInternalCost
FNDA:0,addGroup
FNDA:0,buildBillingDrilldown
FNDA:0,(anonymous_6)
FNDA:0,escapeCsv
FNDA:0,buildBillingDrilldownExport
FNDA:0,(anonymous_9)
FNDA:0,(anonymous_10)
DA:3,0
DA:5,0
DA:8,0
DA:9,0
DA:13,0
DA:17,0
DA:18,0
DA:22,0
DA:23,0
DA:24,0
DA:25,0
DA:27,0
DA:31,0
DA:32,0
DA:33,0
DA:41,0
DA:42,0
DA:43,0
DA:44,0
DA:45,0
DA:46,0
DA:51,0
DA:52,0
DA:53,0
DA:54,0
DA:55,0
DA:57,0
DA:58,0
DA:59,0
DA:61,0
DA:62,0
DA:63,0
DA:64,0
DA:65,0
DA:66,0
DA:68,0
DA:69,0
DA:70,0
DA:71,0
DA:73,0
DA:90,0
DA:91,0
DA:94,0
DA:99,0
DA:101,0
DA:117,0
DA:118,0
DA:119,0
DA:120,0
DA:124,0
DA:125,0
DA:126,0
DA:133,0
DA:134,0
DA:139,0
DA:141,0
DA:143,0
DA:146,0
DA:153,0
LF:59
LH:0
BRDA:8,0,0,0
BRDA:8,0,1,0
BRDA:9,1,0,0
BRDA:9,1,1,0
BRDA:13,2,0,0
BRDA:13,2,1,0
BRDA:17,3,0,0
BRDA:17,3,1,0
BRDA:18,4,0,0
BRDA:18,4,1,0
BRDA:18,5,0,0
BRDA:18,5,1,0
BRDA:22,6,0,0
BRDA:22,6,1,0
BRDA:23,7,0,0
BRDA:23,7,1,0
BRDA:24,8,0,0
BRDA:24,8,1,0
BRDA:24,9,0,0
BRDA:24,9,1,0
BRDA:31,10,0,0
BRDA:31,10,1,0
BRDA:32,11,0,0
BRDA:32,11,1,0
BRDA:38,12,0,0
BRDA:38,12,1,0
BRDA:44,13,0,0
BRDA:44,13,1,0
BRDA:45,14,0,0
BRDA:45,14,1,0
BRDA:50,15,0,0
BRDA:50,16,0,0
BRDA:50,17,0,0
BRDA:50,18,0,0
BRDA:65,19,0,0
BRDA:65,19,1,0
BRDA:71,20,0,0
BRDA:71,20,1,0
BRDA:74,21,0,0
BRDA:74,21,1,0
BRDA:75,22,0,0
BRDA:75,22,1,0
BRDA:76,23,0,0
BRDA:76,23,1,0
BRDA:77,24,0,0
BRDA:77,24,1,0
BRDA:78,25,0,0
BRDA:78,25,1,0
BRDA:79,26,0,0
BRDA:79,26,1,0
BRDA:80,27,0,0
BRDA:80,27,1,0
BRDA:81,28,0,0
BRDA:81,28,1,0
BRDA:82,29,0,0
BRDA:82,29,1,0
BRDA:83,30,0,0
BRDA:83,30,1,0
BRDA:87,31,0,0
BRDA:87,31,1,0
BRDA:88,32,0,0
BRDA:88,32,1,0
BRDA:90,33,0,0
BRDA:90,33,1,0
BRDA:99,34,0,0
BRDA:99,34,1,0
BRDA:104,35,0,0
BRDA:104,35,1,0
BRDA:104,35,2,0
BRDA:105,36,0,0
BRDA:105,36,1,0
BRDA:117,37,0,0
BRDA:117,37,1,0
BRDA:117,38,0,0
BRDA:117,38,1,0
BRDA:119,39,0,0
BRDA:119,39,1,0
BRDA:123,40,0,0
BRDA:123,41,0,0
BRDA:124,42,0,0
BRDA:124,42,1,0
BRDA:125,43,0,0
BRDA:125,43,1,0
BRDA:139,44,0,0
BRDA:139,44,1,0
BRF:85
BRH:0
end_of_record
TN:
SF:domain\v2BillingEngine.js
FN:8,db
FN:16,closeBillingPeriod
FN:25,(anonymous_2)
FN:55,(anonymous_3)
FNF:4
FNH:0
FNDA:0,db
FNDA:0,closeBillingPeriod
FNDA:0,(anonymous_2)
FNDA:0,(anonymous_3)
DA:3,0
DA:4,0
DA:9,0
DA:10,0
DA:17,0
DA:20,0
DA:25,0
DA:28,0
DA:31,0
DA:32,0
DA:34,0
DA:48,0
DA:50,0
DA:53,0
DA:56,0
LF:15
LH:0
BRDA:9,0,0,0
BRDA:9,0,1,0
BRDA:16,1,0,0
BRDA:44,2,0,0
BRDA:44,2,1,0
BRDA:45,3,0,0
BRDA:45,3,1,0
BRF:7
BRH:0
end_of_record
TN:
SF:domain\v2BillingResolver.js
FN:53,buildBillingEntry
FN:67,summarizeTenantUsage
FN:92,summarizeUsageMeters
FN:142,summarizeBillingOverview
FN:158,resolveCommercialPreset
FN:162,(anonymous_5)
FN:168,(anonymous_6)
FN:169,(anonymous_7)
FNF:8
FNH:0
FNDA:0,buildBillingEntry
FNDA:0,summarizeTenantUsage
FNDA:0,summarizeUsageMeters
FNDA:0,summarizeBillingOverview
FNDA:0,resolveCommercialPreset
FNDA:0,(anonymous_5)
FNDA:0,(anonymous_6)
FNDA:0,(anonymous_7)
DA:4,0
DA:30,0
DA:54,0
DA:55,0
DA:57,0
DA:58,0
DA:68,0
DA:69,0
DA:70,0
DA:72,0
DA:73,0
DA:74,0
DA:75,0
DA:76,0
DA:78,0
DA:79,0
DA:80,0
DA:81,0
DA:84,0
DA:93,0
DA:94,0
DA:95,0
DA:96,0
DA:97,0
DA:99,0
DA:100,0
DA:101,0
DA:102,0
DA:103,0
DA:104,0
DA:105,0
DA:115,0
DA:116,0
DA:118,0
DA:119,0
DA:120,0
DA:122,0
DA:123,0
DA:124,0
DA:125,0
DA:126,0
DA:127,0
DA:131,0
DA:143,0
DA:144,0
DA:151,0
DA:159,0
DA:160,0
DA:162,0
DA:163,0
DA:164,0
DA:165,0
DA:168,0
DA:169,0
DA:171,0
DA:182,0
LF:56
LH:0
BRDA:53,0,0,0
BRDA:53,1,0,0
BRDA:53,2,0,0
BRDA:55,3,0,0
BRDA:55,3,1,0
BRDA:63,4,0,0
BRDA:63,4,1,0
BRDA:67,5,0,0
BRDA:73,6,0,0
BRDA:73,6,1,0
BRDA:73,7,0,0
BRDA:73,7,1,0
BRDA:75,8,0,0
BRDA:75,8,1,0
BRDA:76,9,0,0
BRDA:76,9,1,0
BRDA:78,10,0,0
BRDA:78,10,1,0
BRDA:79,11,0,0
BRDA:79,11,1,0
BRDA:80,12,0,0
BRDA:80,12,1,0
BRDA:81,13,0,0
BRDA:81,13,1,0
BRDA:92,14,0,0
BRDA:100,15,0,0
BRDA:100,15,1,0
BRDA:100,16,0,0
BRDA:100,16,1,0
BRDA:102,17,0,0
BRDA:102,17,1,0
BRDA:103,18,0,0
BRDA:103,18,1,0
BRDA:104,19,0,0
BRDA:104,19,1,0
BRDA:118,20,0,0
BRDA:118,20,1,0
BRDA:122,21,0,0
BRDA:122,21,1,0
BRDA:122,22,0,0
BRDA:122,22,1,0
BRDA:142,23,0,0
BRDA:142,24,0,0
BRDA:142,25,0,0
BRDA:143,26,0,0
BRDA:143,26,1,0
BRDA:143,27,0,0
BRDA:143,27,1,0
BRDA:160,28,0,0
BRDA:160,28,1,0
BRDA:163,29,0,0
BRDA:163,29,1,0
BRF:52
BRH:0
end_of_record
TN:
SF:domain\v2CaseStatus.js
FN:45,hasPublishedArtifacts
FN:55,mapLegacyStatusToV2
FN:78,mapV2StatusToLegacy
FN:95,isValidTransition
FN:103,transitionCaseStatus
FN:128,getInitialV2Status
FN:132,deriveV2StatusFromEnrichment
FNF:7
FNH:0
FNDA:0,hasPublishedArtifacts
FNDA:0,mapLegacyStatusToV2
FNDA:0,mapV2StatusToLegacy
FNDA:0,isValidTransition
FNDA:0,transitionCaseStatus
FNDA:0,getInitialV2Status
FNDA:0,deriveV2StatusFromEnrichment
DA:3,0
DA:11,0
DA:19,0
DA:21,0
DA:46,0
DA:56,0
DA:57,0
DA:59,0
DA:62,0
DA:64,0
DA:68,0
DA:72,0
DA:74,0
DA:79,0
DA:81,0
DA:83,0
DA:85,0
DA:87,0
DA:89,0
DA:91,0
DA:96,0
DA:97,0
DA:98,0
DA:99,0
DA:100,0
DA:104,0
DA:105,0
DA:107,0
DA:108,0
DA:110,0
DA:111,0
DA:113,0
DA:114,0
DA:116,0
DA:117,0
DA:118,0
DA:125,0
DA:129,0
DA:133,0
DA:134,0
DA:135,0
DA:137,0
DA:138,0
DA:142,0
DA:143,0
DA:145,0
DA:148,0
LF:47
LH:0
BRDA:45,0,0,0
BRDA:47,1,0,0
BRDA:47,1,1,0
BRDA:47,1,2,0
BRDA:47,1,3,0
BRDA:47,1,4,0
BRDA:47,1,5,0
BRDA:55,2,0,0
BRDA:56,3,0,0
BRDA:56,3,1,0
BRDA:57,4,0,0
BRDA:57,4,1,0
BRDA:57,4,2,0
BRDA:57,4,3,0
BRDA:57,4,4,0
BRDA:57,4,5,0
BRDA:57,4,6,0
BRDA:57,4,7,0
BRDA:57,4,8,0
BRDA:64,5,0,0
BRDA:64,5,1,0
BRDA:79,6,0,0
BRDA:79,6,1,0
BRDA:79,6,2,0
BRDA:79,6,3,0
BRDA:79,6,4,0
BRDA:79,6,5,0
BRDA:96,7,0,0
BRDA:96,7,1,0
BRDA:97,8,0,0
BRDA:97,8,1,0
BRDA:98,9,0,0
BRDA:98,9,1,0
BRDA:99,10,0,0
BRDA:99,10,1,0
BRDA:104,11,0,0
BRDA:104,11,1,0
BRDA:105,12,0,0
BRDA:105,12,1,0
BRDA:107,13,0,0
BRDA:107,13,1,0
BRDA:110,14,0,0
BRDA:110,14,1,0
BRDA:113,15,0,0
BRDA:113,15,1,0
BRDA:116,16,0,0
BRDA:116,16,1,0
BRDA:117,17,0,0
BRDA:117,17,1,0
BRDA:121,18,0,0
BRDA:121,18,1,0
BRDA:132,19,0,0
BRDA:133,20,0,0
BRDA:133,20,1,0
BRDA:134,21,0,0
BRDA:134,21,1,0
BRDA:134,22,0,0
BRDA:134,22,1,0
BRDA:134,22,2,0
BRDA:137,23,0,0
BRDA:137,23,1,0
BRDA:137,24,0,0
BRDA:137,24,1,0
BRDA:137,24,2,0
BRDA:138,25,0,0
BRDA:138,25,1,0
BRDA:142,26,0,0
BRDA:142,26,1,0
BRDA:142,27,0,0
BRDA:142,27,1,0
BRF:70
BRH:0
end_of_record
TN:
SF:domain\v2ClientProjectionBuilder.js
FN:7,db
FN:46,syncClientCaseListProjection
FNF:2
FNH:0
FNDA:0,db
FNDA:0,syncClientCaseListProjection
DA:3,0
DA:8,0
DA:9,0
DA:16,0
DA:47,0
DA:49,0
DA:50,0
DA:52,0
DA:55,0
DA:56,0
DA:57,0
DA:62,0
DA:65,0
DA:66,0
DA:69,0
DA:70,0
DA:72,0
DA:76,0
DA:77,0
DA:79,0
DA:80,0
DA:84,0
DA:85,0
DA:88,0
LF:24
LH:0
BRDA:8,0,0,0
BRDA:8,0,1,0
BRDA:47,1,0,0
BRDA:47,1,1,0
BRDA:47,2,0,0
BRDA:47,2,1,0
BRDA:50,3,0,0
BRDA:50,3,1,0
BRDA:56,4,0,0
BRDA:56,4,1,0
BRDA:66,5,0,0
BRDA:66,5,1,0
BRDA:69,6,0,0
BRDA:69,6,1,0
BRDA:69,7,0,0
BRDA:69,7,1,0
BRDA:76,8,0,0
BRDA:76,8,1,0
BRDA:76,9,0,0
BRDA:76,9,1,0
BRDA:79,10,0,0
BRDA:79,10,1,0
BRDA:79,11,0,0
BRDA:79,11,1,0
BRF:24
BRH:0
end_of_record
TN:
SF:domain\v2Core.js
FN:34,stripUndefined
FN:36,(anonymous_1)
FN:42,(anonymous_2)
FN:43,(anonymous_3)
FN:50,stableStringify
FN:61,(anonymous_5)
FN:65,createHash
FN:72,hasMeaningfulValue
FN:79,asArray
FN:84,unique
FN:88,normalizeModuleKey
FN:94,inferProductKey
FN:98,inferRequestedModuleKeys
FN:112,inferReportModuleKeys
FN:127,inferClientCommercialModuleKeys
FN:129,(anonymous_15)
FN:133,(anonymous_16)
FN:137,(anonymous_17)
FN:140,buildReasons
FN:142,(anonymous_19)
FN:150,inferReviewLevel
FN:160,buildDecisionContract
FN:207,buildReportSections
FN:238,(anonymous_23)
FN:244,(anonymous_24)
FN:281,buildReportSnapshotContract
FN:325,resolvePublicReportAvailability
FN:431,buildClientProjectionContract
FN:441,(anonymous_28)
FN:458,(anonymous_29)
FN:493,validatePublicationGates
FNF:31
FNH:0
FNDA:0,stripUndefined
FNDA:0,(anonymous_1)
FNDA:0,(anonymous_2)
FNDA:0,(anonymous_3)
FNDA:0,stableStringify
FNDA:0,(anonymous_5)
FNDA:0,createHash
FNDA:0,hasMeaningfulValue
FNDA:0,asArray
FNDA:0,unique
FNDA:0,normalizeModuleKey
FNDA:0,inferProductKey
FNDA:0,inferRequestedModuleKeys
FNDA:0,inferReportModuleKeys
FNDA:0,inferClientCommercialModuleKeys
FNDA:0,(anonymous_15)
FNDA:0,(anonymous_16)
FNDA:0,(anonymous_17)
FNDA:0,buildReasons
FNDA:0,(anonymous_19)
FNDA:0,inferReviewLevel
FNDA:0,buildDecisionContract
FNDA:0,buildReportSections
FNDA:0,(anonymous_23)
FNDA:0,(anonymous_24)
FNDA:0,buildReportSnapshotContract
FNDA:0,resolvePublicReportAvailability
FNDA:0,buildClientProjectionContract
FNDA:0,(anonymous_28)
FNDA:0,(anonymous_29)
FNDA:0,validatePublicationGates
DA:1,0
DA:3,0
DA:5,0
DA:20,0
DA:35,0
DA:36,0
DA:39,0
DA:40,0
DA:42,0
DA:43,0
DA:47,0
DA:51,0
DA:52,0
DA:55,0
DA:56,0
DA:59,0
DA:61,0
DA:66,0
DA:73,0
DA:74,0
DA:75,0
DA:76,0
DA:80,0
DA:81,0
DA:85,0
DA:89,0
DA:90,0
DA:91,0
DA:95,0
DA:99,0
DA:104,0
DA:105,0
DA:109,0
DA:113,0
DA:114,0
DA:116,0
DA:117,0
DA:118,0
DA:119,0
DA:120,0
DA:121,0
DA:122,0
DA:124,0
DA:128,0
DA:129,0
DA:130,0
DA:132,0
DA:133,0
DA:134,0
DA:136,0
DA:137,0
DA:141,0
DA:142,0
DA:144,0
DA:145,0
DA:146,0
DA:147,0
DA:151,0
DA:152,0
DA:153,0
DA:154,0
DA:157,0
DA:167,0
DA:168,0
DA:169,0
DA:170,0
DA:171,0
DA:181,0
DA:183,0
DA:208,0
DA:209,0
DA:213,0
DA:214,0
DA:222,0
DA:223,0
DA:231,0
DA:238,0
DA:240,0
DA:241,0
DA:244,0
DA:249,0
DA:250,0
DA:251,0
DA:259,0
DA:260,0
DA:268,0
DA:269,0
DA:270,0
DA:278,0
DA:290,0
DA:291,0
DA:292,0
DA:293,0
DA:294,0
DA:305,0
DA:331,0
DA:332,0
DA:343,0
DA:344,0
DA:355,0
DA:356,0
DA:369,0
DA:370,0
DA:381,0
DA:382,0
DA:393,0
DA:396,0
DA:397,0
DA:408,0
DA:409,0
DA:420,0
DA:439,0
DA:440,0
DA:441,0
DA:446,0
DA:458,0
DA:494,0
DA:495,0
DA:497,0
DA:498,0
DA:500,0
DA:501,0
DA:503,0
DA:506,0
LF:124
LH:0
BRDA:35,0,0,0
BRDA:35,0,1,0
BRDA:39,1,0,0
BRDA:39,1,1,0
BRDA:39,2,0,0
BRDA:39,2,1,0
BRDA:39,2,2,0
BRDA:47,3,0,0
BRDA:47,3,1,0
BRDA:51,4,0,0
BRDA:51,4,1,0
BRDA:51,5,0,0
BRDA:51,5,1,0
BRDA:55,6,0,0
BRDA:55,6,1,0
BRDA:73,7,0,0
BRDA:73,7,1,0
BRDA:73,8,0,0
BRDA:73,8,1,0
BRDA:74,9,0,0
BRDA:74,9,1,0
BRDA:75,10,0,0
BRDA:75,10,1,0
BRDA:80,11,0,0
BRDA:80,11,1,0
BRDA:81,12,0,0
BRDA:81,12,1,0
BRDA:89,13,0,0
BRDA:89,13,1,0
BRDA:90,14,0,0
BRDA:90,14,1,0
BRDA:94,15,0,0
BRDA:95,16,0,0
BRDA:95,16,1,0
BRDA:95,16,2,0
BRDA:98,17,0,0
BRDA:105,18,0,0
BRDA:105,18,1,0
BRDA:112,19,0,0
BRDA:112,20,0,0
BRDA:116,21,0,0
BRDA:116,21,1,0
BRDA:116,22,0,0
BRDA:116,22,1,0
BRDA:117,23,0,0
BRDA:117,23,1,0
BRDA:117,24,0,0
BRDA:117,24,1,0
BRDA:118,25,0,0
BRDA:118,25,1,0
BRDA:118,26,0,0
BRDA:118,26,1,0
BRDA:119,27,0,0
BRDA:119,27,1,0
BRDA:119,28,0,0
BRDA:119,28,1,0
BRDA:120,29,0,0
BRDA:120,29,1,0
BRDA:120,30,0,0
BRDA:120,30,1,0
BRDA:121,31,0,0
BRDA:121,31,1,0
BRDA:121,32,0,0
BRDA:121,32,1,0
BRDA:122,33,0,0
BRDA:122,33,1,0
BRDA:122,34,0,0
BRDA:122,34,1,0
BRDA:127,35,0,0
BRDA:130,36,0,0
BRDA:130,36,1,0
BRDA:134,37,0,0
BRDA:134,37,1,0
BRDA:140,38,0,0
BRDA:140,39,0,0
BRDA:141,40,0,0
BRDA:141,40,1,0
BRDA:142,41,0,0
BRDA:142,41,1,0
BRDA:142,42,0,0
BRDA:142,42,1,0
BRDA:142,42,2,0
BRDA:144,43,0,0
BRDA:144,43,1,0
BRDA:146,44,0,0
BRDA:146,44,1,0
BRDA:150,45,0,0
BRDA:150,46,0,0
BRDA:151,47,0,0
BRDA:151,47,1,0
BRDA:152,48,0,0
BRDA:152,48,1,0
BRDA:153,49,0,0
BRDA:153,49,1,0
BRDA:154,50,0,0
BRDA:154,50,1,0
BRDA:154,50,2,0
BRDA:157,51,0,0
BRDA:157,51,1,0
BRDA:160,52,0,0
BRDA:162,53,0,0
BRDA:163,54,0,0
BRDA:164,55,0,0
BRDA:165,56,0,0
BRDA:170,57,0,0
BRDA:170,57,1,0
BRDA:170,57,2,0
BRDA:170,57,3,0
BRDA:170,57,4,0
BRDA:175,58,0,0
BRDA:175,58,1,0
BRDA:175,58,2,0
BRDA:176,59,0,0
BRDA:176,59,1,0
BRDA:176,59,2,0
BRDA:177,60,0,0
BRDA:177,60,1,0
BRDA:177,60,2,0
BRDA:184,61,0,0
BRDA:184,61,1,0
BRDA:186,62,0,0
BRDA:186,62,1,0
BRDA:198,63,0,0
BRDA:198,63,1,0
BRDA:199,64,0,0
BRDA:199,64,1,0
BRDA:201,65,0,0
BRDA:201,65,1,0
BRDA:207,66,0,0
BRDA:207,67,0,0
BRDA:209,68,0,0
BRDA:209,68,1,0
BRDA:209,69,0,0
BRDA:209,69,1,0
BRDA:213,70,0,0
BRDA:213,70,1,0
BRDA:222,71,0,0
BRDA:222,71,1,0
BRDA:222,72,0,0
BRDA:222,72,1,0
BRDA:226,73,0,0
BRDA:226,73,1,0
BRDA:232,74,0,0
BRDA:232,74,1,0
BRDA:233,75,0,0
BRDA:233,75,1,0
BRDA:234,76,0,0
BRDA:234,76,1,0
BRDA:235,77,0,0
BRDA:235,77,1,0
BRDA:236,78,0,0
BRDA:236,78,1,0
BRDA:237,79,0,0
BRDA:237,79,1,0
BRDA:240,80,0,0
BRDA:240,80,1,0
BRDA:249,81,0,0
BRDA:249,81,1,0
BRDA:250,82,0,0
BRDA:250,82,1,0
BRDA:259,83,0,0
BRDA:259,83,1,0
BRDA:259,84,0,0
BRDA:259,84,1,0
BRDA:263,85,0,0
BRDA:263,85,1,0
BRDA:268,86,0,0
BRDA:268,86,1,0
BRDA:269,87,0,0
BRDA:269,87,1,0
BRDA:281,88,0,0
BRDA:283,89,0,0
BRDA:284,90,0,0
BRDA:285,91,0,0
BRDA:286,92,0,0
BRDA:287,93,0,0
BRDA:288,94,0,0
BRDA:296,95,0,0
BRDA:296,95,1,0
BRDA:296,95,2,0
BRDA:306,96,0,0
BRDA:306,96,1,0
BRDA:308,97,0,0
BRDA:308,97,1,0
BRDA:309,98,0,0
BRDA:309,98,1,0
BRDA:309,98,2,0
BRDA:317,99,0,0
BRDA:317,99,1,0
BRDA:318,100,0,0
BRDA:318,100,1,0
BRDA:319,101,0,0
BRDA:319,101,1,0
BRDA:319,102,0,0
BRDA:319,102,1,0
BRDA:325,103,0,0
BRDA:326,104,0,0
BRDA:327,105,0,0
BRDA:328,106,0,0
BRDA:329,107,0,0
BRDA:331,108,0,0
BRDA:331,108,1,0
BRDA:331,109,0,0
BRDA:331,109,1,0
BRDA:338,110,0,0
BRDA:338,110,1,0
BRDA:343,111,0,0
BRDA:343,111,1,0
BRDA:350,112,0,0
BRDA:350,112,1,0
BRDA:355,113,0,0
BRDA:355,113,1,0
BRDA:357,114,0,0
BRDA:357,114,1,0
BRDA:358,115,0,0
BRDA:358,115,1,0
BRDA:359,116,0,0
BRDA:359,116,1,0
BRDA:363,117,0,0
BRDA:363,117,1,0
BRDA:364,118,0,0
BRDA:364,118,1,0
BRDA:369,119,0,0
BRDA:369,119,1,0
BRDA:375,120,0,0
BRDA:375,120,1,0
BRDA:376,121,0,0
BRDA:376,121,1,0
BRDA:381,122,0,0
BRDA:381,122,1,0
BRDA:381,123,0,0
BRDA:381,123,1,0
BRDA:387,124,0,0
BRDA:387,124,1,0
BRDA:388,125,0,0
BRDA:388,125,1,0
BRDA:393,126,0,0
BRDA:393,126,1,0
BRDA:395,127,0,0
BRDA:395,127,1,0
BRDA:396,128,0,0
BRDA:396,128,1,0
BRDA:396,129,0,0
BRDA:396,129,1,0
BRDA:402,130,0,0
BRDA:402,130,1,0
BRDA:403,131,0,0
BRDA:403,131,1,0
BRDA:408,132,0,0
BRDA:408,132,1,0
BRDA:408,133,0,0
BRDA:408,133,1,0
BRDA:408,133,2,0
BRDA:415,134,0,0
BRDA:415,134,1,0
BRDA:424,135,0,0
BRDA:424,135,1,0
BRDA:424,135,2,0
BRDA:425,136,0,0
BRDA:425,136,1,0
BRDA:426,137,0,0
BRDA:426,137,1,0
BRDA:431,138,0,0
BRDA:433,139,0,0
BRDA:434,140,0,0
BRDA:435,141,0,0
BRDA:436,142,0,0
BRDA:437,143,0,0
BRDA:443,144,0,0
BRDA:443,144,1,0
BRDA:447,145,0,0
BRDA:447,145,1,0
BRDA:448,146,0,0
BRDA:448,146,1,0
BRDA:448,146,2,0
BRDA:450,147,0,0
BRDA:450,147,1,0
BRDA:451,148,0,0
BRDA:451,148,1,0
BRDA:451,148,2,0
BRDA:452,149,0,0
BRDA:452,149,1,0
BRDA:452,149,2,0
BRDA:453,150,0,0
BRDA:453,150,1,0
BRDA:453,150,2,0
BRDA:455,151,0,0
BRDA:455,151,1,0
BRDA:463,152,0,0
BRDA:463,152,1,0
BRDA:464,153,0,0
BRDA:464,153,1,0
BRDA:464,153,2,0
BRDA:465,154,0,0
BRDA:465,154,1,0
BRDA:465,154,2,0
BRDA:468,155,0,0
BRDA:468,155,1,0
BRDA:468,155,2,0
BRDA:468,155,3,0
BRDA:469,156,0,0
BRDA:469,156,1,0
BRDA:469,156,2,0
BRDA:469,156,3,0
BRDA:471,157,0,0
BRDA:471,157,1,0
BRDA:471,157,2,0
BRDA:471,157,3,0
BRDA:472,158,0,0
BRDA:472,158,1,0
BRDA:472,158,2,0
BRDA:472,158,3,0
BRDA:473,159,0,0
BRDA:473,159,1,0
BRDA:473,159,2,0
BRDA:473,159,3,0
BRDA:474,160,0,0
BRDA:474,160,1,0
BRDA:474,160,2,0
BRDA:474,160,3,0
BRDA:475,161,0,0
BRDA:475,161,1,0
BRDA:475,161,2,0
BRDA:476,162,0,0
BRDA:476,162,1,0
BRDA:477,163,0,0
BRDA:477,163,1,0
BRDA:478,164,0,0
BRDA:478,164,1,0
BRDA:479,165,0,0
BRDA:479,165,1,0
BRDA:480,166,0,0
BRDA:480,166,1,0
BRDA:482,167,0,0
BRDA:482,167,1,0
BRDA:483,168,0,0
BRDA:483,168,1,0
BRDA:483,168,2,0
BRDA:484,169,0,0
BRDA:484,169,1,0
BRDA:484,169,2,0
BRDA:486,170,0,0
BRDA:486,170,1,0
BRDA:486,170,2,0
BRDA:487,171,0,0
BRDA:487,171,1,0
BRDA:488,172,0,0
BRDA:488,172,1,0
BRDA:494,173,0,0
BRDA:494,173,1,0
BRDA:494,174,0,0
BRDA:494,174,1,0
BRDA:497,175,0,0
BRDA:497,175,1,0
BRDA:497,176,0,0
BRDA:497,176,1,0
BRDA:500,177,0,0
BRDA:500,177,1,0
BRDA:500,178,0,0
BRDA:500,178,1,0
BRF:360
BRH:0
end_of_record
TN:
SF:domain\v2EntitlementResolver.js
FN:42,normalizeTier
FN:47,pickTier
FN:55,compareTier
FN:60,looksLikeLegacyTenantSettings
FN:69,looksLikeEntitlementsDoc
FN:89,resolveTenantEntitlements
FN:147,isTenantFeatureEnabled
FN:164,getEffectiveTier
FN:171,resolveAllFeatureFlags
FN:173,(anonymous_9)
FNF:10
FNH:0
FNDA:0,normalizeTier
FNDA:0,pickTier
FNDA:0,compareTier
FNDA:0,looksLikeLegacyTenantSettings
FNDA:0,looksLikeEntitlementsDoc
FNDA:0,resolveTenantEntitlements
FNDA:0,isTenantFeatureEnabled
FNDA:0,getEffectiveTier
FNDA:0,resolveAllFeatureFlags
FNDA:0,(anonymous_9)
DA:3,0
DA:6,0
DA:9,0
DA:28,0
DA:43,0
DA:44,0
DA:48,0
DA:49,0
DA:50,0
DA:52,0
DA:56,0
DA:61,0
DA:70,0
DA:90,0
DA:91,0
DA:94,0
DA:95,0
DA:100,0
DA:103,0
DA:109,0
DA:114,0
DA:119,0
DA:123,0
DA:127,0
DA:131,0
DA:148,0
DA:149,0
DA:151,0
DA:152,0
DA:153,0
DA:154,0
DA:156,0
DA:157,0
DA:158,0
DA:165,0
DA:172,0
DA:173,0
DA:180,0
LF:38
LH:0
BRDA:43,0,0,0
BRDA:43,0,1,0
BRDA:44,1,0,0
BRDA:44,1,1,0
BRDA:50,2,0,0
BRDA:50,2,1,0
BRDA:56,3,0,0
BRDA:56,3,1,0
BRDA:57,4,0,0
BRDA:57,4,1,0
BRDA:61,5,0,0
BRDA:61,5,1,0
BRDA:61,5,2,0
BRDA:61,5,3,0
BRDA:61,5,4,0
BRDA:61,5,5,0
BRDA:70,6,0,0
BRDA:70,6,1,0
BRDA:70,6,2,0
BRDA:70,6,3,0
BRDA:70,6,4,0
BRDA:70,6,5,0
BRDA:70,6,6,0
BRDA:70,6,7,0
BRDA:70,6,8,0
BRDA:70,6,9,0
BRDA:70,6,10,0
BRDA:70,6,11,0
BRDA:70,6,12,0
BRDA:89,7,0,0
BRDA:90,8,0,0
BRDA:90,8,1,0
BRDA:90,9,0,0
BRDA:90,9,1,0
BRDA:91,10,0,0
BRDA:91,10,1,0
BRDA:91,10,2,0
BRDA:93,11,0,0
BRDA:93,11,1,0
BRDA:94,12,0,0
BRDA:94,12,1,0
BRDA:94,12,2,0
BRDA:95,13,0,0
BRDA:95,13,1,0
BRDA:95,13,2,0
BRDA:97,14,0,0
BRDA:97,14,1,0
BRDA:103,15,0,0
BRDA:103,15,1,0
BRDA:103,15,2,0
BRDA:103,15,3,0
BRDA:103,15,4,0
BRDA:109,16,0,0
BRDA:109,16,1,0
BRDA:109,16,2,0
BRDA:114,17,0,0
BRDA:114,17,1,0
BRDA:114,17,2,0
BRDA:119,18,0,0
BRDA:119,18,1,0
BRDA:119,18,2,0
BRDA:123,19,0,0
BRDA:123,19,1,0
BRDA:123,19,2,0
BRDA:127,20,0,0
BRDA:127,20,1,0
BRDA:127,20,2,0
BRDA:129,21,0,0
BRDA:129,21,1,0
BRDA:147,22,0,0
BRDA:148,23,0,0
BRDA:148,23,1,0
BRDA:148,24,0,0
BRDA:148,24,1,0
BRDA:151,25,0,0
BRDA:151,25,1,0
BRDA:152,26,0,0
BRDA:152,26,1,0
BRDA:153,27,0,0
BRDA:153,27,1,0
BRDA:154,28,0,0
BRDA:154,28,1,0
BRDA:156,29,0,0
BRDA:156,29,1,0
BRDA:157,30,0,0
BRDA:157,30,1,0
BRDA:164,31,0,0
BRDA:171,32,0,0
BRF:88
BRH:0
end_of_record
TN:
SF:domain\v2FreshnessPolicy.js
FN:24,getFreshnessPolicy
FN:29,isSnapshotFresh
FN:47,shouldReuseSnapshot
FNF:3
FNH:0
FNDA:0,getFreshnessPolicy
FNDA:0,isSnapshotFresh
FNDA:0,shouldReuseSnapshot
DA:4,0
DA:21,0
DA:22,0
DA:25,0
DA:26,0
DA:30,0
DA:32,0
DA:34,0
DA:35,0
DA:36,0
DA:37,0
DA:38,0
DA:39,0
DA:40,0
DA:43,0
DA:44,0
DA:48,0
DA:49,0
DA:50,0
DA:53,0
LF:20
LH:0
BRDA:25,0,0,0
BRDA:25,0,1,0
BRDA:29,1,0,0
BRDA:30,2,0,0
BRDA:30,2,1,0
BRDA:35,3,0,0
BRDA:35,3,1,0
BRDA:37,4,0,0
BRDA:37,4,1,0
BRDA:38,5,0,0
BRDA:38,5,1,0
BRDA:40,6,0,0
BRDA:40,6,1,0
BRDA:43,7,0,0
BRDA:43,7,1,0
BRDA:43,8,0,0
BRDA:43,8,1,0
BRDA:47,9,0,0
BRDA:48,10,0,0
BRDA:48,10,1,0
BRDA:49,11,0,0
BRDA:49,11,1,0
BRDA:49,12,0,0
BRDA:49,12,1,0
BRF:24
BRH:0
end_of_record
TN:
SF:domain\v2FreshnessPolicyResolver.js
FN:24,getFreshnessPolicy
FN:29,isSnapshotFresh
FN:47,shouldReuseSnapshot
FNF:3
FNH:0
FNDA:0,getFreshnessPolicy
FNDA:0,isSnapshotFresh
FNDA:0,shouldReuseSnapshot
DA:4,0
DA:21,0
DA:22,0
DA:25,0
DA:26,0
DA:30,0
DA:32,0
DA:34,0
DA:35,0
DA:36,0
DA:37,0
DA:38,0
DA:39,0
DA:40,0
DA:43,0
DA:44,0
DA:48,0
DA:49,0
DA:50,0
DA:53,0
LF:20
LH:0
BRDA:25,0,0,0
BRDA:25,0,1,0
BRDA:29,1,0,0
BRDA:30,2,0,0
BRDA:30,2,1,0
BRDA:35,3,0,0
BRDA:35,3,1,0
BRDA:37,4,0,0
BRDA:37,4,1,0
BRDA:38,5,0,0
BRDA:38,5,1,0
BRDA:40,6,0,0
BRDA:40,6,1,0
BRDA:43,7,0,0
BRDA:43,7,1,0
BRDA:43,8,0,0
BRDA:43,8,1,0
BRDA:47,9,0,0
BRDA:48,10,0,0
BRDA:48,10,1,0
BRDA:49,11,0,0
BRDA:49,11,1,0
BRDA:49,12,0,0
BRDA:49,12,1,0
BRF:24
BRH:0
end_of_record
TN:
SF:domain\v2MiniRelationships.js
FN:18,buildRelationshipId
FN:23,asText
FN:34,collectDocumentRefsFromItem
FN:56,deriveRelationshipsFromSubjects
FN:107,deriveRelationshipsFromEvidence
FN:113,(anonymous_5)
FN:120,(anonymous_6)
FN:121,(anonymous_7)
FN:144,buildRelationshipsForCase
FN:158,(anonymous_9)
FN:172,summarizeRelationships
FN:180,(anonymous_11)
FNF:12
FNH:0
FNDA:0,buildRelationshipId
FNDA:0,asText
FNDA:0,collectDocumentRefsFromItem
FNDA:0,deriveRelationshipsFromSubjects
FNDA:0,deriveRelationshipsFromEvidence
FNDA:0,(anonymous_5)
FNDA:0,(anonymous_6)
FNDA:0,(anonymous_7)
FNDA:0,buildRelationshipsForCase
FNDA:0,(anonymous_9)
FNDA:0,summarizeRelationships
FNDA:0,(anonymous_11)
DA:3,0
DA:5,0
DA:12,0
DA:19,0
DA:20,0
DA:24,0
DA:25,0
DA:26,0
DA:27,0
DA:28,0
DA:30,0
DA:35,0
DA:45,0
DA:46,0
DA:48,0
DA:57,0
DA:59,0
DA:60,0
DA:61,0
DA:62,0
DA:63,0
DA:64,0
DA:66,0
DA:67,0
DA:68,0
DA:69,0
DA:71,0
DA:72,0
DA:73,0
DA:75,0
DA:76,0
DA:78,0
DA:79,0
DA:80,0
DA:81,0
DA:82,0
DA:83,0
DA:84,0
DA:85,0
DA:86,0
DA:89,0
DA:103,0
DA:108,0
DA:110,0
DA:111,0
DA:113,0
DA:114,0
DA:115,0
DA:118,0
DA:119,0
DA:120,0
DA:121,0
DA:124,0
DA:125,0
DA:126,0
DA:127,0
DA:141,0
DA:153,0
DA:154,0
DA:158,0
DA:173,0
DA:174,0
DA:175,0
DA:177,0
DA:180,0
DA:184,0
LF:66
LH:0
BRDA:24,0,0,0
BRDA:24,0,1,0
BRDA:24,1,0,0
BRDA:24,1,1,0
BRDA:25,2,0,0
BRDA:25,2,1,0
BRDA:26,3,0,0
BRDA:26,3,1,0
BRDA:26,4,0,0
BRDA:26,4,1,0
BRDA:34,5,0,0
BRDA:45,6,0,0
BRDA:45,6,1,0
BRDA:46,7,0,0
BRDA:46,7,1,0
BRDA:51,8,0,0
BRDA:51,8,1,0
BRDA:51,8,2,0
BRDA:51,8,3,0
BRDA:56,9,0,0
BRDA:57,10,0,0
BRDA:57,10,1,0
BRDA:57,11,0,0
BRDA:57,11,1,0
BRDA:64,12,0,0
BRDA:64,12,1,0
BRDA:64,13,0,0
BRDA:64,13,1,0
BRDA:73,14,0,0
BRDA:73,14,1,0
BRDA:73,14,2,0
BRDA:78,15,0,0
BRDA:78,15,1,0
BRDA:81,16,0,0
BRDA:81,16,1,0
BRDA:81,17,0,0
BRDA:81,17,1,0
BRDA:84,18,0,0
BRDA:84,18,1,0
BRDA:84,19,0,0
BRDA:84,19,1,0
BRDA:93,20,0,0
BRDA:93,20,1,0
BRDA:94,21,0,0
BRDA:94,21,1,0
BRDA:107,22,0,0
BRDA:108,23,0,0
BRDA:108,23,1,0
BRDA:114,24,0,0
BRDA:114,24,1,0
BRDA:115,25,0,0
BRDA:115,25,1,0
BRDA:144,26,0,0
BRDA:145,27,0,0
BRDA:146,28,0,0
BRDA:147,29,0,0
BRDA:148,30,0,0
BRDA:149,31,0,0
BRDA:150,32,0,0
BRDA:151,33,0,0
BRDA:153,34,0,0
BRDA:153,34,1,0
BRDA:172,35,0,0
BRDA:175,36,0,0
BRDA:175,36,1,0
BRF:65
BRH:0
end_of_record
TN:
SF:domain\v2Modules.js
FN:320,asArray
FN:325,unique
FN:329,normalizeModuleKey
FN:335,normalizeModuleKeys
FN:339,getModuleContract
FN:343,listModuleContracts
FN:347,inferProductKey
FN:351,getProductContract
FN:355,inferRequestedModuleKeys
FN:368,isEnabledConfigValue
FN:383,getConfigValue
FN:394,getEnabledMap
FN:402,hasEntries
FN:406,getLegacyEnabledModules
FN:413,(anonymous_14)
FN:414,(anonymous_15)
FN:420,resolveCaseEntitlements
FN:443,(anonymous_17)
FN:488,(anonymous_18)
FN:489,(anonymous_19)
FN:494,hasMeaningfulValue
FN:501,hasPositiveLike
FN:518,hasModuleFindings
FN:550,resolveProviderStatus
FN:586,mapProviderStatus
FN:601,inferOperationalStatus
FN:638,collectRequestIds
FN:651,collectProviderRequestIds
FN:692,buildModuleRunsForCase
FN:700,(anonymous_29)
FN:745,(anonymous_30)
FN:748,summarizeModuleRuns
FN:749,(anonymous_32)
FN:749,(anonymous_33)
FN:750,(anonymous_34)
FN:750,(anonymous_35)
FN:751,(anonymous_36)
FN:751,(anonymous_37)
FN:752,(anonymous_38)
FN:752,(anonymous_39)
FN:759,(anonymous_40)
FN:760,(anonymous_41)
FN:766,(anonymous_42)
FNF:43
FNH:0
FNDA:0,asArray
FNDA:0,unique
FNDA:0,normalizeModuleKey
FNDA:0,normalizeModuleKeys
FNDA:0,getModuleContract
FNDA:0,listModuleContracts
FNDA:0,inferProductKey
FNDA:0,getProductContract
FNDA:0,inferRequestedModuleKeys
FNDA:0,isEnabledConfigValue
FNDA:0,getConfigValue
FNDA:0,getEnabledMap
FNDA:0,hasEntries
FNDA:0,getLegacyEnabledModules
FNDA:0,(anonymous_14)
FNDA:0,(anonymous_15)
FNDA:0,resolveCaseEntitlements
FNDA:0,(anonymous_17)
FNDA:0,(anonymous_18)
FNDA:0,(anonymous_19)
FNDA:0,hasMeaningfulValue
FNDA:0,hasPositiveLike
FNDA:0,hasModuleFindings
FNDA:0,resolveProviderStatus
FNDA:0,mapProviderStatus
FNDA:0,inferOperationalStatus
FNDA:0,collectRequestIds
FNDA:0,collectProviderRequestIds
FNDA:0,buildModuleRunsForCase
FNDA:0,(anonymous_29)
FNDA:0,(anonymous_30)
FNDA:0,summarizeModuleRuns
FNDA:0,(anonymous_32)
FNDA:0,(anonymous_33)
FNDA:0,(anonymous_34)
FNDA:0,(anonymous_35)
FNDA:0,(anonymous_36)
FNDA:0,(anonymous_37)
FNDA:0,(anonymous_38)
FNDA:0,(anonymous_39)
FNDA:0,(anonymous_40)
FNDA:0,(anonymous_41)
FNDA:0,(anonymous_42)
DA:1,0
DA:3,0
DA:16,0
DA:221,0
DA:239,0
DA:297,0
DA:307,0
DA:314,0
DA:321,0
DA:322,0
DA:326,0
DA:330,0
DA:331,0
DA:332,0
DA:336,0
DA:340,0
DA:344,0
DA:348,0
DA:352,0
DA:356,0
DA:360,0
DA:362,0
DA:363,0
DA:365,0
DA:369,0
DA:370,0
DA:371,0
DA:372,0
DA:373,0
DA:374,0
DA:376,0
DA:377,0
DA:378,0
DA:380,0
DA:384,0
DA:385,0
DA:386,0
DA:387,0
DA:388,0
DA:391,0
DA:395,0
DA:396,0
DA:397,0
DA:398,0
DA:399,0
DA:403,0
DA:407,0
DA:408,0
DA:409,0
DA:412,0
DA:413,0
DA:414,0
DA:417,0
DA:425,0
DA:426,0
DA:427,0
DA:428,0
DA:429,0
DA:431,0
DA:432,0
DA:433,0
DA:434,0
DA:435,0
DA:436,0
DA:437,0
DA:438,0
DA:442,0
DA:443,0
DA:444,0
DA:445,0
DA:446,0
DA:447,0
DA:448,0
DA:449,0
DA:451,0
DA:452,0
DA:453,0
DA:454,0
DA:455,0
DA:456,0
DA:457,0
DA:458,0
DA:459,0
DA:460,0
DA:461,0
DA:462,0
DA:463,0
DA:464,0
DA:465,0
DA:467,0
DA:468,0
DA:471,0
DA:483,0
DA:488,0
DA:489,0
DA:495,0
DA:496,0
DA:497,0
DA:498,0
DA:502,0
DA:519,0
DA:521,0
DA:524,0
DA:527,0
DA:530,0
DA:534,0
DA:538,0
DA:540,0
DA:542,0
DA:544,0
DA:546,0
DA:551,0
DA:583,0
DA:587,0
DA:588,0
DA:589,0
DA:590,0
DA:591,0
DA:592,0
DA:593,0
DA:594,0
DA:598,0
DA:602,0
DA:603,0
DA:604,0
DA:606,0
DA:609,0
DA:610,0
DA:611,0
DA:613,0
DA:616,0
DA:621,0
DA:624,0
DA:625,0
DA:626,0
DA:628,0
DA:629,0
DA:634,0
DA:635,0
DA:639,0
DA:640,0
DA:641,0
DA:642,0
DA:644,0
DA:645,0
DA:652,0
DA:689,0
DA:699,0
DA:700,0
DA:701,0
DA:702,0
DA:703,0
DA:706,0
DA:707,0
DA:708,0
DA:710,0
DA:745,0
DA:749,0
DA:750,0
DA:751,0
DA:752,0
DA:754,0
DA:759,0
DA:760,0
DA:766,0
DA:770,0
LF:166
LH:0
BRDA:321,0,0,0
BRDA:321,0,1,0
BRDA:322,1,0,0
BRDA:322,1,1,0
BRDA:330,2,0,0
BRDA:330,2,1,0
BRDA:331,3,0,0
BRDA:331,3,1,0
BRDA:332,4,0,0
BRDA:332,4,1,0
BRDA:340,5,0,0
BRDA:340,5,1,0
BRDA:347,6,0,0
BRDA:348,7,0,0
BRDA:348,7,1,0
BRDA:348,7,2,0
BRDA:352,8,0,0
BRDA:352,8,1,0
BRDA:355,9,0,0
BRDA:360,10,0,0
BRDA:360,10,1,0
BRDA:363,11,0,0
BRDA:363,11,1,0
BRDA:369,12,0,0
BRDA:369,12,1,0
BRDA:369,13,0,0
BRDA:369,13,1,0
BRDA:370,14,0,0
BRDA:370,14,1,0
BRDA:371,15,0,0
BRDA:371,15,1,0
BRDA:373,16,0,0
BRDA:373,16,1,0
BRDA:374,17,0,0
BRDA:374,17,1,0
BRDA:376,18,0,0
BRDA:376,18,1,0
BRDA:377,19,0,0
BRDA:377,19,1,0
BRDA:377,20,0,0
BRDA:377,20,1,0
BRDA:378,21,0,0
BRDA:378,21,1,0
BRDA:384,22,0,0
BRDA:384,22,1,0
BRDA:384,23,0,0
BRDA:384,23,1,0
BRDA:385,24,0,0
BRDA:385,24,1,0
BRDA:387,25,0,0
BRDA:387,25,1,0
BRDA:387,26,0,0
BRDA:387,26,1,0
BRDA:394,27,0,0
BRDA:396,28,0,0
BRDA:396,28,1,0
BRDA:396,29,0,0
BRDA:396,29,1,0
BRDA:398,30,0,0
BRDA:398,30,1,0
BRDA:398,31,0,0
BRDA:398,31,1,0
BRDA:403,32,0,0
BRDA:403,32,1,0
BRDA:403,32,2,0
BRDA:406,33,0,0
BRDA:408,34,0,0
BRDA:408,34,1,0
BRDA:408,35,0,0
BRDA:408,35,1,0
BRDA:417,36,0,0
BRDA:417,36,1,0
BRDA:420,37,0,0
BRDA:421,38,0,0
BRDA:422,39,0,0
BRDA:423,40,0,0
BRDA:436,41,0,0
BRDA:436,41,1,0
BRDA:438,42,0,0
BRDA:438,42,1,0
BRDA:438,42,2,0
BRDA:440,43,0,0
BRDA:440,43,1,0
BRDA:451,44,0,0
BRDA:451,44,1,0
BRDA:454,45,0,0
BRDA:454,45,1,0
BRDA:457,46,0,0
BRDA:457,46,1,0
BRDA:457,47,0,0
BRDA:457,47,1,0
BRDA:460,48,0,0
BRDA:460,48,1,0
BRDA:462,49,0,0
BRDA:462,49,1,0
BRDA:463,50,0,0
BRDA:463,50,1,0
BRDA:468,51,0,0
BRDA:468,51,1,0
BRDA:476,52,0,0
BRDA:476,52,1,0
BRDA:495,53,0,0
BRDA:495,53,1,0
BRDA:495,54,0,0
BRDA:495,54,1,0
BRDA:496,55,0,0
BRDA:496,55,1,0
BRDA:497,56,0,0
BRDA:497,56,1,0
BRDA:515,57,0,0
BRDA:515,57,1,0
BRDA:518,58,0,0
BRDA:519,59,0,0
BRDA:519,59,1,0
BRDA:519,59,2,0
BRDA:519,59,3,0
BRDA:519,59,4,0
BRDA:519,59,5,0
BRDA:519,59,6,0
BRDA:519,59,7,0
BRDA:519,59,8,0
BRDA:519,59,9,0
BRDA:521,60,0,0
BRDA:521,60,1,0
BRDA:521,60,2,0
BRDA:521,61,0,0
BRDA:521,61,1,0
BRDA:521,61,2,0
BRDA:521,61,3,0
BRDA:524,62,0,0
BRDA:524,62,1,0
BRDA:525,63,0,0
BRDA:525,63,1,0
BRDA:525,63,2,0
BRDA:527,64,0,0
BRDA:527,64,1,0
BRDA:528,65,0,0
BRDA:528,65,1,0
BRDA:528,65,2,0
BRDA:530,66,0,0
BRDA:530,66,1,0
BRDA:530,66,2,0
BRDA:531,67,0,0
BRDA:531,67,1,0
BRDA:531,67,2,0
BRDA:534,68,0,0
BRDA:534,68,1,0
BRDA:534,68,2,0
BRDA:550,69,0,0
BRDA:551,70,0,0
BRDA:551,70,1,0
BRDA:583,71,0,0
BRDA:583,71,1,0
BRDA:587,72,0,0
BRDA:587,72,1,0
BRDA:588,73,0,0
BRDA:588,73,1,0
BRDA:589,74,0,0
BRDA:589,74,1,0
BRDA:590,75,0,0
BRDA:590,75,1,0
BRDA:591,76,0,0
BRDA:591,76,1,0
BRDA:592,77,0,0
BRDA:592,77,1,0
BRDA:593,78,0,0
BRDA:593,78,1,0
BRDA:594,79,0,0
BRDA:594,79,1,0
BRDA:601,80,0,0
BRDA:602,81,0,0
BRDA:602,81,1,0
BRDA:603,82,0,0
BRDA:603,82,1,0
BRDA:603,83,0,0
BRDA:603,83,1,0
BRDA:603,83,2,0
BRDA:606,84,0,0
BRDA:606,84,1,0
BRDA:609,85,0,0
BRDA:609,85,1,0
BRDA:610,86,0,0
BRDA:610,86,1,0
BRDA:610,87,0,0
BRDA:610,87,1,0
BRDA:610,87,2,0
BRDA:613,88,0,0
BRDA:613,88,1,0
BRDA:616,89,0,0
BRDA:616,89,1,0
BRDA:616,90,0,0
BRDA:616,90,1,0
BRDA:616,90,2,0
BRDA:616,90,3,0
BRDA:626,91,0,0
BRDA:626,91,1,0
BRDA:628,92,0,0
BRDA:628,92,1,0
BRDA:629,93,0,0
BRDA:629,93,1,0
BRDA:634,94,0,0
BRDA:634,94,1,0
BRDA:639,95,0,0
BRDA:639,95,1,0
BRDA:640,96,0,0
BRDA:640,96,1,0
BRDA:640,97,0,0
BRDA:640,97,1,0
BRDA:641,98,0,0
BRDA:641,98,1,0
BRDA:642,99,0,0
BRDA:642,99,1,0
BRDA:644,100,0,0
BRDA:644,100,1,0
BRDA:644,100,2,0
BRDA:651,101,0,0
BRDA:652,102,0,0
BRDA:652,102,1,0
BRDA:692,103,0,0
BRDA:694,104,0,0
BRDA:695,105,0,0
BRDA:696,106,0,0
BRDA:697,107,0,0
BRDA:701,108,0,0
BRDA:701,108,1,0
BRDA:703,109,0,0
BRDA:703,109,1,0
BRDA:707,110,0,0
BRDA:707,110,1,0
BRDA:707,110,2,0
BRDA:708,111,0,0
BRDA:708,111,1,0
BRDA:708,111,2,0
BRDA:711,112,0,0
BRDA:711,112,1,0
BRDA:713,113,0,0
BRDA:713,113,1,0
BRDA:734,114,0,0
BRDA:734,114,1,0
BRDA:738,115,0,0
BRDA:738,115,1,0
BRDA:739,116,0,0
BRDA:739,116,1,0
BRDA:740,117,0,0
BRDA:740,117,1,0
BRDA:748,118,0,0
BRDA:752,119,0,0
BRDA:752,119,1,0
BRF:248
BRH:0
end_of_record
TN:
SF:domain\v2MonitoringDiff.js
FN:5,severityRank
FN:9,signalKey
FN:16,indexSignalsByKey
FN:39,diffRiskSignals
FN:79,buildAlertMessage
FNF:5
FNH:0
FNDA:0,severityRank
FNDA:0,signalKey
FNDA:0,indexSignalsByKey
FNDA:0,diffRiskSignals
FNDA:0,buildAlertMessage
DA:3,0
DA:6,0
DA:10,0
DA:11,0
DA:12,0
DA:13,0
DA:17,0
DA:18,0
DA:19,0
DA:20,0
DA:21,0
DA:22,0
DA:23,0
DA:26,0
DA:40,0
DA:41,0
DA:42,0
DA:43,0
DA:45,0
DA:46,0
DA:47,0
DA:48,0
DA:50,0
DA:51,0
DA:52,0
DA:53,0
DA:54,0
DA:57,0
DA:59,0
DA:76,0
DA:80,0
DA:81,0
DA:82,0
DA:84,0
DA:87,0
LF:35
LH:0
BRDA:6,0,0,0
BRDA:6,0,1,0
BRDA:10,1,0,0
BRDA:10,1,1,0
BRDA:11,2,0,0
BRDA:11,2,1,0
BRDA:12,3,0,0
BRDA:12,3,1,0
BRDA:16,4,0,0
BRDA:20,5,0,0
BRDA:20,5,1,0
BRDA:22,6,0,0
BRDA:22,6,1,0
BRDA:22,7,0,0
BRDA:22,7,1,0
BRDA:39,8,0,0
BRDA:39,9,0,0
BRDA:39,10,0,0
BRDA:39,11,0,0
BRDA:40,12,0,0
BRDA:40,13,0,0
BRDA:40,14,0,0
BRDA:40,15,0,0
BRDA:48,16,0,0
BRDA:48,16,1,0
BRDA:51,17,0,0
BRDA:51,17,1,0
BRDA:53,18,0,0
BRDA:53,18,1,0
BRDA:57,19,0,0
BRDA:57,19,1,0
BRDA:65,20,0,0
BRDA:65,20,1,0
BRDA:66,21,0,0
BRDA:66,21,1,0
BRDA:67,22,0,0
BRDA:67,22,1,0
BRDA:68,23,0,0
BRDA:68,23,1,0
BRDA:71,24,0,0
BRDA:71,24,1,0
BRDA:72,25,0,0
BRDA:72,25,1,0
BRDA:80,26,0,0
BRDA:80,26,1,0
BRDA:80,26,2,0
BRDA:81,27,0,0
BRDA:81,27,1,0
BRDA:81,28,0,0
BRDA:81,28,1,0
BRF:50
BRH:0
end_of_record
TN:
SF:domain\v2MonitoringEngine.js
FN:7,defaultDb
FN:15,toDate
FN:27,addDays
FN:33,buildPhantomCaseId
FN:38,normalizeWatchlistData
FN:50,processWatchlists
FN:87,(anonymous_6)
FN:88,(anonymous_7)
FN:94,processSingleWatchlist
FN:159,(anonymous_9)
FN:193,(anonymous_10)
FN:227,addToWatchlist
FN:251,pauseWatchlist
FN:261,resumeWatchlist
FN:279,deleteWatchlist
FNF:15
FNH:0
FNDA:0,defaultDb
FNDA:0,toDate
FNDA:0,addDays
FNDA:0,buildPhantomCaseId
FNDA:0,normalizeWatchlistData
FNDA:0,processWatchlists
FNDA:0,(anonymous_6)
FNDA:0,(anonymous_7)
FNDA:0,processSingleWatchlist
FNDA:0,(anonymous_9)
FNDA:0,(anonymous_10)
FNDA:0,addToWatchlist
FNDA:0,pauseWatchlist
FNDA:0,resumeWatchlist
FNDA:0,deleteWatchlist
DA:3,0
DA:4,0
DA:8,0
DA:9,0
DA:12,0
DA:13,0
DA:16,0
DA:17,0
DA:18,0
DA:19,0
DA:20,0
DA:21,0
DA:22,0
DA:24,0
DA:28,0
DA:29,0
DA:30,0
DA:34,0
DA:35,0
DA:39,0
DA:56,0
DA:58,0
DA:60,0
DA:66,0
DA:67,0
DA:68,0
DA:71,0
DA:72,0
DA:73,0
DA:74,0
DA:80,0
DA:82,0
DA:83,0
DA:87,0
DA:88,0
DA:90,0
DA:91,0
DA:100,0
DA:102,0
DA:103,0
DA:104,0
DA:105,0
DA:107,0
DA:108,0
DA:109,0
DA:114,0
DA:117,0
DA:119,0
DA:120,0
DA:121,0
DA:122,0
DA:128,0
DA:130,0
DA:132,0
DA:133,0
DA:151,0
DA:153,0
DA:154,0
DA:156,0
DA:159,0
DA:161,0
DA:172,0
DA:173,0
DA:174,0
DA:175,0
DA:176,0
DA:177,0
DA:183,0
DA:184,0
DA:187,0
DA:193,0
DA:203,0
DA:205,0
DA:206,0
DA:207,0
DA:217,0
DA:218,0
DA:228,0
DA:229,0
DA:230,0
DA:232,0
DA:233,0
DA:234,0
DA:235,0
DA:248,0
DA:252,0
DA:253,0
DA:258,0
DA:262,0
DA:263,0
DA:264,0
DA:265,0
DA:266,0
DA:268,0
DA:269,0
DA:276,0
DA:280,0
DA:281,0
DA:282,0
DA:285,0
LF:100
LH:0
BRDA:8,0,0,0
BRDA:8,0,1,0
BRDA:16,1,0,0
BRDA:16,1,1,0
BRDA:17,2,0,0
BRDA:17,2,1,0
BRDA:18,3,0,0
BRDA:18,3,1,0
BRDA:19,4,0,0
BRDA:19,4,1,0
BRDA:20,5,0,0
BRDA:20,5,1,0
BRDA:22,6,0,0
BRDA:22,6,1,0
BRDA:29,7,0,0
BRDA:29,7,1,0
BRDA:34,8,0,0
BRDA:34,8,1,0
BRDA:38,9,0,0
BRDA:40,10,0,0
BRDA:40,10,1,0
BRDA:41,11,0,0
BRDA:41,11,1,0
BRDA:42,12,0,0
BRDA:42,12,1,0
BRDA:43,13,0,0
BRDA:43,13,1,0
BRDA:45,14,0,0
BRDA:45,14,1,0
BRDA:46,15,0,0
BRDA:46,15,1,0
BRDA:50,16,0,0
BRDA:52,17,0,0
BRDA:54,18,0,0
BRDA:55,19,0,0
BRDA:66,20,0,0
BRDA:66,20,1,0
BRDA:83,21,0,0
BRDA:83,21,1,0
BRDA:87,22,0,0
BRDA:87,22,1,0
BRDA:88,23,0,0
BRDA:88,23,1,0
BRDA:94,24,0,0
BRDA:96,25,0,0
BRDA:98,26,0,0
BRDA:99,27,0,0
BRDA:103,28,0,0
BRDA:103,28,1,0
BRDA:103,29,0,0
BRDA:103,29,1,0
BRDA:107,30,0,0
BRDA:107,30,1,0
BRDA:121,31,0,0
BRDA:121,31,1,0
BRDA:130,32,0,0
BRDA:130,32,1,0
BRDA:140,33,0,0
BRDA:140,33,1,0
BRDA:146,34,0,0
BRDA:146,34,1,0
BRDA:147,35,0,0
BRDA:147,35,1,0
BRDA:148,36,0,0
BRDA:148,36,1,0
BRDA:148,36,2,0
BRDA:173,37,0,0
BRDA:173,37,1,0
BRDA:194,38,0,0
BRDA:194,38,1,0
BRDA:195,39,0,0
BRDA:195,39,1,0
BRDA:196,40,0,0
BRDA:196,40,1,0
BRDA:197,41,0,0
BRDA:197,41,1,0
BRDA:199,42,0,0
BRDA:199,42,1,0
BRDA:199,43,0,0
BRDA:199,43,1,0
BRDA:212,44,0,0
BRDA:212,44,1,0
BRDA:213,45,0,0
BRDA:213,45,1,0
BRDA:214,46,0,0
BRDA:214,46,1,0
BRDA:220,47,0,0
BRDA:220,47,1,0
BRDA:222,48,0,0
BRDA:222,48,1,0
BRDA:227,49,0,0
BRDA:227,50,0,0
BRDA:227,51,0,0
BRDA:228,52,0,0
BRDA:228,53,0,0
BRDA:229,54,0,0
BRDA:229,54,1,0
BRDA:229,55,0,0
BRDA:229,55,1,0
BRDA:233,56,0,0
BRDA:233,56,1,0
BRDA:251,57,0,0
BRDA:252,58,0,0
BRDA:261,59,0,0
BRDA:262,60,0,0
BRDA:262,61,0,0
BRDA:265,62,0,0
BRDA:265,62,1,0
BRDA:279,63,0,0
BRDA:280,64,0,0
BRF:110
BRH:0
end_of_record
TN:
SF:domain\v2NormalizationRules.js
FN:60,normalizeProcessStatus
FN:70,normalizePartyType
FN:81,inferProcessArea
FN:84,(anonymous_3)
FN:94,inferSegment
FN:111,normalizeValue
FN:126,formatValueBrl
FN:136,extractCourtCode
FN:147,normalizeMatchQuality
FN:163,normalizePepEntry
FN:181,normalizeSanctionEntry
FN:196,normalizeBasicDataPF
FN:210,normalizeBasicDataPJ
FNF:13
FNH:8
FNDA:3,normalizeProcessStatus
FNDA:2,normalizePartyType
FNDA:3,inferProcessArea
FNDA:42,(anonymous_3)
FNDA:2,inferSegment
FNDA:2,normalizeValue
FNDA:1,formatValueBrl
FNDA:1,extractCourtCode
FNDA:0,normalizeMatchQuality
FNDA:0,normalizePepEntry
FNDA:0,normalizeSanctionEntry
FNDA:0,normalizeBasicDataPF
FNDA:0,normalizeBasicDataPJ
DA:10,1
DA:23,1
DA:35,1
DA:44,1
DA:61,3
DA:62,3
DA:71,2
DA:72,2
DA:82,3
DA:83,3
DA:84,42
DA:86,1
DA:95,2
DA:96,2
DA:97,2
DA:98,16
DA:100,2
DA:101,1
DA:102,0
DA:103,0
DA:112,2
DA:113,2
DA:114,1
DA:117,1
DA:118,1
DA:127,1
DA:128,1
DA:137,1
DA:138,1
DA:139,1
DA:148,0
DA:149,0
DA:150,0
DA:151,0
DA:164,0
DA:182,0
DA:197,0
DA:211,0
DA:225,1
LF:39
LH:29
BRDA:61,0,0,0
BRDA:61,0,1,3
BRDA:62,1,0,3
BRDA:62,1,1,1
BRDA:71,2,0,0
BRDA:71,2,1,2
BRDA:72,3,0,2
BRDA:72,3,1,0
BRDA:82,4,0,3
BRDA:82,4,1,1
BRDA:82,5,0,3
BRDA:82,5,1,1
BRDA:84,6,0,2
BRDA:84,6,1,7
BRDA:95,7,0,0
BRDA:95,7,1,2
BRDA:98,8,0,0
BRDA:98,8,1,16
BRDA:100,9,0,1
BRDA:100,9,1,1
BRDA:101,10,0,1
BRDA:101,10,1,0
BRDA:102,11,0,0
BRDA:102,11,1,0
BRDA:112,12,0,0
BRDA:112,12,1,2
BRDA:113,13,0,1
BRDA:113,13,1,1
BRDA:118,14,0,0
BRDA:118,14,1,1
BRDA:137,15,0,0
BRDA:137,15,1,1
BRDA:139,16,0,1
BRDA:139,16,1,0
BRDA:148,17,0,0
BRDA:148,17,1,0
BRDA:149,18,0,0
BRDA:149,18,1,0
BRDA:150,19,0,0
BRDA:150,19,1,0
BRDA:165,20,0,0
BRDA:165,20,1,0
BRDA:166,21,0,0
BRDA:166,21,1,0
BRDA:167,22,0,0
BRDA:167,22,1,0
BRDA:168,23,0,0
BRDA:168,23,1,0
BRDA:169,24,0,0
BRDA:169,24,1,0
BRDA:170,25,0,0
BRDA:170,25,1,0
BRDA:171,26,0,0
BRDA:171,26,1,0
BRDA:172,27,0,0
BRDA:172,27,1,0
BRDA:183,28,0,0
BRDA:183,28,1,0
BRDA:184,29,0,0
BRDA:184,29,1,0
BRDA:185,30,0,0
BRDA:185,30,1,0
BRDA:186,31,0,0
BRDA:186,31,1,0
BRDA:187,32,0,0
BRDA:187,32,1,0
BRDA:188,33,0,0
BRDA:188,33,1,0
BRDA:198,34,0,0
BRDA:198,34,1,0
BRDA:199,35,0,0
BRDA:199,35,1,0
BRDA:200,36,0,0
BRDA:200,36,1,0
BRDA:201,37,0,0
BRDA:201,37,1,0
BRDA:202,38,0,0
BRDA:202,38,1,0
BRDA:203,39,0,0
BRDA:203,39,1,0
BRDA:204,40,0,0
BRDA:204,40,1,0
BRDA:205,41,0,0
BRDA:205,41,1,0
BRDA:206,42,0,0
BRDA:206,42,1,0
BRDA:212,43,0,0
BRDA:212,43,1,0
BRDA:213,44,0,0
BRDA:213,44,1,0
BRDA:214,45,0,0
BRDA:214,45,1,0
BRDA:215,46,0,0
BRDA:215,46,1,0
BRDA:216,47,0,0
BRDA:216,47,1,0
BRDA:217,48,0,0
BRDA:217,48,1,0
BRDA:218,49,0,0
BRDA:218,49,1,0
BRDA:219,50,0,0
BRDA:219,50,1,0
BRDA:220,51,0,0
BRDA:220,51,1,0
BRDA:221,52,0,0
BRDA:221,52,1,0
BRF:106
BRH:22
end_of_record
TN:
SF:domain\v2OperationalArtifactBuilder.js
FN:39,asArray
FN:44,unique
FN:48,getByPath
FN:49,(anonymous_3)
FN:55,stableStringify
FN:59,(anonymous_5)
FN:62,hashValue
FN:66,safeIdPart
FN:73,stripUndefined
FN:74,(anonymous_9)
FN:78,(anonymous_10)
FN:79,(anonymous_11)
FN:85,hasMeaningfulValue
FN:93,handlePayloadStorage
FN:116,isPositiveLike
FN:120,numberValue
FN:128,extractRequestId
FN:140,extractObservedAt
FN:153,resolveProviderStatus
FN:177,buildProviderRequestId
FN:183,buildProviderRequestsForCase
FN:191,(anonymous_21)
FN:256,providerRequestIdsForModule
FN:258,(anonymous_23)
FN:259,(anonymous_24)
FN:262,firstProviderRequestId
FN:268,createEvidence
FN:296,buildEvidenceItemsForCase
FN:417,createRiskSignal
FN:439,buildRiskSignalsForCase
FN:440,(anonymous_30)
FN:456,(anonymous_31)
FN:469,(anonymous_32)
FN:482,(anonymous_33)
FN:495,(anonymous_34)
FN:502,groupIdsByModule
FN:503,(anonymous_36)
FN:511,buildRawSnapshotsForCase
FN:513,(anonymous_38)
FN:543,buildProviderRecordsForCase
FN:545,(anonymous_40)
FN:556,(anonymous_41)
FN:577,buildOperationalArtifactsForCase
FN:589,(anonymous_43)
FN:597,(anonymous_44)
FNF:45
FNH:0
FNDA:0,asArray
FNDA:0,unique
FNDA:0,getByPath
FNDA:0,(anonymous_3)
FNDA:0,stableStringify
FNDA:0,(anonymous_5)
FNDA:0,hashValue
FNDA:0,safeIdPart
FNDA:0,stripUndefined
FNDA:0,(anonymous_9)
FNDA:0,(anonymous_10)
FNDA:0,(anonymous_11)
FNDA:0,hasMeaningfulValue
FNDA:0,handlePayloadStorage
FNDA:0,isPositiveLike
FNDA:0,numberValue
FNDA:0,extractRequestId
FNDA:0,extractObservedAt
FNDA:0,resolveProviderStatus
FNDA:0,buildProviderRequestId
FNDA:0,buildProviderRequestsForCase
FNDA:0,(anonymous_21)
FNDA:0,providerRequestIdsForModule
FNDA:0,(anonymous_23)
FNDA:0,(anonymous_24)
FNDA:0,firstProviderRequestId
FNDA:0,createEvidence
FNDA:0,buildEvidenceItemsForCase
FNDA:0,createRiskSignal
FNDA:0,buildRiskSignalsForCase
FNDA:0,(anonymous_30)
FNDA:0,(anonymous_31)
FNDA:0,(anonymous_32)
FNDA:0,(anonymous_33)
FNDA:0,(anonymous_34)
FNDA:0,groupIdsByModule
FNDA:0,(anonymous_36)
FNDA:0,buildRawSnapshotsForCase
FNDA:0,(anonymous_38)
FNDA:0,buildProviderRecordsForCase
FNDA:0,(anonymous_40)
FNDA:0,(anonymous_41)
FNDA:0,buildOperationalArtifactsForCase
FNDA:0,(anonymous_43)
FNDA:0,(anonymous_44)
DA:1,0
DA:3,0
DA:5,0
DA:25,0
DA:40,0
DA:41,0
DA:45,0
DA:49,0
DA:50,0
DA:51,0
DA:56,0
DA:57,0
DA:58,0
DA:59,0
DA:63,0
DA:67,0
DA:74,0
DA:75,0
DA:76,0
DA:78,0
DA:79,0
DA:83,0
DA:86,0
DA:87,0
DA:88,0
DA:89,0
DA:90,0
DA:94,0
DA:95,0
DA:96,0
DA:98,0
DA:99,0
DA:108,0
DA:117,0
DA:121,0
DA:122,0
DA:123,0
DA:125,0
DA:129,0
DA:130,0
DA:131,0
DA:132,0
DA:141,0
DA:142,0
DA:144,0
DA:154,0
DA:155,0
DA:156,0
DA:157,0
DA:158,0
DA:159,0
DA:162,0
DA:169,0
DA:170,0
DA:171,0
DA:172,0
DA:173,0
DA:174,0
DA:178,0
DA:179,0
DA:180,0
DA:184,0
DA:185,0
DA:186,0
DA:187,0
DA:190,0
DA:192,0
DA:193,0
DA:194,0
DA:202,0
DA:203,0
DA:204,0
DA:224,0
DA:227,0
DA:228,0
DA:229,0
DA:231,0
DA:257,0
DA:258,0
DA:259,0
DA:263,0
DA:269,0
DA:270,0
DA:271,0
DA:272,0
DA:274,0
DA:297,0
DA:298,0
DA:299,0
DA:300,0
DA:301,0
DA:313,0
DA:319,0
DA:320,0
DA:334,0
DA:341,0
DA:342,0
DA:343,0
DA:357,0
DA:358,0
DA:359,0
DA:360,0
DA:374,0
DA:380,0
DA:381,0
DA:382,0
DA:396,0
DA:397,0
DA:402,0
DA:414,0
DA:418,0
DA:419,0
DA:420,0
DA:440,0
DA:441,0
DA:442,0
DA:443,0
DA:445,0
DA:447,0
DA:448,0
DA:456,0
DA:460,0
DA:461,0
DA:469,0
DA:473,0
DA:474,0
DA:482,0
DA:486,0
DA:487,0
DA:495,0
DA:499,0
DA:503,0
DA:504,0
DA:505,0
DA:506,0
DA:507,0
DA:512,0
DA:514,0
DA:515,0
DA:517,0
DA:518,0
DA:520,0
DA:544,0
DA:545,0
DA:546,0
DA:547,0
DA:548,0
DA:549,0
DA:550,0
DA:551,0
DA:552,0
DA:553,0
DA:556,0
DA:557,0
DA:558,0
DA:574,0
DA:578,0
DA:579,0
DA:580,0
DA:581,0
DA:582,0
DA:583,0
DA:584,0
DA:585,0
DA:586,0
DA:587,0
DA:588,0
DA:589,0
DA:597,0
DA:605,0
DA:623,0
LF:171
LH:0
BRDA:40,0,0,0
BRDA:40,0,1,0
BRDA:41,1,0,0
BRDA:41,1,1,0
BRDA:48,2,0,0
BRDA:50,3,0,0
BRDA:50,3,1,0
BRDA:50,4,0,0
BRDA:50,4,1,0
BRDA:56,5,0,0
BRDA:56,5,1,0
BRDA:56,6,0,0
BRDA:56,6,1,0
BRDA:57,7,0,0
BRDA:57,7,1,0
BRDA:58,8,0,0
BRDA:58,8,1,0
BRDA:62,9,0,0
BRDA:66,10,0,0
BRDA:67,11,0,0
BRDA:67,11,1,0
BRDA:74,12,0,0
BRDA:74,12,1,0
BRDA:75,13,0,0
BRDA:75,13,1,0
BRDA:75,14,0,0
BRDA:75,14,1,0
BRDA:86,15,0,0
BRDA:86,15,1,0
BRDA:86,16,0,0
BRDA:86,16,1,0
BRDA:87,17,0,0
BRDA:87,17,1,0
BRDA:88,18,0,0
BRDA:88,18,1,0
BRDA:89,19,0,0
BRDA:89,19,1,0
BRDA:94,20,0,0
BRDA:94,20,1,0
BRDA:98,21,0,0
BRDA:98,21,1,0
BRDA:117,22,0,0
BRDA:117,22,1,0
BRDA:123,23,0,0
BRDA:123,23,1,0
BRDA:123,24,0,0
BRDA:123,24,1,0
BRDA:129,25,0,0
BRDA:129,25,1,0
BRDA:130,26,0,0
BRDA:130,26,1,0
BRDA:131,27,0,0
BRDA:131,27,1,0
BRDA:132,28,0,0
BRDA:132,28,1,0
BRDA:132,28,2,0
BRDA:132,28,3,0
BRDA:132,28,4,0
BRDA:132,28,5,0
BRDA:141,29,0,0
BRDA:141,29,1,0
BRDA:141,30,0,0
BRDA:141,30,1,0
BRDA:142,31,0,0
BRDA:142,31,1,0
BRDA:144,32,0,0
BRDA:144,32,1,0
BRDA:144,32,2,0
BRDA:144,32,3,0
BRDA:144,32,4,0
BRDA:144,32,5,0
BRDA:144,32,6,0
BRDA:154,33,0,0
BRDA:154,33,1,0
BRDA:154,34,0,0
BRDA:154,34,1,0
BRDA:155,35,0,0
BRDA:155,35,1,0
BRDA:156,36,0,0
BRDA:156,36,1,0
BRDA:156,36,2,0
BRDA:157,37,0,0
BRDA:157,37,1,0
BRDA:158,38,0,0
BRDA:158,38,1,0
BRDA:159,39,0,0
BRDA:159,39,1,0
BRDA:169,40,0,0
BRDA:169,40,1,0
BRDA:170,41,0,0
BRDA:170,41,1,0
BRDA:171,42,0,0
BRDA:171,42,1,0
BRDA:172,43,0,0
BRDA:172,43,1,0
BRDA:173,44,0,0
BRDA:173,44,1,0
BRDA:174,45,0,0
BRDA:174,45,1,0
BRDA:183,46,0,0
BRDA:183,47,0,0
BRDA:184,48,0,0
BRDA:184,48,1,0
BRDA:185,49,0,0
BRDA:185,49,1,0
BRDA:185,49,2,0
BRDA:186,50,0,0
BRDA:186,50,1,0
BRDA:193,51,0,0
BRDA:193,51,1,0
BRDA:202,52,0,0
BRDA:202,52,1,0
BRDA:202,53,0,0
BRDA:202,53,1,0
BRDA:208,54,0,0
BRDA:208,54,1,0
BRDA:214,55,0,0
BRDA:214,55,1,0
BRDA:229,56,0,0
BRDA:229,56,1,0
BRDA:229,57,0,0
BRDA:229,57,1,0
BRDA:235,58,0,0
BRDA:235,58,1,0
BRDA:245,59,0,0
BRDA:245,59,1,0
BRDA:262,60,0,0
BRDA:263,61,0,0
BRDA:263,61,1,0
BRDA:263,61,2,0
BRDA:264,62,0,0
BRDA:264,62,1,0
BRDA:268,63,0,0
BRDA:268,64,0,0
BRDA:268,65,0,0
BRDA:268,66,0,0
BRDA:269,67,0,0
BRDA:269,67,1,0
BRDA:270,68,0,0
BRDA:270,68,1,0
BRDA:270,69,0,0
BRDA:270,69,1,0
BRDA:270,70,0,0
BRDA:270,70,1,0
BRDA:272,71,0,0
BRDA:272,71,1,0
BRDA:272,72,0,0
BRDA:272,72,1,0
BRDA:276,73,0,0
BRDA:276,73,1,0
BRDA:278,74,0,0
BRDA:278,74,1,0
BRDA:290,75,0,0
BRDA:290,75,1,0
BRDA:296,76,0,0
BRDA:296,77,0,0
BRDA:296,78,0,0
BRDA:298,79,0,0
BRDA:298,79,1,0
BRDA:298,79,2,0
BRDA:298,79,3,0
BRDA:299,80,0,0
BRDA:299,80,1,0
BRDA:299,80,2,0
BRDA:300,81,0,0
BRDA:300,81,1,0
BRDA:300,82,0,0
BRDA:300,82,1,0
BRDA:307,83,0,0
BRDA:307,83,1,0
BRDA:307,84,0,0
BRDA:307,84,1,0
BRDA:308,85,0,0
BRDA:308,85,1,0
BRDA:308,86,0,0
BRDA:308,86,1,0
BRDA:319,87,0,0
BRDA:319,87,1,0
BRDA:319,88,0,0
BRDA:319,88,1,0
BRDA:326,89,0,0
BRDA:326,89,1,0
BRDA:329,90,0,0
BRDA:329,90,1,0
BRDA:341,91,0,0
BRDA:341,91,1,0
BRDA:341,92,0,0
BRDA:341,92,1,0
BRDA:341,92,2,0
BRDA:342,93,0,0
BRDA:342,93,1,0
BRDA:342,93,2,0
BRDA:349,94,0,0
BRDA:349,94,1,0
BRDA:350,95,0,0
BRDA:350,95,1,0
BRDA:352,96,0,0
BRDA:352,96,1,0
BRDA:358,97,0,0
BRDA:358,97,1,0
BRDA:358,98,0,0
BRDA:358,98,1,0
BRDA:359,99,0,0
BRDA:359,99,1,0
BRDA:366,100,0,0
BRDA:366,100,1,0
BRDA:367,101,0,0
BRDA:367,101,1,0
BRDA:369,102,0,0
BRDA:369,102,1,0
BRDA:380,103,0,0
BRDA:380,103,1,0
BRDA:380,104,0,0
BRDA:380,104,1,0
BRDA:380,104,2,0
BRDA:381,105,0,0
BRDA:381,105,1,0
BRDA:381,105,2,0
BRDA:388,106,0,0
BRDA:388,106,1,0
BRDA:389,107,0,0
BRDA:389,107,1,0
BRDA:391,108,0,0
BRDA:391,108,1,0
BRDA:396,109,0,0
BRDA:396,109,1,0
BRDA:396,110,0,0
BRDA:396,110,1,0
BRDA:396,110,2,0
BRDA:398,111,0,0
BRDA:398,111,1,0
BRDA:399,112,0,0
BRDA:399,112,1,0
BRDA:400,113,0,0
BRDA:400,113,1,0
BRDA:409,114,0,0
BRDA:409,114,1,0
BRDA:418,115,0,0
BRDA:418,115,1,0
BRDA:418,116,0,0
BRDA:418,116,1,0
BRDA:422,117,0,0
BRDA:422,117,1,0
BRDA:424,118,0,0
BRDA:424,118,1,0
BRDA:432,119,0,0
BRDA:432,119,1,0
BRDA:439,120,0,0
BRDA:439,121,0,0
BRDA:439,122,0,0
BRDA:441,123,0,0
BRDA:441,123,1,0
BRDA:447,124,0,0
BRDA:447,124,1,0
BRDA:447,125,0,0
BRDA:447,125,1,0
BRDA:460,126,0,0
BRDA:460,126,1,0
BRDA:460,127,0,0
BRDA:460,127,1,0
BRDA:473,128,0,0
BRDA:473,128,1,0
BRDA:473,129,0,0
BRDA:473,129,1,0
BRDA:473,129,2,0
BRDA:486,130,0,0
BRDA:486,130,1,0
BRDA:486,131,0,0
BRDA:486,131,1,0
BRDA:486,131,2,0
BRDA:492,132,0,0
BRDA:492,132,1,0
BRDA:493,133,0,0
BRDA:493,133,1,0
BRDA:504,134,0,0
BRDA:504,134,1,0
BRDA:504,135,0,0
BRDA:504,135,1,0
BRDA:505,136,0,0
BRDA:505,136,1,0
BRDA:511,137,0,0
BRDA:511,138,0,0
BRDA:511,139,0,0
BRDA:515,140,0,0
BRDA:515,140,1,0
BRDA:536,141,0,0
BRDA:536,141,1,0
BRDA:536,141,2,0
BRDA:543,142,0,0
BRDA:543,143,0,0
BRDA:546,144,0,0
BRDA:546,144,1,0
BRDA:548,145,0,0
BRDA:548,145,1,0
BRDA:548,146,0,0
BRDA:548,146,1,0
BRDA:550,147,0,0
BRDA:550,147,1,0
BRDA:550,148,0,0
BRDA:550,148,1,0
BRDA:552,149,0,0
BRDA:552,149,1,0
BRDA:552,150,0,0
BRDA:552,150,1,0
BRDA:577,151,0,0
BRDA:577,152,0,0
BRDA:577,153,0,0
BRDA:598,154,0,0
BRDA:598,154,1,0
BRDA:599,155,0,0
BRDA:599,155,1,0
BRDA:600,156,0,0
BRDA:600,156,1,0
BRDA:601,157,0,0
BRDA:601,157,1,0
BRDA:602,158,0,0
BRDA:602,158,1,0
BRF:317
BRH:0
end_of_record
TN:
SF:domain\v2OperationalArtifacts.js
FN:39,asArray
FN:44,unique
FN:48,getByPath
FN:49,(anonymous_3)
FN:55,stableStringify
FN:59,(anonymous_5)
FN:62,hashValue
FN:66,safeIdPart
FN:73,stripUndefined
FN:74,(anonymous_9)
FN:78,(anonymous_10)
FN:79,(anonymous_11)
FN:85,hasMeaningfulValue
FN:93,handlePayloadStorage
FN:116,isPositiveLike
FN:120,numberValue
FN:128,extractRequestId
FN:140,extractObservedAt
FN:153,resolveProviderStatus
FN:177,buildProviderRequestId
FN:183,buildProviderRequestsForCase
FN:188,(anonymous_21)
FN:253,providerRequestIdsForModule
FN:255,(anonymous_23)
FN:256,(anonymous_24)
FN:259,firstProviderRequestId
FN:265,createEvidence
FN:293,buildEvidenceItemsForCase
FN:414,createRiskSignal
FN:436,buildRiskSignalsForCase
FN:437,(anonymous_30)
FN:453,(anonymous_31)
FN:466,(anonymous_32)
FN:479,(anonymous_33)
FN:492,(anonymous_34)
FN:499,groupIdsByModule
FN:500,(anonymous_36)
FN:508,buildRawSnapshotsForCase
FN:510,(anonymous_38)
FN:540,buildProviderRecordsForCase
FN:542,(anonymous_40)
FN:553,(anonymous_41)
FN:574,buildOperationalArtifactsForCase
FN:586,(anonymous_43)
FN:594,(anonymous_44)
FNF:45
FNH:0
FNDA:0,asArray
FNDA:0,unique
FNDA:0,getByPath
FNDA:0,(anonymous_3)
FNDA:0,stableStringify
FNDA:0,(anonymous_5)
FNDA:0,hashValue
FNDA:0,safeIdPart
FNDA:0,stripUndefined
FNDA:0,(anonymous_9)
FNDA:0,(anonymous_10)
FNDA:0,(anonymous_11)
FNDA:0,hasMeaningfulValue
FNDA:0,handlePayloadStorage
FNDA:0,isPositiveLike
FNDA:0,numberValue
FNDA:0,extractRequestId
FNDA:0,extractObservedAt
FNDA:0,resolveProviderStatus
FNDA:0,buildProviderRequestId
FNDA:0,buildProviderRequestsForCase
FNDA:0,(anonymous_21)
FNDA:0,providerRequestIdsForModule
FNDA:0,(anonymous_23)
FNDA:0,(anonymous_24)
FNDA:0,firstProviderRequestId
FNDA:0,createEvidence
FNDA:0,buildEvidenceItemsForCase
FNDA:0,createRiskSignal
FNDA:0,buildRiskSignalsForCase
FNDA:0,(anonymous_30)
FNDA:0,(anonymous_31)
FNDA:0,(anonymous_32)
FNDA:0,(anonymous_33)
FNDA:0,(anonymous_34)
FNDA:0,groupIdsByModule
FNDA:0,(anonymous_36)
FNDA:0,buildRawSnapshotsForCase
FNDA:0,(anonymous_38)
FNDA:0,buildProviderRecordsForCase
FNDA:0,(anonymous_40)
FNDA:0,(anonymous_41)
FNDA:0,buildOperationalArtifactsForCase
FNDA:0,(anonymous_43)
FNDA:0,(anonymous_44)
DA:1,0
DA:3,0
DA:5,0
DA:25,0
DA:40,0
DA:41,0
DA:45,0
DA:49,0
DA:50,0
DA:51,0
DA:56,0
DA:57,0
DA:58,0
DA:59,0
DA:63,0
DA:67,0
DA:74,0
DA:75,0
DA:76,0
DA:78,0
DA:79,0
DA:83,0
DA:86,0
DA:87,0
DA:88,0
DA:89,0
DA:90,0
DA:94,0
DA:95,0
DA:96,0
DA:98,0
DA:99,0
DA:108,0
DA:117,0
DA:121,0
DA:122,0
DA:123,0
DA:125,0
DA:129,0
DA:130,0
DA:131,0
DA:132,0
DA:141,0
DA:142,0
DA:144,0
DA:154,0
DA:155,0
DA:156,0
DA:157,0
DA:158,0
DA:159,0
DA:162,0
DA:169,0
DA:170,0
DA:171,0
DA:172,0
DA:173,0
DA:174,0
DA:178,0
DA:179,0
DA:180,0
DA:184,0
DA:185,0
DA:187,0
DA:189,0
DA:190,0
DA:191,0
DA:199,0
DA:200,0
DA:201,0
DA:221,0
DA:224,0
DA:225,0
DA:226,0
DA:228,0
DA:254,0
DA:255,0
DA:256,0
DA:260,0
DA:266,0
DA:267,0
DA:268,0
DA:269,0
DA:271,0
DA:294,0
DA:295,0
DA:296,0
DA:297,0
DA:298,0
DA:310,0
DA:316,0
DA:317,0
DA:331,0
DA:338,0
DA:339,0
DA:340,0
DA:354,0
DA:355,0
DA:356,0
DA:357,0
DA:371,0
DA:377,0
DA:378,0
DA:379,0
DA:393,0
DA:394,0
DA:399,0
DA:411,0
DA:415,0
DA:416,0
DA:417,0
DA:437,0
DA:438,0
DA:439,0
DA:440,0
DA:442,0
DA:444,0
DA:445,0
DA:453,0
DA:457,0
DA:458,0
DA:466,0
DA:470,0
DA:471,0
DA:479,0
DA:483,0
DA:484,0
DA:492,0
DA:496,0
DA:500,0
DA:501,0
DA:502,0
DA:503,0
DA:504,0
DA:509,0
DA:511,0
DA:512,0
DA:514,0
DA:515,0
DA:517,0
DA:541,0
DA:542,0
DA:543,0
DA:544,0
DA:545,0
DA:546,0
DA:547,0
DA:548,0
DA:549,0
DA:550,0
DA:553,0
DA:554,0
DA:555,0
DA:571,0
DA:575,0
DA:576,0
DA:577,0
DA:578,0
DA:579,0
DA:580,0
DA:581,0
DA:582,0
DA:583,0
DA:584,0
DA:585,0
DA:586,0
DA:594,0
DA:602,0
DA:620,0
LF:169
LH:0
BRDA:40,0,0,0
BRDA:40,0,1,0
BRDA:41,1,0,0
BRDA:41,1,1,0
BRDA:48,2,0,0
BRDA:50,3,0,0
BRDA:50,3,1,0
BRDA:50,4,0,0
BRDA:50,4,1,0
BRDA:56,5,0,0
BRDA:56,5,1,0
BRDA:56,6,0,0
BRDA:56,6,1,0
BRDA:57,7,0,0
BRDA:57,7,1,0
BRDA:58,8,0,0
BRDA:58,8,1,0
BRDA:62,9,0,0
BRDA:66,10,0,0
BRDA:67,11,0,0
BRDA:67,11,1,0
BRDA:74,12,0,0
BRDA:74,12,1,0
BRDA:75,13,0,0
BRDA:75,13,1,0
BRDA:75,14,0,0
BRDA:75,14,1,0
BRDA:86,15,0,0
BRDA:86,15,1,0
BRDA:86,16,0,0
BRDA:86,16,1,0
BRDA:87,17,0,0
BRDA:87,17,1,0
BRDA:88,18,0,0
BRDA:88,18,1,0
BRDA:89,19,0,0
BRDA:89,19,1,0
BRDA:94,20,0,0
BRDA:94,20,1,0
BRDA:98,21,0,0
BRDA:98,21,1,0
BRDA:117,22,0,0
BRDA:117,22,1,0
BRDA:123,23,0,0
BRDA:123,23,1,0
BRDA:123,24,0,0
BRDA:123,24,1,0
BRDA:129,25,0,0
BRDA:129,25,1,0
BRDA:130,26,0,0
BRDA:130,26,1,0
BRDA:131,27,0,0
BRDA:131,27,1,0
BRDA:132,28,0,0
BRDA:132,28,1,0
BRDA:132,28,2,0
BRDA:132,28,3,0
BRDA:132,28,4,0
BRDA:132,28,5,0
BRDA:141,29,0,0
BRDA:141,29,1,0
BRDA:141,30,0,0
BRDA:141,30,1,0
BRDA:142,31,0,0
BRDA:142,31,1,0
BRDA:144,32,0,0
BRDA:144,32,1,0
BRDA:144,32,2,0
BRDA:144,32,3,0
BRDA:144,32,4,0
BRDA:144,32,5,0
BRDA:144,32,6,0
BRDA:154,33,0,0
BRDA:154,33,1,0
BRDA:154,34,0,0
BRDA:154,34,1,0
BRDA:155,35,0,0
BRDA:155,35,1,0
BRDA:156,36,0,0
BRDA:156,36,1,0
BRDA:156,36,2,0
BRDA:157,37,0,0
BRDA:157,37,1,0
BRDA:158,38,0,0
BRDA:158,38,1,0
BRDA:159,39,0,0
BRDA:159,39,1,0
BRDA:169,40,0,0
BRDA:169,40,1,0
BRDA:170,41,0,0
BRDA:170,41,1,0
BRDA:171,42,0,0
BRDA:171,42,1,0
BRDA:172,43,0,0
BRDA:172,43,1,0
BRDA:173,44,0,0
BRDA:173,44,1,0
BRDA:174,45,0,0
BRDA:174,45,1,0
BRDA:183,46,0,0
BRDA:183,47,0,0
BRDA:184,48,0,0
BRDA:184,48,1,0
BRDA:185,49,0,0
BRDA:185,49,1,0
BRDA:185,49,2,0
BRDA:190,50,0,0
BRDA:190,50,1,0
BRDA:199,51,0,0
BRDA:199,51,1,0
BRDA:199,52,0,0
BRDA:199,52,1,0
BRDA:205,53,0,0
BRDA:205,53,1,0
BRDA:211,54,0,0
BRDA:211,54,1,0
BRDA:226,55,0,0
BRDA:226,55,1,0
BRDA:226,56,0,0
BRDA:226,56,1,0
BRDA:232,57,0,0
BRDA:232,57,1,0
BRDA:242,58,0,0
BRDA:242,58,1,0
BRDA:259,59,0,0
BRDA:260,60,0,0
BRDA:260,60,1,0
BRDA:260,60,2,0
BRDA:261,61,0,0
BRDA:261,61,1,0
BRDA:265,62,0,0
BRDA:265,63,0,0
BRDA:265,64,0,0
BRDA:265,65,0,0
BRDA:266,66,0,0
BRDA:266,66,1,0
BRDA:267,67,0,0
BRDA:267,67,1,0
BRDA:267,68,0,0
BRDA:267,68,1,0
BRDA:267,69,0,0
BRDA:267,69,1,0
BRDA:269,70,0,0
BRDA:269,70,1,0
BRDA:269,71,0,0
BRDA:269,71,1,0
BRDA:273,72,0,0
BRDA:273,72,1,0
BRDA:275,73,0,0
BRDA:275,73,1,0
BRDA:287,74,0,0
BRDA:287,74,1,0
BRDA:293,75,0,0
BRDA:293,76,0,0
BRDA:293,77,0,0
BRDA:295,78,0,0
BRDA:295,78,1,0
BRDA:295,78,2,0
BRDA:295,78,3,0
BRDA:296,79,0,0
BRDA:296,79,1,0
BRDA:296,79,2,0
BRDA:297,80,0,0
BRDA:297,80,1,0
BRDA:297,81,0,0
BRDA:297,81,1,0
BRDA:304,82,0,0
BRDA:304,82,1,0
BRDA:304,83,0,0
BRDA:304,83,1,0
BRDA:305,84,0,0
BRDA:305,84,1,0
BRDA:305,85,0,0
BRDA:305,85,1,0
BRDA:316,86,0,0
BRDA:316,86,1,0
BRDA:316,87,0,0
BRDA:316,87,1,0
BRDA:323,88,0,0
BRDA:323,88,1,0
BRDA:326,89,0,0
BRDA:326,89,1,0
BRDA:338,90,0,0
BRDA:338,90,1,0
BRDA:338,91,0,0
BRDA:338,91,1,0
BRDA:338,91,2,0
BRDA:339,92,0,0
BRDA:339,92,1,0
BRDA:339,92,2,0
BRDA:346,93,0,0
BRDA:346,93,1,0
BRDA:347,94,0,0
BRDA:347,94,1,0
BRDA:349,95,0,0
BRDA:349,95,1,0
BRDA:355,96,0,0
BRDA:355,96,1,0
BRDA:355,97,0,0
BRDA:355,97,1,0
BRDA:356,98,0,0
BRDA:356,98,1,0
BRDA:363,99,0,0
BRDA:363,99,1,0
BRDA:364,100,0,0
BRDA:364,100,1,0
BRDA:366,101,0,0
BRDA:366,101,1,0
BRDA:377,102,0,0
BRDA:377,102,1,0
BRDA:377,103,0,0
BRDA:377,103,1,0
BRDA:377,103,2,0
BRDA:378,104,0,0
BRDA:378,104,1,0
BRDA:378,104,2,0
BRDA:385,105,0,0
BRDA:385,105,1,0
BRDA:386,106,0,0
BRDA:386,106,1,0
BRDA:388,107,0,0
BRDA:388,107,1,0
BRDA:393,108,0,0
BRDA:393,108,1,0
BRDA:393,109,0,0
BRDA:393,109,1,0
BRDA:393,109,2,0
BRDA:395,110,0,0
BRDA:395,110,1,0
BRDA:396,111,0,0
BRDA:396,111,1,0
BRDA:397,112,0,0
BRDA:397,112,1,0
BRDA:406,113,0,0
BRDA:406,113,1,0
BRDA:415,114,0,0
BRDA:415,114,1,0
BRDA:415,115,0,0
BRDA:415,115,1,0
BRDA:419,116,0,0
BRDA:419,116,1,0
BRDA:421,117,0,0
BRDA:421,117,1,0
BRDA:429,118,0,0
BRDA:429,118,1,0
BRDA:436,119,0,0
BRDA:436,120,0,0
BRDA:436,121,0,0
BRDA:438,122,0,0
BRDA:438,122,1,0
BRDA:444,123,0,0
BRDA:444,123,1,0
BRDA:444,124,0,0
BRDA:444,124,1,0
BRDA:457,125,0,0
BRDA:457,125,1,0
BRDA:457,126,0,0
BRDA:457,126,1,0
BRDA:470,127,0,0
BRDA:470,127,1,0
BRDA:470,128,0,0
BRDA:470,128,1,0
BRDA:470,128,2,0
BRDA:483,129,0,0
BRDA:483,129,1,0
BRDA:483,130,0,0
BRDA:483,130,1,0
BRDA:483,130,2,0
BRDA:489,131,0,0
BRDA:489,131,1,0
BRDA:490,132,0,0
BRDA:490,132,1,0
BRDA:501,133,0,0
BRDA:501,133,1,0
BRDA:501,134,0,0
BRDA:501,134,1,0
BRDA:502,135,0,0
BRDA:502,135,1,0
BRDA:508,136,0,0
BRDA:508,137,0,0
BRDA:508,138,0,0
BRDA:512,139,0,0
BRDA:512,139,1,0
BRDA:533,140,0,0
BRDA:533,140,1,0
BRDA:533,140,2,0
BRDA:540,141,0,0
BRDA:540,142,0,0
BRDA:543,143,0,0
BRDA:543,143,1,0
BRDA:545,144,0,0
BRDA:545,144,1,0
BRDA:545,145,0,0
BRDA:545,145,1,0
BRDA:547,146,0,0
BRDA:547,146,1,0
BRDA:547,147,0,0
BRDA:547,147,1,0
BRDA:549,148,0,0
BRDA:549,148,1,0
BRDA:549,149,0,0
BRDA:549,149,1,0
BRDA:574,150,0,0
BRDA:574,151,0,0
BRDA:574,152,0,0
BRDA:595,153,0,0
BRDA:595,153,1,0
BRDA:596,154,0,0
BRDA:596,154,1,0
BRDA:597,155,0,0
BRDA:597,155,1,0
BRDA:598,156,0,0
BRDA:598,156,1,0
BRDA:599,157,0,0
BRDA:599,157,1,0
BRF:315
BRH:0
end_of_record
TN:
SF:domain\v2ProductCatalog.js
FN:102,_asArray
FN:107,normalizeEnabledProducts
FN:115,(anonymous_2)
FN:116,(anonymous_3)
FN:122,tierIndex
FN:127,listCatalog
FN:128,(anonymous_6)
FN:131,getProductMetadata
FN:145,buildClientProductCatalog
FNF:9
FNH:0
FNDA:0,_asArray
FNDA:0,normalizeEnabledProducts
FNDA:0,(anonymous_2)
FNDA:0,(anonymous_3)
FNDA:0,tierIndex
FNDA:0,listCatalog
FNDA:0,(anonymous_6)
FNDA:0,getProductMetadata
FNDA:0,buildClientProductCatalog
DA:3,0
DA:9,0
DA:100,0
DA:103,0
DA:104,0
DA:108,0
DA:109,0
DA:110,0
DA:112,0
DA:113,0
DA:115,0
DA:116,0
DA:119,0
DA:123,0
DA:124,0
DA:128,0
DA:132,0
DA:146,0
DA:147,0
DA:148,0
DA:150,0
DA:151,0
DA:153,0
DA:154,0
DA:156,0
DA:157,0
DA:158,0
DA:161,0
DA:162,0
DA:163,0
DA:166,0
DA:169,0
DA:179,0
LF:33
LH:0
BRDA:103,0,0,0
BRDA:103,0,1,0
BRDA:104,1,0,0
BRDA:104,1,1,0
BRDA:108,2,0,0
BRDA:108,2,1,0
BRDA:109,3,0,0
BRDA:109,3,1,0
BRDA:112,4,0,0
BRDA:112,4,1,0
BRDA:115,5,0,0
BRDA:115,5,1,0
BRDA:123,6,0,0
BRDA:123,6,1,0
BRDA:124,7,0,0
BRDA:124,7,1,0
BRDA:132,8,0,0
BRDA:132,8,1,0
BRDA:145,9,0,0
BRDA:145,10,0,0
BRDA:145,11,0,0
BRDA:156,12,0,0
BRDA:156,12,1,0
BRDA:161,13,0,0
BRDA:161,13,1,0
BRDA:161,14,0,0
BRDA:161,14,1,0
BRDA:174,15,0,0
BRDA:174,15,1,0
BRF:29
BRH:0
end_of_record
TN:
SF:domain\v2ProviderDivergences.js
FN:10,sanitizeResolutionText
FN:14,buildProviderDivergenceResolution
FNF:2
FNH:0
FNDA:0,sanitizeResolutionText
FNDA:0,buildProviderDivergenceResolution
DA:3,0
DA:11,0
DA:20,0
DA:21,0
DA:22,0
DA:25,0
DA:26,0
DA:27,0
DA:30,0
DA:31,0
DA:33,0
DA:49,0
LF:12
LH:0
BRDA:10,0,0,0
BRDA:11,1,0,0
BRDA:11,1,1,0
BRDA:14,2,0,0
BRDA:15,3,0,0
BRDA:16,4,0,0
BRDA:17,5,0,0
BRDA:18,6,0,0
BRDA:20,7,0,0
BRDA:20,7,1,0
BRDA:21,8,0,0
BRDA:21,8,1,0
BRDA:25,9,0,0
BRDA:25,9,1,0
BRDA:25,9,2,0
BRDA:26,10,0,0
BRDA:26,10,1,0
BRDA:31,11,0,0
BRDA:31,11,1,0
BRDA:36,12,0,0
BRDA:36,12,1,0
BRDA:37,13,0,0
BRDA:37,13,1,0
BRDA:41,14,0,0
BRDA:41,14,1,0
BRF:25
BRH:0
end_of_record
TN:
SF:domain\v2ProviderLedger.js
FN:20,getDb
FN:24,_setDb
FN:30,buildProviderRequestId
FN:37,hashRequest
FN:47,createProviderRequest
FN:88,resolveProviderRequest
FN:111,markProviderRequestReused
FN:125,findReusableProviderRequest
FNF:8
FNH:0
FNDA:0,getDb
FNDA:0,_setDb
FNDA:0,buildProviderRequestId
FNDA:0,hashRequest
FNDA:0,createProviderRequest
FNDA:0,resolveProviderRequest
FNDA:0,markProviderRequestReused
FNDA:0,findReusableProviderRequest
DA:16,0
DA:18,0
DA:21,0
DA:25,0
DA:28,0
DA:31,0
DA:32,0
DA:33,0
DA:34,0
DA:38,0
DA:39,0
DA:40,0
DA:57,0
DA:58,0
DA:60,0
DA:81,0
DA:82,0
DA:95,0
DA:105,0
DA:112,0
DA:126,0
DA:127,0
DA:137,0
DA:138,0
DA:139,0
DA:140,0
DA:143,0
LF:27
LH:0
BRDA:21,0,0,0
BRDA:21,0,1,0
BRDA:31,1,0,0
BRDA:31,1,1,0
BRDA:32,2,0,0
BRDA:32,2,1,0
BRDA:33,3,0,0
BRDA:33,3,1,0
BRDA:47,4,0,0
BRDA:54,5,0,0
BRDA:55,6,0,0
BRDA:57,7,0,0
BRDA:57,7,1,0
BRDA:62,8,0,0
BRDA:62,8,1,0
BRDA:63,9,0,0
BRDA:63,9,1,0
BRDA:64,10,0,0
BRDA:64,10,1,0
BRDA:66,11,0,0
BRDA:66,11,1,0
BRDA:67,12,0,0
BRDA:67,12,1,0
BRDA:88,13,0,0
BRDA:89,14,0,0
BRDA:90,15,0,0
BRDA:91,16,0,0
BRDA:92,17,0,0
BRDA:93,18,0,0
BRDA:99,19,0,0
BRDA:99,19,1,0
BRDA:111,20,0,0
BRDA:111,21,0,0
BRDA:125,22,0,0
BRDA:125,23,0,0
BRDA:128,24,0,0
BRDA:128,24,1,0
BRDA:138,25,0,0
BRDA:138,25,1,0
BRDA:140,26,0,0
BRDA:140,26,1,0
BRF:41
BRH:0
end_of_record
TN:
SF:domain\v2RawPayloadStorage.js
FN:6,stripStorageOnlyFields
FN:11,normalizeRawSnapshotMetadata
FN:20,persistRawPayloadObject
FN:50,persistRawSnapshotPayloads
FNF:4
FNH:0
FNDA:0,stripStorageOnlyFields
FNDA:0,normalizeRawSnapshotMetadata
FNDA:0,persistRawPayloadObject
FNDA:0,persistRawSnapshotPayloads
DA:3,0
DA:4,0
DA:7,0
DA:8,0
DA:12,0
DA:21,0
DA:22,0
DA:24,0
DA:25,0
DA:26,0
DA:29,0
DA:30,0
DA:31,0
DA:47,0
DA:51,0
DA:52,0
DA:54,0
DA:55,0
DA:56,0
DA:58,0
DA:59,0
DA:60,0
DA:63,0
DA:64,0
DA:68,0
DA:71,0
DA:72,0
DA:78,0
DA:85,0
DA:90,0
DA:99,0
DA:102,0
LF:32
LH:0
BRDA:6,0,0,0
BRDA:11,1,0,0
BRDA:14,2,0,0
BRDA:14,2,1,0
BRDA:15,3,0,0
BRDA:15,3,1,0
BRDA:16,4,0,0
BRDA:16,4,1,0
BRDA:20,5,0,0
BRDA:21,6,0,0
BRDA:21,6,1,0
BRDA:21,7,0,0
BRDA:21,7,1,0
BRDA:24,8,0,0
BRDA:24,8,1,0
BRDA:25,9,0,0
BRDA:25,9,1,0
BRDA:25,10,0,0
BRDA:25,10,1,0
BRDA:37,11,0,0
BRDA:37,11,1,0
BRDA:38,12,0,0
BRDA:38,12,1,0
BRDA:39,13,0,0
BRDA:39,13,1,0
BRDA:40,14,0,0
BRDA:40,14,1,0
BRDA:41,15,0,0
BRDA:41,15,1,0
BRDA:42,16,0,0
BRDA:42,16,1,0
BRDA:43,17,0,0
BRDA:43,17,1,0
BRDA:50,18,0,0
BRDA:50,19,0,0
BRDA:51,20,0,0
BRDA:58,21,0,0
BRDA:58,21,1,0
BRDA:63,22,0,0
BRDA:63,22,1,0
BRDA:63,23,0,0
BRDA:63,23,1,0
BRDA:81,24,0,0
BRDA:81,24,1,0
BRDA:88,25,0,0
BRDA:88,25,1,0
BRDA:94,26,0,0
BRDA:94,26,1,0
BRF:48
BRH:0
end_of_record
TN:
SF:domain\v2RawSnapshot.js
FN:17,getDb
FN:21,_setDb
FN:28,buildRawSnapshotId
FN:32,computePayloadHash
FN:44,createRawSnapshot
FN:88,getRawSnapshot
FN:97,markSnapshotInStorage
FNF:7
FNH:0
FNDA:0,getDb
FNDA:0,_setDb
FNDA:0,buildRawSnapshotId
FNDA:0,computePayloadHash
FNDA:0,createRawSnapshot
FNDA:0,getRawSnapshot
FNDA:0,markSnapshotInStorage
DA:13,0
DA:15,0
DA:18,0
DA:22,0
DA:25,0
DA:26,0
DA:29,0
DA:33,0
DA:34,0
DA:35,0
DA:55,0
DA:56,0
DA:58,0
DA:59,0
DA:61,0
DA:80,0
DA:81,0
DA:89,0
DA:90,0
DA:91,0
DA:98,0
DA:105,0
LF:22
LH:0
BRDA:18,0,0,0
BRDA:18,0,1,0
BRDA:28,1,0,0
BRDA:44,2,0,0
BRDA:53,3,0,0
BRDA:63,4,0,0
BRDA:63,4,1,0
BRDA:64,5,0,0
BRDA:64,5,1,0
BRDA:65,6,0,0
BRDA:65,6,1,0
BRDA:66,7,0,0
BRDA:66,7,1,0
BRDA:68,8,0,0
BRDA:68,8,1,0
BRDA:69,9,0,0
BRDA:69,9,1,0
BRDA:76,10,0,0
BRDA:76,10,1,0
BRDA:77,11,0,0
BRDA:77,11,1,0
BRDA:90,12,0,0
BRDA:90,12,1,0
BRDA:91,13,0,0
BRDA:91,13,1,0
BRF:25
BRH:0
end_of_record
TN:
SF:domain\v2Rbac.js
FN:107,hasPermission
FN:113,isOpsRole
FN:117,isClientRole
FNF:3
FNH:0
FNDA:0,hasPermission
FNDA:0,isOpsRole
FNDA:0,isClientRole
DA:3,0
DA:14,0
DA:33,0
DA:40,0
DA:47,0
DA:108,0
DA:109,0
DA:110,0
DA:114,0
DA:118,0
DA:121,0
LF:11
LH:0
BRDA:109,0,0,0
BRDA:109,0,1,0
BRF:2
BRH:0
end_of_record
TN:
SF:domain\v2ReportSections.js
FN:45,asArray
FN:50,stableHash
FN:56,getExecutedModuleKeys
FN:58,(anonymous_3)
FN:59,(anonymous_4)
FN:64,getModulesWithEvidence
FN:76,resolveReportModuleKeys
FN:82,(anonymous_7)
FN:83,(anonymous_8)
FN:87,(anonymous_9)
FN:92,(anonymous_10)
FN:97,(anonymous_11)
FN:98,(anonymous_12)
FN:107,buildSectionContributions
FN:127,buildSectionsFromV2
FN:165,(anonymous_15)
FN:195,(anonymous_16)
FN:207,(anonymous_17)
FN:210,(anonymous_18)
FN:212,(anonymous_19)
FN:217,(anonymous_20)
FN:223,(anonymous_21)
FN:232,(anonymous_22)
FN:251,(anonymous_23)
FN:264,resolveReportSections
FN:292,(anonymous_25)
FN:293,(anonymous_26)
FN:323,buildReportSnapshotFromV2
FNF:28
FNH:0
FNDA:0,asArray
FNDA:0,stableHash
FNDA:0,getExecutedModuleKeys
FNDA:0,(anonymous_3)
FNDA:0,(anonymous_4)
FNDA:0,getModulesWithEvidence
FNDA:0,resolveReportModuleKeys
FNDA:0,(anonymous_7)
FNDA:0,(anonymous_8)
FNDA:0,(anonymous_9)
FNDA:0,(anonymous_10)
FNDA:0,(anonymous_11)
FNDA:0,(anonymous_12)
FNDA:0,buildSectionContributions
FNDA:0,buildSectionsFromV2
FNDA:0,(anonymous_15)
FNDA:0,(anonymous_16)
FNDA:0,(anonymous_17)
FNDA:0,(anonymous_18)
FNDA:0,(anonymous_19)
FNDA:0,(anonymous_20)
FNDA:0,(anonymous_21)
FNDA:0,(anonymous_22)
FNDA:0,(anonymous_23)
FNDA:0,resolveReportSections
FNDA:0,(anonymous_25)
FNDA:0,(anonymous_26)
FNDA:0,buildReportSnapshotFromV2
DA:3,0
DA:5,0
DA:7,0
DA:9,0
DA:15,0
DA:22,0
DA:28,0
DA:46,0
DA:47,0
DA:51,0
DA:52,0
DA:57,0
DA:58,0
DA:59,0
DA:65,0
DA:66,0
DA:67,0
DA:69,0
DA:70,0
DA:72,0
DA:77,0
DA:78,0
DA:81,0
DA:82,0
DA:83,0
DA:86,0
DA:87,0
DA:91,0
DA:92,0
DA:96,0
DA:97,0
DA:98,0
DA:101,0
DA:103,0
DA:108,0
DA:109,0
DA:111,0
DA:112,0
DA:113,0
DA:114,0
DA:117,0
DA:118,0
DA:119,0
DA:120,0
DA:123,0
DA:134,0
DA:135,0
DA:136,0
DA:138,0
DA:139,0
DA:140,0
DA:141,0
DA:143,0
DA:144,0
DA:145,0
DA:146,0
DA:149,0
DA:152,0
DA:154,0
DA:155,0
DA:156,0
DA:157,0
DA:158,0
DA:159,0
DA:165,0
DA:172,0
DA:173,0
DA:186,0
DA:190,0
DA:191,0
DA:192,0
DA:193,0
DA:194,0
DA:195,0
DA:196,0
DA:199,0
DA:207,0
DA:210,0
DA:212,0
DA:217,0
DA:218,0
DA:219,0
DA:223,0
DA:232,0
DA:237,0
DA:238,0
DA:251,0
DA:252,0
DA:253,0
DA:254,0
DA:255,0
DA:256,0
DA:257,0
DA:260,0
DA:273,0
DA:275,0
DA:281,0
DA:290,0
DA:292,0
DA:293,0
DA:295,0
DA:301,0
DA:309,0
DA:337,0
DA:338,0
DA:342,0
DA:361,0
LF:107
LH:0
BRDA:46,0,0,0
BRDA:46,0,1,0
BRDA:47,1,0,0
BRDA:47,1,1,0
BRDA:51,2,0,0
BRDA:51,2,1,0
BRDA:56,3,0,0
BRDA:64,4,0,0
BRDA:64,5,0,0
BRDA:67,6,0,0
BRDA:67,6,1,0
BRDA:70,7,0,0
BRDA:70,7,1,0
BRDA:76,8,0,0
BRDA:76,9,0,0
BRDA:76,10,0,0
BRDA:76,11,0,0
BRDA:87,12,0,0
BRDA:87,12,1,0
BRDA:92,13,0,0
BRDA:92,13,1,0
BRDA:97,14,0,0
BRDA:97,14,1,0
BRDA:107,15,0,0
BRDA:107,16,0,0
BRDA:107,17,0,0
BRDA:112,18,0,0
BRDA:112,18,1,0
BRDA:112,19,0,0
BRDA:112,19,1,0
BRDA:113,20,0,0
BRDA:113,20,1,0
BRDA:114,21,0,0
BRDA:114,21,1,0
BRDA:118,22,0,0
BRDA:118,22,1,0
BRDA:118,23,0,0
BRDA:118,23,1,0
BRDA:119,24,0,0
BRDA:119,24,1,0
BRDA:120,25,0,0
BRDA:120,25,1,0
BRDA:127,26,0,0
BRDA:128,27,0,0
BRDA:129,28,0,0
BRDA:130,29,0,0
BRDA:131,30,0,0
BRDA:132,31,0,0
BRDA:139,32,0,0
BRDA:139,32,1,0
BRDA:140,33,0,0
BRDA:140,33,1,0
BRDA:144,34,0,0
BRDA:144,34,1,0
BRDA:145,35,0,0
BRDA:145,35,1,0
BRDA:152,36,0,0
BRDA:152,36,1,0
BRDA:153,37,0,0
BRDA:153,37,1,0
BRDA:154,38,0,0
BRDA:154,38,1,0
BRDA:156,39,0,0
BRDA:156,39,1,0
BRDA:157,40,0,0
BRDA:157,40,1,0
BRDA:158,41,0,0
BRDA:158,41,1,0
BRDA:163,42,0,0
BRDA:163,42,1,0
BRDA:172,43,0,0
BRDA:172,43,1,0
BRDA:191,44,0,0
BRDA:191,44,1,0
BRDA:192,45,0,0
BRDA:192,45,1,0
BRDA:193,46,0,0
BRDA:193,46,1,0
BRDA:196,47,0,0
BRDA:196,47,1,0
BRDA:196,48,0,0
BRDA:196,48,1,0
BRDA:196,49,0,0
BRDA:196,49,1,0
BRDA:201,50,0,0
BRDA:201,50,1,0
BRDA:218,51,0,0
BRDA:218,51,1,0
BRDA:237,52,0,0
BRDA:237,52,1,0
BRDA:254,53,0,0
BRDA:254,53,1,0
BRDA:254,54,0,0
BRDA:254,54,1,0
BRDA:255,55,0,0
BRDA:255,55,1,0
BRDA:256,56,0,0
BRDA:256,56,1,0
BRDA:264,57,0,0
BRDA:266,58,0,0
BRDA:267,59,0,0
BRDA:268,60,0,0
BRDA:269,61,0,0
BRDA:270,62,0,0
BRDA:271,63,0,0
BRDA:273,64,0,0
BRDA:273,64,1,0
BRDA:323,65,0,0
BRDA:325,66,0,0
BRDA:326,67,0,0
BRDA:327,68,0,0
BRDA:328,69,0,0
BRDA:329,70,0,0
BRDA:330,71,0,0
BRDA:331,72,0,0
BRDA:332,73,0,0
BRDA:333,74,0,0
BRDA:334,75,0,0
BRDA:335,76,0,0
BRDA:337,77,0,0
BRDA:337,77,1,0
BRDA:346,78,0,0
BRDA:346,78,1,0
BRDA:346,78,2,0
BRDA:355,79,0,0
BRDA:355,79,1,0
BRDA:355,80,0,0
BRDA:355,80,1,0
BRDA:355,81,0,0
BRDA:355,81,1,0
BRF:130
BRH:0
end_of_record
TN:
SF:domain\v2ReviewGate.js
FN:19,isSeniorReviewerRole
FN:23,buildPolicySummary
FN:32,resolveReviewGate
FNF:3
FNH:0
FNDA:0,isSeniorReviewerRole
FNDA:0,buildPolicySummary
FNDA:0,resolveReviewGate
DA:5,0
DA:11,0
DA:13,0
DA:20,0
DA:24,0
DA:39,0
DA:45,0
DA:47,0
DA:48,0
DA:57,0
DA:58,0
DA:67,0
DA:68,0
DA:77,0
DA:86,0
LF:15
LH:0
BRDA:23,0,0,0
BRDA:25,1,0,0
BRDA:25,1,1,0
BRDA:27,2,0,0
BRDA:27,2,1,0
BRDA:28,3,0,0
BRDA:28,3,1,0
BRDA:32,4,0,0
BRDA:33,5,0,0
BRDA:34,6,0,0
BRDA:35,7,0,0
BRDA:36,8,0,0
BRDA:37,9,0,0
BRDA:47,10,0,0
BRDA:47,10,1,0
BRDA:57,11,0,0
BRDA:57,11,1,0
BRDA:67,12,0,0
BRDA:67,12,1,0
BRDA:67,13,0,0
BRDA:67,13,1,0
BRF:21
BRH:0
end_of_record
TN:
SF:domain\v2ReviewPolicy.js
FN:33,_comparePolicyLevel
FN:39,maxPolicyLevel
[...]
BRDA:147,30,1,0
BRDA:149,31,0,0
BRDA:149,31,1,0
BRDA:153,32,0,0
BRDA:153,32,1,0
BRDA:155,33,0,0
BRDA:155,33,1,0
BRDA:161,34,0,0
BRDA:161,34,1,0
BRDA:161,35,0,0
BRDA:161,35,1,0
BRDA:168,36,0,0
BRDA:170,37,0,0
BRDA:171,38,0,0
BRDA:172,39,0,0
BRDA:174,40,0,0
BRDA:174,40,1,0
BRDA:181,41,0,0
BRDA:181,41,1,0
BRDA:181,41,2,0
BRDA:186,42,0,0
BRDA:186,42,1,0
BRDA:187,43,0,0
BRDA:187,43,1,0
BRDA:193,44,0,0
BRDA:193,44,1,0
BRDA:194,45,0,0
BRDA:194,45,1,0
BRDA:196,46,0,0
BRDA:196,46,1,0
BRDA:198,47,0,0
BRDA:198,47,1,0
BRDA:207,48,0,0
BRDA:207,48,1,0
BRDA:207,49,0,0
BRDA:207,49,1,0
BRDA:208,50,0,0
BRDA:208,50,1,0
BRDA:209,51,0,0
BRDA:209,51,1,0
BRDA:215,52,0,0
BRDA:215,52,1,0
BRDA:220,53,0,0
BRDA:220,53,1,0
BRDA:220,54,0,0
BRDA:220,54,1,0
BRDA:223,55,0,0
BRDA:223,55,1,0
BRF:101
BRH:0
end_of_record
TN:
SF:domain\v2UsageMeters.js
FN:25,normalizeDate
FN:32,buildTimeKeys
FN:42,asArray
FN:48,buildUsageMeterFromProviderRequest
FN:88,buildUsageMeterFromModuleRun
FN:128,buildUsageMetersForCase
FN:167,groupMeterIdsByModule
FN:168,(anonymous_7)
FNF:8
FNH:0
FNDA:0,normalizeDate
FNDA:0,buildTimeKeys
FNDA:0,asArray
FNDA:0,buildUsageMeterFromProviderRequest
FNDA:0,buildUsageMeterFromModuleRun
FNDA:0,buildUsageMetersForCase
FNDA:0,groupMeterIdsByModule
FNDA:0,(anonymous_7)
DA:3,0
DA:6,0
DA:11,0
DA:16,0
DA:18,0
DA:26,0
DA:27,0
DA:28,0
DA:29,0
DA:33,0
DA:34,0
DA:35,0
DA:43,0
DA:44,0
DA:57,0
DA:59,0
DA:60,0
DA:61,0
DA:62,0
DA:63,0
DA:67,0
DA:97,0
DA:98,0
DA:99,0
DA:101,0
DA:102,0
DA:103,0
DA:107,0
DA:138,0
DA:140,0
DA:141,0
DA:143,0
DA:144,0
DA:147,0
DA:148,0
DA:149,0
DA:153,0
DA:154,0
DA:157,0
DA:158,0
DA:159,0
DA:163,0
DA:168,0
DA:169,0
DA:170,0
DA:171,0
DA:172,0
DA:176,0
LF:48
LH:0
BRDA:25,0,0,0
BRDA:26,1,0,0
BRDA:26,1,1,0
BRDA:26,2,0,0
BRDA:26,2,1,0
BRDA:27,3,0,0
BRDA:27,3,1,0
BRDA:27,4,0,0
BRDA:27,4,1,0
BRDA:28,5,0,0
BRDA:28,5,1,0
BRDA:28,6,0,0
BRDA:28,6,1,0
BRDA:29,7,0,0
BRDA:29,7,1,0
BRDA:32,8,0,0
BRDA:43,9,0,0
BRDA:43,9,1,0
BRDA:44,10,0,0
BRDA:44,10,1,0
BRDA:48,11,0,0
BRDA:51,12,0,0
BRDA:52,13,0,0
BRDA:53,14,0,0
BRDA:54,15,0,0
BRDA:55,16,0,0
BRDA:57,17,0,0
BRDA:57,17,1,0
BRDA:57,18,0,0
BRDA:57,18,1,0
BRDA:59,19,0,0
BRDA:59,19,1,0
BRDA:64,20,0,0
BRDA:64,20,1,0
BRDA:64,20,2,0
BRDA:64,20,3,0
BRDA:73,21,0,0
BRDA:73,21,1,0
BRDA:88,22,0,0
BRDA:91,23,0,0
BRDA:92,24,0,0
BRDA:93,25,0,0
BRDA:94,26,0,0
BRDA:95,27,0,0
BRDA:97,28,0,0
BRDA:97,28,1,0
BRDA:97,29,0,0
BRDA:97,29,1,0
BRDA:98,30,0,0
BRDA:98,30,1,0
BRDA:99,31,0,0
BRDA:99,31,1,0
BRDA:104,32,0,0
BRDA:104,32,1,0
BRDA:104,32,2,0
BRDA:104,32,3,0
BRDA:104,32,4,0
BRDA:118,33,0,0
BRDA:118,33,1,0
BRDA:121,34,0,0
BRDA:121,34,1,0
BRDA:128,35,0,0
BRDA:130,36,0,0
BRDA:131,37,0,0
BRDA:132,38,0,0
BRDA:133,39,0,0
BRDA:134,40,0,0
BRDA:135,41,0,0
BRDA:136,42,0,0
BRDA:138,43,0,0
BRDA:138,43,1,0
BRDA:147,44,0,0
BRDA:147,44,1,0
BRDA:147,45,0,0
BRDA:147,45,1,0
BRDA:157,46,0,0
BRDA:157,46,1,0
BRDA:157,47,0,0
BRDA:157,47,1,0
BRDA:167,48,0,0
BRDA:169,49,0,0
BRDA:169,49,1,0
BRDA:169,50,0,0
BRDA:169,50,1,0
BRDA:170,51,0,0
BRDA:170,51,1,0
BRF:86
BRH:0
end_of_record
TN:
SF:helpers\aiHomonym.js
FN:15,getCpfsComNome
FN:22,uniqStrings
FN:25,(anonymous_2)
FN:30,normalizeText
FN:35,getRegionByUf
FN:39,extractDddPrefixes
FN:40,(anonymous_6)
FN:46,parseAddressCityUf
FN:57,hasLowRiskRole
FN:61,buildCandidateProfile
FN:74,(anonymous_10)
FN:75,(anonymous_11)
FN:76,(anonymous_12)
FN:79,(anonymous_13)
FN:80,(anonymous_14)
FN:85,(anonymous_15)
FN:96,(anonymous_16)
FN:97,(anonymous_17)
FN:98,(anonymous_18)
FN:103,getGeoConsistencyBucket
FN:130,resolveEvidenceOrigin
FN:138,resolveEvidenceStrength
FN:151,resolveAnalysisScope
FN:158,buildEscavadorProcessCandidates
FN:162,(anonymous_24)
FN:221,buildJuditProcessCandidates
FN:226,(anonymous_26)
FN:281,buildBigDataCorpProcessCandidates
FN:285,(anonymous_28)
FN:333,buildHardFacts
FN:340,(anonymous_30)
FN:343,(anonymous_31)
FN:346,(anonymous_32)
FN:350,(anonymous_33)
FN:362,dedupCandidatesByCnj
FN:378,scoreProcessCandidate
FN:390,prioritizeProcessCandidates
FN:391,(anonymous_37)
FN:401,buildCoverageAssessment
FN:404,(anonymous_39)
FN:405,(anonymous_40)
FN:406,(anonymous_41)
FN:408,(anonymous_42)
FN:409,(anonymous_43)
FN:480,(anonymous_44)
FN:526,buildHomonymAnalysisInput
FN:537,(anonymous_46)
FN:538,(anonymous_47)
FN:545,(anonymous_48)
FN:546,(anonymous_49)
FN:547,(anonymous_50)
FNF:51
FNH:0
FNDA:0,getCpfsComNome
FNDA:0,uniqStrings
FNDA:0,(anonymous_2)
FNDA:0,normalizeText
FNDA:0,getRegionByUf
FNDA:0,extractDddPrefixes
FNDA:0,(anonymous_6)
FNDA:0,parseAddressCityUf
FNDA:0,hasLowRiskRole
FNDA:0,buildCandidateProfile
FNDA:0,(anonymous_10)
FNDA:0,(anonymous_11)
FNDA:0,(anonymous_12)
FNDA:0,(anonymous_13)
FNDA:0,(anonymous_14)
FNDA:0,(anonymous_15)
FNDA:0,(anonymous_16)
FNDA:0,(anonymous_17)
FNDA:0,(anonymous_18)
FNDA:0,getGeoConsistencyBucket
FNDA:0,resolveEvidenceOrigin
FNDA:0,resolveEvidenceStrength
FNDA:0,resolveAnalysisScope
FNDA:0,buildEscavadorProcessCandidates
FNDA:0,(anonymous_24)
FNDA:0,buildJuditProcessCandidates
FNDA:0,(anonymous_26)
FNDA:0,buildBigDataCorpProcessCandidates
FNDA:0,(anonymous_28)
FNDA:0,buildHardFacts
FNDA:0,(anonymous_30)
FNDA:0,(anonymous_31)
FNDA:0,(anonymous_32)
FNDA:0,(anonymous_33)
FNDA:0,dedupCandidatesByCnj
FNDA:0,scoreProcessCandidate
FNDA:0,prioritizeProcessCandidates
FNDA:0,(anonymous_37)
FNDA:0,buildCoverageAssessment
FNDA:0,(anonymous_39)
FNDA:0,(anonymous_40)
FNDA:0,(anonymous_41)
FNDA:0,(anonymous_42)
FNDA:0,(anonymous_43)
FNDA:0,(anonymous_44)
FNDA:0,buildHomonymAnalysisInput
FNDA:0,(anonymous_46)
FNDA:0,(anonymous_47)
FNDA:0,(anonymous_48)
FNDA:0,(anonymous_49)
FNDA:0,(anonymous_50)
DA:1,0
DA:10,0
DA:16,0
DA:23,0
DA:25,0
DA:31,0
DA:32,0
DA:36,0
DA:40,0
DA:41,0
DA:42,0
DA:47,0
DA:48,0
DA:49,0
DA:51,0
DA:58,0
DA:62,0
DA:63,0
DA:64,0
DA:65,0
DA:67,0
DA:74,0
DA:75,0
DA:76,0
DA:78,0
DA:79,0
DA:80,0
DA:83,0
DA:85,0
DA:88,0
DA:96,0
DA:97,0
DA:98,0
DA:104,0
DA:105,0
DA:107,0
DA:109,0
DA:110,0
DA:112,0
DA:113,0
DA:115,0
DA:116,0
DA:119,0
DA:120,0
DA:121,0
DA:122,0
DA:124,0
DA:125,0
DA:127,0
DA:131,0
DA:132,0
DA:133,0
DA:134,0
DA:135,0
DA:139,0
DA:140,0
DA:142,0
DA:143,0
DA:145,0
DA:146,0
DA:148,0
DA:152,0
DA:153,0
DA:155,0
DA:159,0
DA:160,0
DA:162,0
DA:163,0
DA:164,0
DA:165,0
DA:166,0
DA:167,0
DA:168,0
DA:177,0
DA:178,0
DA:186,0
DA:187,0
DA:189,0
DA:190,0
DA:191,0
DA:192,0
DA:193,0
DA:194,0
DA:196,0
DA:222,0
DA:224,0
DA:226,0
DA:227,0
DA:228,0
DA:229,0
DA:230,0
DA:231,0
DA:232,0
DA:237,0
DA:238,0
DA:246,0
DA:247,0
DA:249,0
DA:250,0
DA:251,0
DA:252,0
DA:253,0
DA:254,0
DA:256,0
DA:282,0
DA:283,0
DA:285,0
DA:286,0
DA:287,0
DA:288,0
DA:289,0
DA:290,0
DA:291,0
DA:292,0
DA:300,0
DA:301,0
DA:303,0
DA:304,0
DA:305,0
DA:307,0
DA:334,0
DA:335,0
DA:337,0
DA:339,0
DA:340,0
DA:341,0
DA:343,0
DA:344,0
DA:346,0
DA:347,0
DA:349,0
DA:350,0
DA:355,0
DA:357,0
DA:360,0
DA:363,0
DA:364,0
DA:365,0
DA:366,0
DA:367,0
DA:368,0
DA:369,0
DA:370,0
DA:371,0
DA:372,0
DA:375,0
DA:379,0
DA:380,0
DA:381,0
DA:382,0
DA:383,0
DA:384,0
DA:385,0
DA:386,0
DA:387,0
DA:391,0
DA:392,0
DA:393,0
DA:395,0
DA:396,0
DA:397,0
DA:402,0
DA:403,0
DA:404,0
DA:405,0
DA:406,0
DA:407,0
DA:408,0
DA:409,0
DA:411,0
DA:412,0
DA:413,0
DA:415,0
DA:416,0
DA:417,0
DA:418,0
DA:419,0
DA:420,0
DA:421,0
DA:423,0
DA:424,0
DA:426,0
DA:427,0
DA:428,0
DA:431,0
DA:432,0
DA:434,0
DA:435,0
DA:437,0
DA:438,0
DA:440,0
DA:441,0
DA:444,0
DA:445,0
DA:451,0
DA:452,0
DA:453,0
DA:454,0
DA:455,0
DA:456,0
DA:457,0
DA:460,0
DA:470,0
DA:476,0
DA:480,0
DA:481,0
DA:489,0
DA:527,0
DA:528,0
DA:533,0
DA:535,0
DA:536,0
DA:537,0
DA:538,0
DA:539,0
DA:540,0
DA:542,0
DA:543,0
DA:545,0
DA:546,0
DA:547,0
DA:548,0
DA:549,0
DA:550,0
DA:552,0
DA:553,0
DA:555,0
DA:556,0
DA:559,0
DA:574,0
LF:230
LH:0
BRDA:17,0,0,0
BRDA:17,0,1,0
BRDA:18,1,0,0
BRDA:18,1,1,0
BRDA:22,2,0,0
BRDA:25,3,0,0
BRDA:25,3,1,0
BRDA:36,4,0,0
BRDA:36,4,1,0
BRDA:36,5,0,0
BRDA:36,5,1,0
BRDA:39,6,0,0
BRDA:41,7,0,0
BRDA:41,7,1,0
BRDA:42,8,0,0
BRDA:42,8,1,0
BRDA:47,9,0,0
BRDA:47,9,1,0
BRDA:49,10,0,0
BRDA:49,10,1,0
BRDA:58,11,0,0
BRDA:58,11,1,0
BRDA:61,12,0,0
BRDA:62,13,0,0
BRDA:62,13,1,0
BRDA:63,14,0,0
BRDA:63,14,1,0
BRDA:64,15,0,0
BRDA:64,15,1,0
BRDA:65,16,0,0
BRDA:65,16,1,0
BRDA:68,17,0,0
BRDA:68,17,1,0
BRDA:69,18,0,0
BRDA:69,18,1,0
BRDA:74,19,0,0
BRDA:74,19,1,0
BRDA:76,20,0,0
BRDA:76,20,1,0
BRDA:79,21,0,0
BRDA:79,21,1,0
BRDA:84,22,0,0
BRDA:84,22,1,0
BRDA:85,23,0,0
BRDA:85,23,1,0
BRDA:89,24,0,0
BRDA:89,24,1,0
BRDA:89,25,0,0
BRDA:89,25,1,0
BRDA:90,26,0,0
BRDA:90,26,1,0
BRDA:94,27,0,0
BRDA:94,27,1,0
BRDA:96,28,0,0
BRDA:96,28,1,0
BRDA:96,28,2,0
BRDA:96,29,0,0
BRDA:96,29,1,0
BRDA:97,30,0,0
BRDA:97,30,1,0
BRDA:98,31,0,0
BRDA:98,31,1,0
BRDA:104,32,0,0
BRDA:104,32,1,0
BRDA:104,33,0,0
BRDA:104,33,1,0
BRDA:105,34,0,0
BRDA:105,34,1,0
BRDA:107,35,0,0
BRDA:107,35,1,0
BRDA:107,36,0,0
BRDA:107,36,1,0
BRDA:109,37,0,0
BRDA:109,37,1,0
BRDA:110,38,0,0
BRDA:110,38,1,0
BRDA:112,39,0,0
BRDA:112,39,1,0
BRDA:112,40,0,0
BRDA:112,40,1,0
BRDA:112,40,2,0
BRDA:112,40,3,0
BRDA:115,41,0,0
BRDA:115,41,1,0
BRDA:115,42,0,0
BRDA:115,42,1,0
BRDA:121,43,0,0
BRDA:121,43,1,0
BRDA:121,44,0,0
BRDA:121,44,1,0
BRDA:124,45,0,0
BRDA:124,45,1,0
BRDA:124,46,0,0
BRDA:124,46,1,0
BRDA:131,47,0,0
BRDA:131,47,1,0
BRDA:132,48,0,0
BRDA:132,48,1,0
BRDA:132,49,0,0
BRDA:132,49,1,0
BRDA:133,50,0,0
BRDA:133,50,1,0
BRDA:133,51,0,0
BRDA:133,51,1,0
BRDA:134,52,0,0
BRDA:134,52,1,0
BRDA:139,53,0,0
BRDA:139,53,1,0
BRDA:142,54,0,0
BRDA:142,54,1,0
BRDA:143,55,0,0
BRDA:143,55,1,0
BRDA:145,56,0,0
BRDA:145,56,1,0
BRDA:145,57,0,0
BRDA:145,57,1,0
BRDA:145,57,2,0
BRDA:145,58,0,0
BRDA:145,58,1,0
BRDA:152,59,0,0
BRDA:152,59,1,0
BRDA:152,60,0,0
BRDA:152,60,1,0
BRDA:152,60,2,0
BRDA:160,61,0,0
BRDA:160,61,1,0
BRDA:165,62,0,0
BRDA:165,62,1,0
BRDA:167,63,0,0
BRDA:167,63,1,0
BRDA:167,63,2,0
BRDA:168,64,0,0
BRDA:168,64,1,0
BRDA:170,65,0,0
BRDA:170,65,1,0
BRDA:172,66,0,0
BRDA:172,66,1,0
BRDA:174,67,0,0
BRDA:174,67,1,0
BRDA:189,68,0,0
BRDA:189,68,1,0
BRDA:190,69,0,0
BRDA:190,69,1,0
BRDA:191,70,0,0
BRDA:191,70,1,0
BRDA:192,71,0,0
BRDA:192,71,1,0
BRDA:193,72,0,0
BRDA:193,72,1,0
BRDA:194,73,0,0
BRDA:194,73,1,0
BRDA:199,74,0,0
BRDA:199,74,1,0
BRDA:200,75,0,0
BRDA:200,75,1,0
BRDA:201,76,0,0
BRDA:201,76,1,0
BRDA:202,77,0,0
BRDA:202,77,1,0
BRDA:203,78,0,0
BRDA:203,78,1,0
BRDA:204,79,0,0
BRDA:204,79,1,0
BRDA:207,80,0,0
BRDA:207,80,1,0
BRDA:207,80,2,0
BRDA:207,80,3,0
BRDA:214,81,0,0
BRDA:214,81,1,0
BRDA:214,82,0,0
BRDA:214,82,1,0
BRDA:214,83,0,0
BRDA:214,83,1,0
BRDA:222,84,0,0
BRDA:222,84,1,0
BRDA:223,85,0,0
BRDA:223,85,1,0
BRDA:224,86,0,0
BRDA:224,86,1,0
BRDA:229,87,0,0
BRDA:229,87,1,0
BRDA:229,87,2,0
BRDA:231,88,0,0
BRDA:231,88,1,0
BRDA:232,89,0,0
BRDA:232,89,1,0
BRDA:234,90,0,0
BRDA:234,90,1,0
BRDA:236,91,0,0
BRDA:236,91,1,0
BRDA:249,92,0,0
BRDA:249,92,1,0
BRDA:250,93,0,0
BRDA:250,93,1,0
BRDA:251,94,0,0
BRDA:251,94,1,0
BRDA:252,95,0,0
BRDA:252,95,1,0
BRDA:252,96,0,0
BRDA:252,96,1,0
BRDA:253,97,0,0
BRDA:253,97,1,0
BRDA:254,98,0,0
BRDA:254,98,1,0
BRDA:259,99,0,0
BRDA:259,99,1,0
BRDA:260,100,0,0
BRDA:260,100,1,0
BRDA:262,101,0,0
BRDA:262,101,1,0
BRDA:263,102,0,0
BRDA:263,102,1,0
BRDA:264,103,0,0
BRDA:264,103,1,0
BRDA:267,104,0,0
BRDA:267,104,1,0
BRDA:267,104,2,0
BRDA:274,105,0,0
BRDA:274,105,1,0
BRDA:274,106,0,0
BRDA:274,106,1,0
BRDA:274,107,0,0
BRDA:274,107,1,0
BRDA:282,108,0,0
BRDA:282,108,1,0
BRDA:283,109,0,0
BRDA:283,109,1,0
BRDA:289,110,0,0
BRDA:289,110,1,0
BRDA:289,110,2,0
BRDA:290,111,0,0
BRDA:290,111,1,0
BRDA:303,112,0,0
BRDA:303,112,1,0
BRDA:304,113,0,0
BRDA:304,113,1,0
BRDA:305,114,0,0
BRDA:305,114,1,0
BRDA:310,115,0,0
BRDA:310,115,1,0
BRDA:311,116,0,0
BRDA:311,116,1,0
BRDA:311,116,2,0
BRDA:312,117,0,0
BRDA:312,117,1,0
BRDA:315,118,0,0
BRDA:315,118,1,0
BRDA:319,119,0,0
BRDA:319,119,1,0
BRDA:319,119,2,0
BRDA:319,119,3,0
BRDA:326,120,0,0
BRDA:326,120,1,0
BRDA:335,121,0,0
BRDA:335,121,1,0
BRDA:335,122,0,0
BRDA:335,122,1,0
BRDA:335,122,2,0
BRDA:335,123,0,0
BRDA:335,123,1,0
BRDA:339,124,0,0
BRDA:339,124,1,0
BRDA:340,125,0,0
BRDA:340,125,1,0
BRDA:340,126,0,0
BRDA:340,126,1,0
BRDA:340,126,2,0
BRDA:343,127,0,0
BRDA:343,127,1,0
BRDA:343,128,0,0
BRDA:343,128,1,0
BRDA:343,128,2,0
BRDA:346,129,0,0
BRDA:346,129,1,0
BRDA:346,130,0,0
BRDA:346,130,1,0
BRDA:346,130,2,0
BRDA:349,131,0,0
BRDA:349,131,1,0
BRDA:350,132,0,0
BRDA:350,132,1,0
BRDA:350,132,2,0
BRDA:350,132,3,0
BRDA:350,133,0,0
BRDA:350,133,1,0
BRDA:366,134,0,0
BRDA:366,134,1,0
BRDA:368,135,0,0
BRDA:368,135,1,0
BRDA:371,136,0,0
BRDA:371,136,1,0
BRDA:371,137,0,0
BRDA:371,137,1,0
BRDA:371,137,2,0
BRDA:380,138,0,0
BRDA:380,138,1,0
BRDA:381,139,0,0
BRDA:381,139,1,0
BRDA:382,140,0,0
BRDA:382,140,1,0
BRDA:383,141,0,0
BRDA:383,141,1,0
BRDA:384,142,0,0
BRDA:384,142,1,0
BRDA:385,143,0,0
BRDA:385,143,1,0
BRDA:386,144,0,0
BRDA:386,144,1,0
BRDA:390,145,0,0
BRDA:393,146,0,0
BRDA:393,146,1,0
BRDA:395,147,0,0
BRDA:395,147,1,0
BRDA:396,148,0,0
BRDA:396,148,1,0
BRDA:402,149,0,0
BRDA:402,149,1,0
BRDA:403,150,0,0
BRDA:403,150,1,0
BRDA:404,151,0,0
BRDA:404,151,1,0
BRDA:404,151,2,0
BRDA:405,152,0,0
BRDA:405,152,1,0
BRDA:405,152,2,0
BRDA:408,153,0,0
BRDA:408,153,1,0
BRDA:411,154,0,0
BRDA:411,154,1,0
BRDA:415,155,0,0
BRDA:415,155,1,0
BRDA:415,156,0,0
BRDA:415,156,1,0
BRDA:418,157,0,0
BRDA:418,157,1,0
BRDA:418,158,0,0
BRDA:418,158,1,0
BRDA:419,159,0,0
BRDA:419,159,1,0
BRDA:426,160,0,0
BRDA:426,160,1,0
BRDA:426,161,0,0
BRDA:426,161,1,0
BRDA:426,161,2,0
BRDA:431,162,0,0
BRDA:431,162,1,0
BRDA:431,163,0,0
BRDA:431,163,1,0
BRDA:434,164,0,0
BRDA:434,164,1,0
BRDA:434,165,0,0
BRDA:434,165,1,0
BRDA:437,166,0,0
BRDA:437,166,1,0
BRDA:437,167,0,0
BRDA:437,167,1,0
BRDA:440,168,0,0
BRDA:440,168,1,0
BRDA:440,169,0,0
BRDA:440,169,1,0
BRDA:440,169,2,0
BRDA:440,169,3,0
BRDA:445,170,0,0
BRDA:445,170,1,0
BRDA:446,171,0,0
BRDA:446,171,1,0
BRDA:446,171,2,0
BRDA:446,171,3,0
BRDA:446,171,4,0
BRDA:446,171,5,0
BRDA:452,172,0,0
BRDA:452,172,1,0
BRDA:454,173,0,0
BRDA:454,173,1,0
BRDA:456,174,0,0
BRDA:456,174,1,0
BRDA:456,175,0,0
BRDA:456,175,1,0
BRDA:456,175,2,0
BRDA:460,176,0,0
BRDA:460,176,1,0
BRDA:461,177,0,0
BRDA:461,177,1,0
BRDA:461,177,2,0
BRDA:461,178,0,0
BRDA:461,178,1,0
BRDA:466,179,0,0
BRDA:466,179,1,0
BRDA:470,180,0,0
BRDA:470,180,1,0
BRDA:472,181,0,0
BRDA:472,181,1,0
BRDA:476,182,0,0
BRDA:476,182,1,0
BRDA:480,183,0,0
BRDA:480,183,1,0
BRDA:480,183,2,0
BRDA:481,184,0,0
BRDA:481,184,1,0
BRDA:483,185,0,0
BRDA:483,185,1,0
BRDA:483,186,0,0
BRDA:483,186,1,0
BRDA:485,187,0,0
BRDA:485,187,1,0
BRDA:492,188,0,0
BRDA:492,188,1,0
BRDA:493,189,0,0
BRDA:493,189,1,0
BRDA:494,190,0,0
BRDA:494,190,1,0
BRDA:499,191,0,0
BRDA:499,191,1,0
BRDA:500,192,0,0
BRDA:500,192,1,0
BRDA:504,193,0,0
BRDA:504,193,1,0
BRDA:505,194,0,0
BRDA:505,194,1,0
BRDA:506,195,0,0
BRDA:506,195,1,0
BRDA:511,196,0,0
BRDA:511,196,1,0
BRDA:512,197,0,0
BRDA:512,197,1,0
BRDA:513,198,0,0
BRDA:513,198,1,0
BRDA:526,199,0,0
BRDA:542,200,0,0
BRDA:542,200,1,0
BRDA:543,201,0,0
BRDA:543,201,1,0
BRDA:545,202,0,0
BRDA:545,202,1,0
BRDA:546,203,0,0
BRDA:546,203,1,0
BRDA:547,204,0,0
BRDA:547,204,1,0
BRDA:548,205,0,0
BRDA:548,205,1,0
BRDA:548,206,0,0
BRDA:548,206,1,0
BRDA:549,207,0,0
BRDA:549,207,1,0
BRDA:549,208,0,0
BRDA:549,208,1,0
BRDA:552,209,0,0
BRDA:552,209,1,0
BRDA:552,210,0,0
BRDA:552,210,1,0
BRDA:555,211,0,0
BRDA:555,211,1,0
BRDA:555,212,0,0
BRDA:555,212,1,0
BRDA:555,213,0,0
BRDA:555,213,1,0
BRF:456
BRH:0
end_of_record
TN:
SF:helpers\circuitBreaker.js
FN:30,checkCircuit
FN:65,recordSuccess
FN:81,recordFailure
FNF:3
FNH:0
FNDA:0,checkCircuit
FNDA:0,recordSuccess
FNDA:0,recordFailure
DA:15,0
DA:17,0
DA:19,0
DA:31,0
DA:32,0
DA:33,0
DA:35,0
DA:37,0
DA:38,0
DA:40,0
DA:41,0
DA:48,0
DA:49,0
DA:52,0
DA:53,0
DA:59,0
DA:66,0
DA:67,0
DA:68,0
DA:82,0
DA:83,0
DA:84,0
DA:86,0
DA:87,0
DA:88,0
DA:90,0
DA:98,0
DA:99,0
DA:102,0
DA:105,0
LF:30
LH:0
BRDA:35,0,0,0
BRDA:35,0,1,0
BRDA:38,1,0,0
BRDA:38,1,1,0
BRDA:40,2,0,0
BRDA:40,2,1,0
BRDA:40,3,0,0
BRDA:40,3,1,0
BRDA:48,4,0,0
BRDA:48,4,1,0
BRDA:48,5,0,0
BRDA:48,5,1,0
BRDA:52,6,0,0
BRDA:52,6,1,0
BRDA:52,7,0,0
BRDA:52,7,1,0
BRDA:84,8,0,0
BRDA:84,8,1,0
BRDA:87,9,0,0
BRDA:87,9,1,0
BRDA:88,10,0,0
BRDA:88,10,1,0
BRDA:94,11,0,0
BRDA:94,11,1,0
BRDA:98,12,0,0
BRDA:98,12,1,0
BRF:26
BRH:0
end_of_record
TN:
SF:helpers\cpfCnpj.js
FN:10,digitsOnly
FN:19,isValidCpf
FN:45,isValidCnpj
FN:85,validateDocument
FN:101,formatCpf
FN:112,formatCnpj
FN:123,formatDocument
FNF:7
FNH:0
FNDA:0,digitsOnly
FNDA:0,isValidCpf
FNDA:0,isValidCnpj
FNDA:0,validateDocument
FNDA:0,formatCpf
FNDA:0,formatCnpj
FNDA:0,formatDocument
DA:11,0
DA:20,0
DA:21,0
DA:22,0
DA:24,0
DA:26,0
DA:27,0
DA:28,0
DA:29,0
DA:31,0
DA:32,0
DA:33,0
DA:34,0
DA:35,0
DA:37,0
DA:46,0
DA:47,0
DA:48,0
DA:50,0
DA:51,0
DA:52,0
DA:53,0
DA:54,0
DA:56,0
DA:57,0
DA:58,0
DA:61,0
DA:62,0
DA:64,0
DA:65,0
DA:66,0
DA:67,0
DA:69,0
DA:70,0
DA:71,0
DA:74,0
DA:75,0
DA:77,0
DA:86,0
DA:87,0
DA:88,0
DA:90,0
DA:91,0
DA:93,0
DA:102,0
DA:103,0
DA:104,0
DA:113,0
DA:114,0
DA:115,0
DA:124,0
DA:125,0
DA:126,0
DA:127,0
DA:130,0
LF:55
LH:0
BRDA:11,0,0,0
BRDA:11,0,1,0
BRDA:21,1,0,0
BRDA:21,1,1,0
BRDA:22,2,0,0
BRDA:22,2,1,0
BRDA:28,3,0,0
BRDA:28,3,1,0
BRDA:28,4,0,0
BRDA:28,4,1,0
BRDA:29,5,0,0
BRDA:29,5,1,0
BRDA:34,6,0,0
BRDA:34,6,1,0
BRDA:34,7,0,0
BRDA:34,7,1,0
BRDA:35,8,0,0
BRDA:35,8,1,0
BRDA:47,9,0,0
BRDA:47,9,1,0
BRDA:48,10,0,0
BRDA:48,10,1,0
BRDA:58,11,0,0
BRDA:58,11,1,0
BRDA:61,12,0,0
BRDA:61,12,1,0
BRDA:62,13,0,0
BRDA:62,13,1,0
BRDA:71,14,0,0
BRDA:71,14,1,0
BRDA:74,15,0,0
BRDA:74,15,1,0
BRDA:75,16,0,0
BRDA:75,16,1,0
BRDA:87,17,0,0
BRDA:87,17,1,0
BRDA:87,18,0,0
BRDA:87,18,1,0
BRDA:90,19,0,0
BRDA:90,19,1,0
BRDA:90,20,0,0
BRDA:90,20,1,0
BRDA:103,21,0,0
BRDA:103,21,1,0
BRDA:114,22,0,0
BRDA:114,22,1,0
BRDA:125,23,0,0
BRDA:125,23,1,0
BRDA:126,24,0,0
BRDA:126,24,1,0
BRF:50
BRH:0
end_of_record
TN:
SF:helpers\hash.js
FN:13,sha256
FN:23,docHash
FN:37,providerCacheKey
FNF:3
FNH:0
FNDA:0,sha256
FNDA:0,docHash
FNDA:0,providerCacheKey
DA:6,0
DA:14,0
DA:24,0
DA:38,0
DA:41,0
LF:5
LH:0
BRF:0
BRH:0
end_of_record
TN:
SF:helpers\logger.js
FN:17,log
FN:35,debug
FN:36,info
FN:37,warn
FN:38,error
FN:39,critical
FNF:6
FNH:0
FNDA:0,log
FNDA:0,debug
FNDA:0,info
FNDA:0,warn
FNDA:0,error
FNDA:0,critical
DA:9,0
DA:18,0
DA:26,0
DA:27,0
DA:28,0
DA:29,0
DA:31,0
DA:35,0
DA:36,0
DA:37,0
DA:38,0
DA:39,0
DA:41,0
LF:13
LH:0
BRDA:17,0,0,0
BRDA:26,1,0,0
BRDA:26,1,1,0
BRDA:26,2,0,0
BRDA:26,2,1,0
BRDA:28,3,0,0
BRDA:28,3,1,0
BRF:7
BRH:0
end_of_record
TN:
SF:helpers\pagination.js
FN:11,encodeCursor
FN:26,decodeCursor
FN:45,applyPagination
FN:68,buildPaginatedResponse
FNF:4
FNH:0
FNDA:0,encodeCursor
FNDA:0,decodeCursor
FNDA:0,applyPagination
FNDA:0,buildPaginatedResponse
DA:12,0
DA:13,0
DA:14,0
DA:18,0
DA:27,0
DA:28,0
DA:29,0
DA:31,0
DA:46,0
DA:47,0
DA:48,0
DA:50,0
DA:52,0
DA:53,0
DA:54,0
DA:55,0
DA:58,0
DA:69,0
DA:70,0
DA:71,0
DA:73,0
DA:74,0
DA:75,0
DA:76,0
DA:79,0
DA:90,0
LF:26
LH:0
BRDA:12,0,0,0
BRDA:12,0,1,0
BRDA:12,1,0,0
BRDA:12,1,1,0
BRDA:16,2,0,0
BRDA:16,2,1,0
BRDA:16,2,2,0
BRDA:27,3,0,0
BRDA:27,3,1,0
BRDA:45,4,0,0
BRDA:46,5,0,0
BRDA:46,5,1,0
BRDA:47,6,0,0
BRDA:47,6,1,0
BRDA:48,7,0,0
BRDA:48,7,1,0
BRDA:53,8,0,0
BRDA:53,8,1,0
BRDA:53,9,0,0
BRDA:53,9,1,0
BRDA:74,10,0,0
BRDA:74,10,1,0
BRDA:74,11,0,0
BRDA:74,11,1,0
BRF:24
BRH:0
end_of_record
TN:
SF:helpers\textNormalize.js
FN:6,normalizeText
FNF:1
FNH:0
FNDA:0,normalizeText
DA:7,0
DA:13,0
DA:14,0
DA:15,0
DA:18,0
LF:5
LH:0
BRDA:6,0,0,0
BRDA:6,1,0,0
BRDA:7,2,0,0
BRDA:7,2,1,0
BRDA:13,3,0,0
BRDA:13,3,1,0
BRDA:14,4,0,0
BRDA:14,4,1,0
BRF:8
BRH:0
end_of_record
TN:
SF:helpers\tribunalMap.js
FN:76,getEscavadorTribunais
FN:81,(anonymous_1)
FN:91,getJuditTribunais
FN:96,(anonymous_3)
FN:137,getDjenGeoMatch
FN:146,(anonymous_5)
FN:147,(anonymous_6)
FNF:7
FNH:0
FNDA:0,getEscavadorTribunais
FNDA:0,(anonymous_1)
FNDA:0,getJuditTribunais
FNDA:0,(anonymous_3)
FNDA:0,getDjenGeoMatch
FNDA:0,(anonymous_5)
FNDA:0,(anonymous_6)
DA:11,0
DA:41,0
DA:77,0
DA:78,0
DA:79,0
DA:80,0
DA:81,0
DA:83,0
DA:92,0
DA:93,0
DA:94,0
DA:95,0
DA:96,0
DA:98,0
DA:106,0
DA:138,0
DA:140,0
DA:141,0
DA:143,0
DA:144,0
DA:146,0
DA:147,0
DA:150,0
LF:23
LH:0
BRDA:77,0,0,0
BRDA:77,0,1,0
BRDA:81,1,0,0
BRDA:81,1,1,0
BRDA:92,2,0,0
BRDA:92,2,1,0
BRDA:96,3,0,0
BRDA:96,3,1,0
BRDA:138,4,0,0
BRDA:138,4,1,0
BRDA:138,5,0,0
BRDA:138,5,1,0
BRDA:138,5,2,0
BRDA:141,6,0,0
BRDA:141,6,1,0
BRDA:144,7,0,0
BRDA:144,7,1,0
BRF:17
BRH:0
end_of_record
